31.08.2025 - 18:05:50 - [TAB v5.2.5] Player placeholder %changeoutput_equals_input:{superior_island_size_format}_matcher:_ifmatch:--_else:{superior_island_size_format}% generated an error when setting for player AA9_Arad
31.08.2025 - 18:05:50 - java.lang.IllegalStateException: The provided uuid is not unique.
31.08.2025 - 18:05:50 - 	at com.google.common.base.Preconditions.checkState(Preconditions.java:512)
31.08.2025 - 18:05:50 - 	at SuperiorSkyblock2-2025.1.jar//com.bgsoftware.superiorskyblock.player.builder.SuperiorPlayerBuilderImpl.setUniqueId(SuperiorPlayerBuilderImpl.java:45)
31.08.2025 - 18:05:50 - 	at SuperiorSkyblock2-2025.1.jar//com.bgsoftware.superiorskyblock.core.factory.FactoriesManagerImpl.createPlayer(FactoriesManagerImpl.java:136)
31.08.2025 - 18:05:50 - 	at SuperiorSkyblock2-2025.1.jar//com.bgsoftware.superiorskyblock.player.PlayersManagerImpl.getSuperiorPlayer(PlayersManagerImpl.java:69)
31.08.2025 - 18:05:50 - 	at SuperiorSkyblock2-2025.1.jar//com.bgsoftware.superiorskyblock.player.PlayersManagerImpl.getSuperiorPlayer(PlayersManagerImpl.java:60)
31.08.2025 - 18:05:50 - 	at SuperiorSkyblock2-2025.1.jar//com.bgsoftware.superiorskyblock.player.PlayersManagerImpl.getSuperiorPlayer(PlayersManagerImpl.java:55)
31.08.2025 - 18:05:50 - 	at SuperiorSkyblock2-2025.1.jar//com.bgsoftware.superiorskyblock.service.placeholders.PlaceholdersServiceImpl.handlePluginPlaceholder(PlaceholdersServiceImpl.java:247)
31.08.2025 - 18:05:50 - 	at SuperiorSkyblock2-2025.1.jar//com.bgsoftware.superiorskyblock.external.placeholders.PlaceholdersProvider_PlaceholderAPI$EZPlaceholder.onRequest(PlaceholdersProvider_PlaceholderAPI.java:59)
31.08.2025 - 18:05:50 - 	at PlaceholderAPI-2.11.6.jar//me.clip.placeholderapi.replacer.CharsReplacer.apply(CharsReplacer.java:119)
31.08.2025 - 18:05:50 - 	at PlaceholderAPI-2.11.6.jar//me.clip.placeholderapi.PlaceholderAPI.setBracketPlaceholders(PlaceholderAPI.java:126)
31.08.2025 - 18:05:50 - 	at me.kaliber.expansions.changeoutput.ChangeOutputExpansion.onRequest(ChangeOutputExpansion.kt:41)
31.08.2025 - 18:05:50 - 	at PlaceholderAPI-2.11.6.jar//me.clip.placeholderapi.replacer.CharsReplacer.apply(CharsReplacer.java:119)
31.08.2025 - 18:05:50 - 	at PlaceholderAPI-2.11.6.jar//me.clip.placeholderapi.PlaceholderAPI.setPlaceholders(PlaceholderAPI.java:71)
31.08.2025 - 18:05:50 - 	at PlaceholderAPI-2.11.6.jar//me.clip.placeholderapi.PlaceholderAPI.setPlaceholders(PlaceholderAPI.java:99)
31.08.2025 - 18:05:50 - 	at TAB v5.2.5.jar//me.neznamy.tab.platforms.bukkit.platform.BukkitPlatform.lambda$registerUnknownPlaceholder$7(BukkitPlatform.java:259)
31.08.2025 - 18:05:50 - 	at TAB v5.2.5.jar//me.neznamy.tab.shared.placeholders.types.PlayerPlaceholderImpl.request(PlayerPlaceholderImpl.java:154)
31.08.2025 - 18:05:50 - 	at TAB v5.2.5.jar//me.neznamy.tab.shared.placeholders.types.PlayerPlaceholderImpl.getLastValue(PlayerPlaceholderImpl.java:132)
31.08.2025 - 18:05:50 - 	at TAB v5.2.5.jar//me.neznamy.tab.shared.placeholders.types.TabPlaceholder.set(TabPlaceholder.java:82)
31.08.2025 - 18:05:50 - 	at TAB v5.2.5.jar//me.neznamy.tab.shared.Property.update(Property.java:267)
31.08.2025 - 18:05:50 - 	at TAB v5.2.5.jar//me.neznamy.tab.shared.Property.analyze(Property.java:160)
31.08.2025 - 18:05:50 - 	at TAB v5.2.5.jar//me.neznamy.tab.shared.Property.<init>(Property.java:108)
31.08.2025 - 18:05:50 - 	at TAB v5.2.5.jar//me.neznamy.tab.shared.Property.<init>(Property.java:83)
31.08.2025 - 18:05:50 - 	at TAB v5.2.5.jar//me.neznamy.tab.shared.features.scoreboard.lines.StableDynamicLine.register(StableDynamicLine.java:45)
31.08.2025 - 18:05:50 - 	at TAB v5.2.5.jar//me.neznamy.tab.shared.features.scoreboard.ScoreboardImpl.addPlayer(ScoreboardImpl.java:160)
31.08.2025 - 18:05:50 - 	at TAB v5.2.5.jar//me.neznamy.tab.shared.features.scoreboard.ScoreboardManagerImpl.sendHighestScoreboard(ScoreboardManagerImpl.java:127)
31.08.2025 - 18:05:50 - 	at TAB v5.2.5.jar//me.neznamy.tab.shared.features.scoreboard.ScoreboardManagerImpl.setScoreboardVisible(ScoreboardManagerImpl.java:300)
31.08.2025 - 18:05:50 - 	at TAB v5.2.5.jar//me.neznamy.tab.shared.features.scoreboard.ScoreboardManagerImpl.onJoin(ScoreboardManagerImpl.java:107)
31.08.2025 - 18:05:50 - 	at TAB v5.2.5.jar//me.neznamy.tab.shared.FeatureManager.lambda$onJoin$3(FeatureManager.java:202)
31.08.2025 - 18:05:50 - 	at TAB v5.2.5.jar//me.neznamy.tab.shared.cpu.TimedCaughtTask.run(TimedCaughtTask.java:28)
31.08.2025 - 18:05:50 - 	at java.base/java.util.concurrent.Executors$RunnableAdapter.call(Executors.java:572)
31.08.2025 - 18:05:50 - 	at java.base/java.util.concurrent.FutureTask.run(FutureTask.java:317)
31.08.2025 - 18:05:50 - 	at java.base/java.util.concurrent.ScheduledThreadPoolExecutor$ScheduledFutureTask.run(ScheduledThreadPoolExecutor.java:304)
31.08.2025 - 18:05:50 - 	at java.base/java.util.concurrent.ThreadPoolExecutor.runWorker(ThreadPoolExecutor.java:1144)
31.08.2025 - 18:05:50 - 	at java.base/java.util.concurrent.ThreadPoolExecutor$Worker.run(ThreadPoolExecutor.java:642)
31.08.2025 - 18:05:50 - 	at java.base/java.lang.Thread.run(Thread.java:1583)
03.09.2025 - 15:56:53 - [TAB v5.2.5] Player placeholder %changeoutput_equals_input:{superior_island_size_format}_matcher:_ifmatch:--_else:{superior_island_size_format}% generated an error when setting for player _LordAqua_
03.09.2025 - 15:56:53 - java.lang.IllegalStateException: The provided uuid is not unique.
03.09.2025 - 15:56:53 - 	at com.google.common.base.Preconditions.checkState(Preconditions.java:512)
03.09.2025 - 15:56:53 - 	at SuperiorSkyblock2-2025.1.jar//com.bgsoftware.superiorskyblock.player.builder.SuperiorPlayerBuilderImpl.setUniqueId(SuperiorPlayerBuilderImpl.java:45)
03.09.2025 - 15:56:53 - 	at SuperiorSkyblock2-2025.1.jar//com.bgsoftware.superiorskyblock.core.factory.FactoriesManagerImpl.createPlayer(FactoriesManagerImpl.java:136)
03.09.2025 - 15:56:53 - 	at SuperiorSkyblock2-2025.1.jar//com.bgsoftware.superiorskyblock.player.PlayersManagerImpl.getSuperiorPlayer(PlayersManagerImpl.java:69)
03.09.2025 - 15:56:53 - 	at SuperiorSkyblock2-2025.1.jar//com.bgsoftware.superiorskyblock.player.PlayersManagerImpl.getSuperiorPlayer(PlayersManagerImpl.java:60)
03.09.2025 - 15:56:53 - 	at SuperiorSkyblock2-2025.1.jar//com.bgsoftware.superiorskyblock.player.PlayersManagerImpl.getSuperiorPlayer(PlayersManagerImpl.java:55)
03.09.2025 - 15:56:53 - 	at SuperiorSkyblock2-2025.1.jar//com.bgsoftware.superiorskyblock.service.placeholders.PlaceholdersServiceImpl.handlePluginPlaceholder(PlaceholdersServiceImpl.java:247)
03.09.2025 - 15:56:53 - 	at SuperiorSkyblock2-2025.1.jar//com.bgsoftware.superiorskyblock.external.placeholders.PlaceholdersProvider_PlaceholderAPI$EZPlaceholder.onRequest(PlaceholdersProvider_PlaceholderAPI.java:59)
03.09.2025 - 15:56:53 - 	at PlaceholderAPI-2.11.6.jar//me.clip.placeholderapi.replacer.CharsReplacer.apply(CharsReplacer.java:119)
03.09.2025 - 15:56:53 - 	at PlaceholderAPI-2.11.6.jar//me.clip.placeholderapi.PlaceholderAPI.setBracketPlaceholders(PlaceholderAPI.java:126)
03.09.2025 - 15:56:53 - 	at me.kaliber.expansions.changeoutput.ChangeOutputExpansion.onRequest(ChangeOutputExpansion.kt:41)
03.09.2025 - 15:56:53 - 	at PlaceholderAPI-2.11.6.jar//me.clip.placeholderapi.replacer.CharsReplacer.apply(CharsReplacer.java:119)
03.09.2025 - 15:56:53 - 	at PlaceholderAPI-2.11.6.jar//me.clip.placeholderapi.PlaceholderAPI.setPlaceholders(PlaceholderAPI.java:71)
03.09.2025 - 15:56:53 - 	at PlaceholderAPI-2.11.6.jar//me.clip.placeholderapi.PlaceholderAPI.setPlaceholders(PlaceholderAPI.java:99)
03.09.2025 - 15:56:53 - 	at TAB v5.2.5.jar//me.neznamy.tab.platforms.bukkit.platform.BukkitPlatform.lambda$registerUnknownPlaceholder$7(BukkitPlatform.java:259)
03.09.2025 - 15:56:53 - 	at TAB v5.2.5.jar//me.neznamy.tab.shared.placeholders.types.PlayerPlaceholderImpl.request(PlayerPlaceholderImpl.java:154)
03.09.2025 - 15:56:53 - 	at TAB v5.2.5.jar//me.neznamy.tab.shared.placeholders.types.PlayerPlaceholderImpl.getLastValue(PlayerPlaceholderImpl.java:132)
03.09.2025 - 15:56:53 - 	at TAB v5.2.5.jar//me.neznamy.tab.shared.placeholders.types.TabPlaceholder.set(TabPlaceholder.java:82)
03.09.2025 - 15:56:53 - 	at TAB v5.2.5.jar//me.neznamy.tab.shared.Property.update(Property.java:267)
03.09.2025 - 15:56:53 - 	at TAB v5.2.5.jar//me.neznamy.tab.shared.Property.analyze(Property.java:160)
03.09.2025 - 15:56:53 - 	at TAB v5.2.5.jar//me.neznamy.tab.shared.Property.<init>(Property.java:108)
03.09.2025 - 15:56:53 - 	at TAB v5.2.5.jar//me.neznamy.tab.shared.Property.<init>(Property.java:83)
03.09.2025 - 15:56:53 - 	at TAB v5.2.5.jar//me.neznamy.tab.shared.features.scoreboard.lines.StableDynamicLine.register(StableDynamicLine.java:45)
03.09.2025 - 15:56:53 - 	at TAB v5.2.5.jar//me.neznamy.tab.shared.features.scoreboard.ScoreboardImpl.addPlayer(ScoreboardImpl.java:160)
03.09.2025 - 15:56:53 - 	at TAB v5.2.5.jar//me.neznamy.tab.shared.features.scoreboard.ScoreboardManagerImpl.sendHighestScoreboard(ScoreboardManagerImpl.java:127)
03.09.2025 - 15:56:53 - 	at TAB v5.2.5.jar//me.neznamy.tab.shared.features.scoreboard.ScoreboardManagerImpl.setScoreboardVisible(ScoreboardManagerImpl.java:300)
03.09.2025 - 15:56:53 - 	at TAB v5.2.5.jar//me.neznamy.tab.shared.features.scoreboard.ScoreboardManagerImpl.onJoin(ScoreboardManagerImpl.java:107)
03.09.2025 - 15:56:53 - 	at TAB v5.2.5.jar//me.neznamy.tab.shared.FeatureManager.lambda$onJoin$3(FeatureManager.java:202)
03.09.2025 - 15:56:53 - 	at TAB v5.2.5.jar//me.neznamy.tab.shared.cpu.TimedCaughtTask.run(TimedCaughtTask.java:28)
03.09.2025 - 15:56:53 - 	at java.base/java.util.concurrent.Executors$RunnableAdapter.call(Executors.java:572)
03.09.2025 - 15:56:53 - 	at java.base/java.util.concurrent.FutureTask.run(FutureTask.java:317)
03.09.2025 - 15:56:53 - 	at java.base/java.util.concurrent.ScheduledThreadPoolExecutor$ScheduledFutureTask.run(ScheduledThreadPoolExecutor.java:304)
03.09.2025 - 15:56:53 - 	at java.base/java.util.concurrent.ThreadPoolExecutor.runWorker(ThreadPoolExecutor.java:1144)
03.09.2025 - 15:56:53 - 	at java.base/java.util.concurrent.ThreadPoolExecutor$Worker.run(ThreadPoolExecutor.java:642)
03.09.2025 - 15:56:53 - 	at java.base/java.lang.Thread.run(Thread.java:1583)
