01.09.2025 - 16:10:08 - [TAB v5.2.5] Player placeholder %gadgetsmenu_mystery_dust% generated an error when setting for player kasra007
01.09.2025 - 16:10:08 - java.lang.NullPointerException: Cannot invoke "me.clip.placeholderapi.PlaceholderAPIPlugin.getLocalExpansionManager()" because the return value of "me.clip.placeholderapi.PlaceholderAPIPlugin.getInstance()" is null
01.09.2025 - 16:10:08 - 	at PlaceholderAPI-2.11.6.jar//me.clip.placeholderapi.PlaceholderAPI.setPlaceholders(PlaceholderAPI.java:72)
01.09.2025 - 16:10:08 - 	at PlaceholderAPI-2.11.6.jar//me.clip.placeholderapi.PlaceholderAPI.setPlaceholders(PlaceholderAPI.java:99)
01.09.2025 - 16:10:08 - 	at TAB v5.2.5.jar//me.neznamy.tab.platforms.bukkit.platform.BukkitPlatform.lambda$registerUnknownPlaceholder$7(BukkitPlatform.java:259)
01.09.2025 - 16:10:08 - 	at TAB v5.2.5.jar//me.neznamy.tab.shared.placeholders.types.PlayerPlaceholderImpl.request(PlayerPlaceholderImpl.java:154)
01.09.2025 - 16:10:08 - 	at TAB v5.2.5.jar//me.neznamy.tab.shared.placeholders.PlaceholderRefreshTask.run(PlaceholderRefreshTask.java:59)
01.09.2025 - 16:10:08 - 	at TAB v5.2.5.jar//me.neznamy.tab.shared.features.PlaceholderManagerImpl.lambda$refresh$1(PlaceholderManagerImpl.java:91)
01.09.2025 - 16:10:08 - 	at TAB v5.2.5.jar//me.neznamy.tab.shared.cpu.TimedCaughtTask.run(TimedCaughtTask.java:28)
01.09.2025 - 16:10:08 - 	at java.base/java.util.concurrent.Executors$RunnableAdapter.call(Executors.java:539)
01.09.2025 - 16:10:08 - 	at java.base/java.util.concurrent.FutureTask.run(FutureTask.java:264)
01.09.2025 - 16:10:08 - 	at java.base/java.util.concurrent.ScheduledThreadPoolExecutor$ScheduledFutureTask.run(ScheduledThreadPoolExecutor.java:304)
01.09.2025 - 16:10:08 - 	at java.base/java.util.concurrent.ThreadPoolExecutor.runWorker(ThreadPoolExecutor.java:1136)
01.09.2025 - 16:10:08 - 	at java.base/java.util.concurrent.ThreadPoolExecutor$Worker.run(ThreadPoolExecutor.java:635)
01.09.2025 - 16:10:08 - 	at java.base/java.lang.Thread.run(Thread.java:833)
01.09.2025 - 16:10:08 - [TAB v5.2.5] Player placeholder %gadgetsmenu_mystery_boxes% generated an error when setting for player moz51
01.09.2025 - 16:10:08 - java.lang.NullPointerException: Cannot invoke "me.clip.placeholderapi.PlaceholderAPIPlugin.getLocalExpansionManager()" because the return value of "me.clip.placeholderapi.PlaceholderAPIPlugin.getInstance()" is null
01.09.2025 - 16:10:08 - 	at PlaceholderAPI-2.11.6.jar//me.clip.placeholderapi.PlaceholderAPI.setPlaceholders(PlaceholderAPI.java:72)
01.09.2025 - 16:10:08 - 	at PlaceholderAPI-2.11.6.jar//me.clip.placeholderapi.PlaceholderAPI.setPlaceholders(PlaceholderAPI.java:99)
01.09.2025 - 16:10:08 - 	at TAB v5.2.5.jar//me.neznamy.tab.platforms.bukkit.platform.BukkitPlatform.lambda$registerUnknownPlaceholder$7(BukkitPlatform.java:259)
01.09.2025 - 16:10:08 - 	at TAB v5.2.5.jar//me.neznamy.tab.shared.placeholders.types.PlayerPlaceholderImpl.request(PlayerPlaceholderImpl.java:154)
01.09.2025 - 16:10:08 - 	at TAB v5.2.5.jar//me.neznamy.tab.shared.placeholders.PlaceholderRefreshTask.run(PlaceholderRefreshTask.java:59)
01.09.2025 - 16:10:08 - 	at TAB v5.2.5.jar//me.neznamy.tab.shared.features.PlaceholderManagerImpl.lambda$refresh$1(PlaceholderManagerImpl.java:91)
01.09.2025 - 16:10:08 - 	at TAB v5.2.5.jar//me.neznamy.tab.shared.cpu.TimedCaughtTask.run(TimedCaughtTask.java:28)
01.09.2025 - 16:10:08 - 	at java.base/java.util.concurrent.Executors$RunnableAdapter.call(Executors.java:539)
01.09.2025 - 16:10:08 - 	at java.base/java.util.concurrent.FutureTask.run(FutureTask.java:264)
01.09.2025 - 16:10:08 - 	at java.base/java.util.concurrent.ScheduledThreadPoolExecutor$ScheduledFutureTask.run(ScheduledThreadPoolExecutor.java:304)
01.09.2025 - 16:10:08 - 	at java.base/java.util.concurrent.ThreadPoolExecutor.runWorker(ThreadPoolExecutor.java:1136)
01.09.2025 - 16:10:08 - 	at java.base/java.util.concurrent.ThreadPoolExecutor$Worker.run(ThreadPoolExecutor.java:635)
01.09.2025 - 16:10:08 - 	at java.base/java.lang.Thread.run(Thread.java:833)
01.09.2025 - 16:10:08 - [TAB v5.2.5] Player placeholder %gadgetsmenu_mystery_boxes% generated an error when setting for player kasra007
01.09.2025 - 16:10:08 - java.lang.NullPointerException: Cannot invoke "me.clip.placeholderapi.PlaceholderAPIPlugin.getLocalExpansionManager()" because the return value of "me.clip.placeholderapi.PlaceholderAPIPlugin.getInstance()" is null
01.09.2025 - 16:10:08 - 	at PlaceholderAPI-2.11.6.jar//me.clip.placeholderapi.PlaceholderAPI.setPlaceholders(PlaceholderAPI.java:72)
01.09.2025 - 16:10:08 - 	at PlaceholderAPI-2.11.6.jar//me.clip.placeholderapi.PlaceholderAPI.setPlaceholders(PlaceholderAPI.java:99)
01.09.2025 - 16:10:08 - 	at TAB v5.2.5.jar//me.neznamy.tab.platforms.bukkit.platform.BukkitPlatform.lambda$registerUnknownPlaceholder$7(BukkitPlatform.java:259)
01.09.2025 - 16:10:08 - 	at TAB v5.2.5.jar//me.neznamy.tab.shared.placeholders.types.PlayerPlaceholderImpl.request(PlayerPlaceholderImpl.java:154)
01.09.2025 - 16:10:08 - 	at TAB v5.2.5.jar//me.neznamy.tab.shared.placeholders.PlaceholderRefreshTask.run(PlaceholderRefreshTask.java:59)
01.09.2025 - 16:10:08 - 	at TAB v5.2.5.jar//me.neznamy.tab.shared.features.PlaceholderManagerImpl.lambda$refresh$1(PlaceholderManagerImpl.java:91)
01.09.2025 - 16:10:08 - 	at TAB v5.2.5.jar//me.neznamy.tab.shared.cpu.TimedCaughtTask.run(TimedCaughtTask.java:28)
01.09.2025 - 16:10:08 - 	at java.base/java.util.concurrent.Executors$RunnableAdapter.call(Executors.java:539)
01.09.2025 - 16:10:08 - 	at java.base/java.util.concurrent.FutureTask.run(FutureTask.java:264)
01.09.2025 - 16:10:08 - 	at java.base/java.util.concurrent.ScheduledThreadPoolExecutor$ScheduledFutureTask.run(ScheduledThreadPoolExecutor.java:304)
01.09.2025 - 16:10:08 - 	at java.base/java.util.concurrent.ThreadPoolExecutor.runWorker(ThreadPoolExecutor.java:1136)
01.09.2025 - 16:10:08 - 	at java.base/java.util.concurrent.ThreadPoolExecutor$Worker.run(ThreadPoolExecutor.java:635)
01.09.2025 - 16:10:08 - 	at java.base/java.lang.Thread.run(Thread.java:833)
