11.08.2025 - 22:26:48 - [TAB v5.2.5] Blocked attempt to add player hosseinansari into team PVP-a3a42362cad0 (expected team: 6hosseinansariA)
11.08.2025 - 23:52:52 - [TAB v5.2.5] Blocked attempt to add player hosseinansari into team PVP-a3a42362cad0 (expected team: 6hosseinansariA)
19.08.2025 - 21:58:41 - [TAB v5.2.5] Blocked attempt to add player mahdimzl into team PVP-079a87d01e16 (expected team: 6mahdimzlA)
25.08.2025 - 22:38:31 - [TAB v5.2.5] Blocked attempt to add player mahdimzl into team PVP-079a87d01e16 (expected team: 6mahdimzlA)
25.08.2025 - 22:38:31 - [TAB v5.2.5] Blocked attempt to add player Texr into team PVP-c525bb557e2a (expected team: 7TexrA)
25.08.2025 - 22:39:06 - [TAB v5.2.5] Blocked attempt to add player mahdimzl into team PVP-079a87d01e16 (expected team: 6mahdimzlA)
25.08.2025 - 22:39:06 - [TAB v5.2.5] Blocked attempt to add player Texr into team PVP-c525bb557e2a (expected team: 7TexrA)
25.08.2025 - 22:41:00 - [TAB v5.2.5] Blocked attempt to add player mahdimzl into team PVP-079a87d01e16 (expected team: 6mahdimzlA)
25.08.2025 - 22:41:00 - [TAB v5.2.5] Blocked attempt to add player Texr into team PVP-c525bb557e2a (expected team: 7TexrA)
25.08.2025 - 22:41:22 - [TAB v5.2.5] Blocked attempt to add player mahdimzl into team PVP-079a87d01e16 (expected team: 6mahdimzlA)
25.08.2025 - 22:41:59 - [TAB v5.2.5] Blocked attempt to add player Texr into team PVP-c525bb557e2a (expected team: 7TexrA)
25.08.2025 - 22:42:11 - [TAB v5.2.5] Blocked attempt to add player mahdimzl into team PVP-079a87d01e16 (expected team: 6mahdimzlA)
25.08.2025 - 22:42:11 - [TAB v5.2.5] Blocked attempt to add player Texr into team PVP-c525bb557e2a (expected team: 7TexrA)
25.08.2025 - 22:42:59 - [TAB v5.2.5] Blocked attempt to add player mahdimzl into team PVP-079a87d01e16 (expected team: 6mahdimzlA)
25.08.2025 - 22:42:59 - [TAB v5.2.5] Blocked attempt to add player Texr into team PVP-c525bb557e2a (expected team: 7TexrA)
25.08.2025 - 22:43:47 - [TAB v5.2.5] Blocked attempt to add player mahdimzl into team PVP-079a87d01e16 (expected team: 6mahdimzlA)
25.08.2025 - 22:43:47 - [TAB v5.2.5] Blocked attempt to add player Texr into team PVP-c525bb557e2a (expected team: 7TexrA)
25.08.2025 - 22:45:00 - [TAB v5.2.5] Blocked attempt to add player mahdimzl into team PVP-079a87d01e16 (expected team: 6mahdimzlA)
25.08.2025 - 22:45:00 - [TAB v5.2.5] Blocked attempt to add player Texr into team PVP-c525bb557e2a (expected team: 7TexrA)
25.08.2025 - 22:45:52 - [TAB v5.2.5] Blocked attempt to add player kasraILOLI into team PVP-7c07f034b1d8 (expected team: 6kasraILOLIA)
25.08.2025 - 22:45:52 - [TAB v5.2.5] Blocked attempt to add player mahdimzl into team PVP-079a87d01e16 (expected team: 6mahdimzlA)
29.08.2025 - 18:59:51 - [TAB v5.2.5] Blocked attempt to add player mahdimzl into team PVP-079a87d01e16 (expected team: 6mahdimzlA)
29.08.2025 - 18:59:51 - [TAB v5.2.5] Blocked attempt to add player kasraILOLI into team PVP-7c07f034b1d8 (expected team: 6kasraILOLIA)
29.08.2025 - 20:55:21 - [TAB v5.2.5] Blocked attempt to add player aryan9595 into team PVP-1d3a84fda8ec (expected team: 6aryan9595A)
29.08.2025 - 20:55:21 - [TAB v5.2.5] Blocked attempt to add player Mester_Arya into team PVP-96614c23bd21 (expected team: 6Mester_AryaA)
29.08.2025 - 21:15:23 - [TAB v5.2.5] Blocked attempt to add player aryan9595 into team PVP-1d3a84fda8ec (expected team: 6aryan9595A)
29.08.2025 - 21:15:23 - [TAB v5.2.5] Blocked attempt to add player Mester_Arya into team PVP-96614c23bd21 (expected team: 6Mester_AryaA)
29.08.2025 - 22:56:07 - [TAB v5.2.5] Blocked attempt to add player hosseinansari into team PVP-a3a42362cad0 (expected team: 6hosseinansariA)
29.08.2025 - 23:36:16 - [TAB v5.2.5] Blocked attempt to add player RichPlant into team PVP-3e43c67bbd73 (expected team: 6RichPlantA)
29.08.2025 - 23:45:01 - [TAB v5.2.5] Blocked attempt to add player hosseinansari into team PVP-a3a42362cad0 (expected team: 6hosseinansariA)
30.08.2025 - 14:11:42 - [TAB v5.2.5] Blocked attempt to add player Mester_Arya into team PVP-96614c23bd21 (expected team: 6Mester_AryaA)
30.08.2025 - 14:11:42 - [TAB v5.2.5] Blocked attempt to add player aryan9595 into team PVP-1d3a84fda8ec (expected team: 6aryan9595A)
30.08.2025 - 14:18:05 - [TAB v5.2.5] Blocked attempt to add player Mester_Arya into team PVP-96614c23bd21 (expected team: 6Mester_AryaA)
30.08.2025 - 14:32:59 - [TAB v5.2.5] Blocked attempt to add player aryan9595 into team PVP-1d3a84fda8ec (expected team: 6aryan9595A)
30.08.2025 - 14:32:59 - [TAB v5.2.5] Blocked attempt to add player Mester_Arya into team PVP-96614c23bd21 (expected team: 6Mester_AryaA)
31.08.2025 - 12:30:39 - [TAB v5.2.5] Blocked attempt to add player _Spooder_Killer_ into team PVP-fdf81e6ef973 (expected team: 6_Spooder_KilleA)
31.08.2025 - 12:30:39 - [TAB v5.2.5] Blocked attempt to add player kasra007 into team PVP-83a64729d9d3 (expected team: 6kasra007A)
