[00:44:44] [Server thread/INFO]: Stopping the server
[00:44:44] [Server thread/INFO]: Stopping server
[00:44:44] [Server thread/INFO]: [AuroraQuests] Disabling AuroraQuests v2.0.1
[00:44:44] [Server thread/INFO]: AuroraQuests | Shutting down scheduler...
[00:44:44] [Server thread/INFO]: [org.quartz.core.QuartzScheduler] Scheduler DefaultQuartzScheduler_$_NON_CLUSTERED shutting down.
[00:44:44] [Server thread/INFO]: [org.quartz.core.QuartzScheduler] Scheduler DefaultQuartzScheduler_$_NON_CLUSTERED paused.
[00:44:44] [Server thread/INFO]: [org.quartz.core.QuartzScheduler] Scheduler DefaultQuartzScheduler_$_NON_CLUSTERED shutdown complete.
[00:44:44] [Server thread/INFO]: [ChestShop] Disabling ChestShop v3.12.2 (build 353)
[00:44:44] [Server thread/INFO]: [ClearLag] Disabling ClearLag v3.2.2
[00:44:44] [Server thread/INFO]: [ClearLag] Clearlag is now disabled!
[00:44:45] [Server thread/INFO]: [CommandPanels] Disabling CommandPanels v3.23.3
[00:44:45] [Server thread/INFO]: RockyHawk's CommandPanels Plugin Disabled, aww man.
[00:44:45] [Server thread/INFO]: [CrazyEnchantments] Disabling CrazyEnchantments v2.3.1
[00:44:45] [Server thread/INFO]: [EssentialsSpawn] Disabling EssentialsSpawn v2.21.1
[00:44:45] [Server thread/INFO]: [GangsPlus] Disabling GangsPlus v2.37.0
[00:44:45] [Server thread/INFO]: [ItemJoin] Disabling ItemJoin v6.0.7-RELEASE-b995
[00:44:48] [Server thread/INFO]: [JetsMinions] Disabling JetsMinions v7.11.9
[00:44:48] [Server thread/INFO]: [NexusAuctionHouse] Disabling NexusAuctionHouse v2.2.1
[00:44:48] [Server thread/INFO]: [NightVisionPlus] Disabling NightVisionPlus v2.3.0
[00:44:48] [Server thread/INFO]: [PlayerKits2] Disabling PlayerKits2 v1.18.4
[00:44:48] [Server thread/INFO]: [PlayerKits²] Has been disabled! Version: 1.18.4
[00:44:48] [Server thread/INFO]: [PvPManager] Disabling PvPManager v3.19.10
[00:44:48] [Server thread/INFO]: [PvPManager] Saving player data to storage...
[00:44:48] [Server thread/INFO]: [PvPManager] Closed SQLITE storage
[00:44:48] [Server thread/INFO]: [Sellwand] Disabling Sellwand v1.7.6
[00:44:48] [Server thread/INFO]: [SimpleWhitelist] Disabling simplewhitelist v1.0.0
[00:44:48] [Server thread/INFO]: [spark] Disabling spark v1.10.119
[00:44:48] [Server thread/INFO]: [UnitedClans] Disabling UnitedClans v1.2.0
[00:44:48] [Server thread/INFO]: [UnitedClans] UnitedClans is disabled
[00:44:48] [Server thread/INFO]: [Vulcan] Disabling Vulcan v2.9.7.2
[00:44:48] [Server thread/INFO]: [Aurora] Disabling Aurora v2.3.4
[00:44:48] [Server thread/INFO]: [gg.auroramc.aurora.libs.hikari.HikariDataSource] aurora-leaderboard-pool - Shutdown initiated...
[00:44:48] [Server thread/INFO]: [gg.auroramc.aurora.libs.hikari.HikariDataSource] aurora-leaderboard-pool - Shutdown completed.
[00:44:48] [Server thread/INFO]: [ZNPCsPlus] Disabling ZNPCsPlus v2.0.0
[00:44:48] [Server thread/INFO]: [AuraSkills] Disabling AuraSkills v2.3.5
[00:44:49] [Server thread/INFO]: [Multiverse-Core] Disabling Multiverse-Core v5.0.2
[00:44:49] [Server thread/INFO]: [SynkLibs] Disabling SynkLibs v1.8.3
[00:44:49] [Server thread/INFO]: [TAB] Disabling TAB v5.2.5
[00:44:49] [Server thread/INFO]: [TAB] Disabled in 3ms
[00:44:49] [Server thread/INFO]: [ShopGUIPlus] Disabling ShopGUIPlus v1.98.0
[00:44:49] [Server thread/INFO]: [GSit] Disabling GSit v2.4.3
[00:44:49] [Server thread/INFO]: [WorldGuard] Unregistering session handler dev.geco.gsit.link.worldguard.RegionFlagHandler
[00:44:49] [Server thread/INFO]: [GSit] The plugin was successfully disabled.
[00:44:49] [Server thread/INFO]: [packetevents] Disabling packetevents v2.9.5
[00:44:49] [Server thread/INFO]: [Essentials] Disabling Essentials v2.21.1
[00:44:49] [Server thread/INFO]: [Vault] [Economy] Essentials Economy unhooked.
[00:44:49] [Server thread/INFO]: [DecentHolograms] Disabling DecentHolograms v2.9.6
[00:44:49] [Server thread/INFO]: [SuperiorSkyblock2] Disabling SuperiorSkyblock2 v2025.1
[00:44:50] [Server thread/INFO]: [SuperiorSkyblock2] Disabling the module bank...
[00:44:50] [Server thread/INFO]: [SuperiorSkyblock2] Disabling the module missions...
[00:44:50] [Server thread/INFO]: [SuperiorSkyblock2] Disabling the module generators...
[00:44:50] [Server thread/INFO]: [SuperiorSkyblock2] Disabling the module upgrades...
[00:44:50] [Server thread/INFO]: [SuperiorSkyblock2] Shutting down stats client...
[00:44:50] [Server thread/INFO]: [SuperiorSkyblock2] Shutting down calculation task...
[00:44:50] [Server thread/INFO]: [SuperiorSkyblock2] Shutting down executor
[00:44:50] [Server thread/INFO]: [SuperiorSkyblock2] Shutting down database executor
[00:44:50] [Server thread/INFO]: [SuperiorSkyblock2] Closing database. This may hang the server. Do not shut it down, or data may get lost.
[00:44:50] [Server thread/INFO]: [com.bgsoftware.superiorskyblock.libs.com.zaxxer.hikari.HikariDataSource] SuperiorSkyblock Pool - Shutdown initiated...
[00:44:51] [Server thread/INFO]: [com.bgsoftware.superiorskyblock.libs.com.zaxxer.hikari.HikariDataSource] SuperiorSkyblock Pool - Shutdown completed.
[00:44:51] [Server thread/INFO]: [WorldGuard] Disabling WorldGuard v7.0.10+d9424b1
[00:44:51] [Server thread/INFO]: [WorldGuard] Shutting down executor and cancelling any pending tasks...
[00:44:51] [Server thread/INFO]: [PlaceholderAPI] Disabling PlaceholderAPI v2.11.6
[00:44:51] [Server thread/INFO]: [WildStacker] Disabling WildStacker v2025.1-b144
[00:44:51] [Server thread/INFO]: [WildStacker] Cancelling tasks...
[00:44:51] [Server thread/INFO]: [WildStacker] Shutting down stacking service...
[00:44:51] [Server thread/INFO]: [WildStacker] Performing entity&items save
[00:44:51] [Server thread/INFO]: [WildStacker] Shutting down database executor
[00:44:51] [Server thread/INFO]: [WildStacker] Clearing database...
[00:44:51] [Server thread/INFO]: [WildStacker] Stopping executor...
[00:44:51] [Server thread/INFO]: [WorldEdit] Disabling WorldEdit v7.3.9+6959-7adf70b
[00:44:51] [Server thread/INFO]: Unregistering com.sk89q.worldedit.bukkit.BukkitServerInterface from WorldEdit
[00:44:51] [Server thread/INFO]: [Vault] Disabling Vault v1.7.3-b131
[00:44:51] [Server thread/INFO]: [LuckPerms] Disabling LuckPerms v5.5.0
[00:44:51] [Server thread/INFO]: [LuckPerms] Starting shutdown process...
[00:44:51] [Server thread/INFO]: [LuckPerms] Closing messaging service...
[00:44:51] [Server thread/INFO]: [LuckPerms] Closing storage...
[00:44:51] [Server thread/INFO]: [me.lucko.luckperms.lib.hikari.HikariDataSource] luckperms-hikari - Shutdown initiated...
[00:44:51] [Server thread/INFO]: [me.lucko.luckperms.lib.hikari.HikariDataSource] luckperms-hikari - Shutdown completed.
[00:44:51] [Server thread/INFO]: [LuckPerms] Goodbye!
[00:44:51] [Server thread/INFO]: Saving players
[00:44:51] [Server thread/INFO]: Saving worlds
[00:44:51] [Server thread/INFO]: Saving chunks for level 'ServerLevel[world]'/minecraft:overworld
[00:44:51] [Server thread/INFO]: [ChunkHolderManager] Waiting 60s for chunk system to halt for world 'world'
[00:44:51] [Server thread/INFO]: [ChunkHolderManager] Halted chunk system for world 'world'
[00:44:51] [Server thread/INFO]: [ChunkHolderManager] Saving all chunkholders for world 'world'
[00:44:51] [Server thread/INFO]: [ChunkHolderManager] Saved 0 block chunks, 0 entity chunks, 0 poi chunks in world 'world' in 0.02s
[00:44:51] [Server thread/INFO]: ThreadedAnvilChunkStorage (world): All chunks are saved
[00:44:51] [Server thread/INFO]: Saving chunks for level 'ServerLevel[world_nether]'/minecraft:the_nether
[00:44:51] [Server thread/INFO]: [ChunkHolderManager] Waiting 60s for chunk system to halt for world 'world_nether'
[00:44:51] [Server thread/INFO]: [ChunkHolderManager] Halted chunk system for world 'world_nether'
[00:44:51] [Server thread/INFO]: [ChunkHolderManager] Saving all chunkholders for world 'world_nether'
[00:44:51] [Server thread/INFO]: [ChunkHolderManager] Saved 0 block chunks, 0 entity chunks, 0 poi chunks in world 'world_nether' in 0.02s
[00:44:51] [Server thread/INFO]: ThreadedAnvilChunkStorage (DIM-1): All chunks are saved
[00:44:51] [Server thread/INFO]: Saving chunks for level 'ServerLevel[world_the_end]'/minecraft:the_end
[00:44:51] [Server thread/INFO]: [ChunkHolderManager] Waiting 60s for chunk system to halt for world 'world_the_end'
[00:44:51] [Server thread/INFO]: [ChunkHolderManager] Halted chunk system for world 'world_the_end'
[00:44:51] [Server thread/INFO]: [ChunkHolderManager] Saving all chunkholders for world 'world_the_end'
[00:44:51] [Server thread/INFO]: [ChunkHolderManager] Saved 0 block chunks, 10 entity chunks, 0 poi chunks in world 'world_the_end' in 0.02s
[00:44:51] [Server thread/INFO]: ThreadedAnvilChunkStorage (DIM1): All chunks are saved
[00:44:51] [Server thread/INFO]: Saving chunks for level 'ServerLevel[SuperiorWorld]'/minecraft:superiorworld
[00:44:51] [Server thread/INFO]: [ChunkHolderManager] Waiting 60s for chunk system to halt for world 'SuperiorWorld'
[00:44:51] [Server thread/INFO]: [ChunkHolderManager] Halted chunk system for world 'SuperiorWorld'
[00:44:51] [Server thread/INFO]: [ChunkHolderManager] Saving all chunkholders for world 'SuperiorWorld'
[00:44:51] [Server thread/INFO]: [ChunkHolderManager] Saved 0 block chunks, 0 entity chunks, 0 poi chunks in world 'SuperiorWorld' in 0.01s
[00:44:51] [Server thread/INFO]: ThreadedAnvilChunkStorage (SuperiorWorld): All chunks are saved
[00:44:51] [Server thread/INFO]: ThreadedAnvilChunkStorage: All dimensions are saved
[00:44:51] [Server thread/INFO]: Flushing Chunk IO
[00:44:51] [Server thread/INFO]: Closing Thread Pool
[00:44:51] [Server thread/INFO]: Closing Server
