00:17 Killo_oMaster placed suspicious WATER_BUCKET @ wild: x155, z451
00:17 Killo_oMaster placed suspicious WATER_BUCKET @ wild: x155, z463
00:17 Killo_oMaster placed suspicious WATER_BUCKET @ wild: x171, z451
00:17 Killo_oMaster placed suspicious WATER_BUCKET @ wild: x171, z463
00:18 Killo_oMaster placed suspicious WATER_BUCKET @ wild: x155, z457
00:19 Killo_oMaster placed suspicious WATER_BUCKET @ wild: x163, z450
00:19 Killo_oMaster placed suspicious WATER_BUCKET @ wild: x163, z464
12:11 mahdimzl  : s
12:11 kasraILOLI: ads
12:26 kasra007  : @RichPlant okaye?
12:26 RichPlant : are
12:26 RichPlant : damet ham garm
12:34 mamad123MM: bebakhshid nabodam
12:34 kasra007  : fada sart
12:35 mamad123MM: (:
12:36 kasra007  : ./kit
12:36 mamad123MM: kasra007
12:37 mamad123MM: shop server ko rank bekharam
12:37 kasra007  : flan rank nemifroshim rank copper kitesh free shde ta 3 rooz dige
12:37 RichPlant : send to many packets
12:37 mahdimzl  : send to meni paket
12:38 mamad123MM: kasra007
12:38 RichPlant : sending too many packets :(
12:38 mamad123MM: owener claim inja toii
12:38 mamad123MM: pashmam
12:38 mamad123MM: pol dari bedi
12:38 hosseinansari: sending too many packets
12:39 mamad123MM   : kasra007
12:39 kasra007     : bale?
12:39 mamad123MM   : kasra007 mishe az dostat bekhay yekam pol bedan
12:39 kasra007     : chegar mikhai?
12:39 mamad123MM   : harchegar mishe
12:39 mamad123MM   : 5k ham base ya kamtar
12:39 amiro_046    : link meet bdin
12:40 mamad123MM   : Ty mahdimzl your the best
12:40 kasra007     : team speak hastim
12:40 mahdimzl     : /msg kasra007 tps kame 
12:41 RichPlant    :  placed a sign @ wild: x-29, z925
  [private]
  RichPlant
12:41 RichPlant    :  placed a sign @ wild: x-29, z925
  [private]
  RichPlant
12:41 RichPlant    :  placed a sign @ wild: x-29, z926
  [private]
  RichPlant
12:41 RichPlant    :  placed a sign @ wild: x-29, z926
  [private]
  RichPlant
12:41 RichPlant    :  placed a sign @ wild: x-30, z926
  [More Users]
  [Redstone]
12:42 hosseinansari: bekhabid
12:42 mamad123MM   : kasra007
12:43 mamad123MM   : kasra007 site zadin bego diamond mikham ok
12:43 kasra007     : dadash hale
12:43 RichPlant    : BEKHABIDDD
12:43 hosseinansari: 50222913282594057
12:44 amiro_046    : mahdimzl
12:44 kasra007     : bia ro sarm
12:44 mahdimzl     : ?
12:44 amiro_046    : mahdimzl chejori bram set homam :|?
12:44 kasra007     : bia
12:44 kasra007     : bia brim mine
12:44 mahdimzl     : -/home
12:44 amiro_046    : hal
12:46 mamad123MM   : wtf
12:46 kasra007     : beshin
12:46 mamad123MM   : na bug mishe
12:46 mamad123MM   : miam
12:47 RichPlant    :  placed a sign @ wild: x-29, z926
  [Private]
  RichPlant
12:47 RichPlant    :  placed a sign @ wild: x-29, z926
  [private]
  RichPlant
12:47 RichPlant    :  placed a sign @ wild: x-29, z926
  [Private]
  RichPlant
12:47 moz51        : salam
12:47 RichPlant    :  placed a sign @ wild: x-29, z925
  [Private]
  RichPlant
12:47 mhmgamer13   : hi
12:47 RichPlant    :  placed a sign @ wild: x-29, z926
  [Private]
  RichPlant
12:47 kasra007     : hi
12:50 mamad123MM   : hosseinansari
12:50 mamad123MM   : to khonam gir kardi
12:50 AMiRGAMA     : mahdimzl
12:50 RichPlant    : Home
12:51 mamad123MM   : sry
12:51 kasra007     : @mamad123MM item haye hosseino bede
12:51 kasra007     : ./kit copper ro begirid
12:51 mamad123MM   : havasam nabod
12:51 mamad123MM   : @kasra007 dadam
12:52 amiro_046    : kit copper chie ? Man ndarm
12:52 kasra007     : bbin to 3 rooz diege rank kit copper free
12:53 AMiRGAMA     : mahdimzl
12:53 amiro_046    : mahdimzl ba silck tuch mishe sp kand?
12:53 kasra007     : faln na
12:53 RichPlant    : ba perm
12:53 mamad123MM   : hosseinansari lootat
12:54 mamad123MM   : mhmgamer13 pvp mikoni run nade
12:54 N1GHT5HAD3   : mamad123MM itematon ghaviye
12:54 mamad123MM   : hosseinansari bebakhshid lootato natonestam az ona begiram
12:55 hosseinansari: damet garm
12:55 mamad123MM   : claim komn
12:55 Hog_Matin    : te
12:55 RichPlant    : spawner
12:55 mamad123MM   : kasra007 miai komak 2v1
12:55 kasra007     : dadash fight nade
12:55 mamad123MM   : bara loot hosseinansari
12:56 mamad123MM   : mahdimzl
12:56 kasra007     : baba nkon
12:56 mamad123MM   : inaro bezanim
12:56 amiro_046    : /msg mahdimzl chera spwaner hichi spawn nmikone ;| 
12:56 kasra007     : iron var dar
12:56 Hog_Matin    : kasra007 Streametam
12:56 amiro_046    : a
12:56 RichPlant    : [item[
12:56 RichPlant    : [item]
12:57 mahdimzl     : @Foroughi
12:57 amiro_046    : [item]
12:57 amiro_046    : e
12:57 mahdimzl     : @Foroughi noobi
12:57 mamad123MM   : mahdimzl
12:57 mamad123MM   : mahdimzl nazan
12:57 mamad123MM   : mahdimzl nazan khodiam
12:57 kasra007     : /msg _AMG_1391_ team speak dari? 
12:57 mahdimzl     : ok
12:57 hosseinansari: @Foroughi noobi
12:57 mamad123MM   : mahdimzl
12:57 Foroughi     : یکی جلوی خونه ام جنده خونه ساخته کمکککک
12:57 mamad123MM   : mahdimzl khodiam
12:57 mamad123MM   : kasra007
12:57 Hog_Matin    : kasra007 Streametam
12:57 amiro_046    : [item]
12:58 mamad123MM placed suspicious WATER_BUCKET @ wild: x-64, z1327
12:58 amiro_046    : /msg mahdimzl chera spwaner hichi spawn nmikone ;| 
12:58 RichPlant    : spawner 2
12:58 kasra007     : /msg _AMG_1391_ bia 
12:58 Hog_Matin    : falling ree nadare?
12:58 mamad123MM   : mahdimzl helppppppppppp
12:58 amiro_046    : alo
12:58 mahdimzl     : ?
12:58 Foroughi     : /msg tps chande? 
12:58 Foroughi     : /msg 
12:58 Foroughi     : /msg mahdimzl tps chande? 
12:59 mahdimzl     : /msg Foroughi 19 
12:59 mahdimzl     : /msg Foroughi 20 
12:59 Foroughi     : /msg mahdimzl ro linuxe? 
12:59 mahdimzl     : /msg Foroughi na 
12:59 mahdimzl     : Foroughi /kit
12:59 Hog_Matin    : kesi spruce Salil ng dare?
13:00 mahdimzl     : /msg kasra007 doMobSpawning 
13:01 mamad123MM   : 3v1 kardan mano kasra007
13:01 RichPlant    : mamad123MM /pvp off
13:01 RichPlant    : mage majboori
13:01 kasra007     : XD
13:01 mamad123MM   : baba
13:02 kasra007     : be mahdi bego
13:02 mamad123MM   : bara hosseinansari lootasho omadam begiram bad 2nafar dige omadan l:
13:02 RichPlant    : itema ro zamin boodan
13:02 RichPlant    : albate alan dige hazf shodan
13:02 mahdimzl     : @Foroughi trust
13:02 mamad123MM   : itemam dast mhmgamer13 hast
13:02 Hog_Matin    : in god we trust
13:03 kasra007     : dadash biad pvp to off mikardi kill shodi dige
13:03 mamad123MM   : off bod
13:03 RichPlant    : alan off kardi
13:03 RichPlant    : oon moghe off nabood
13:04 Hog_Matin    : Pls accept
13:04 Hog_Matin    : tnx
13:04 Hog_Matin    : mahdimzl permission/nv bede
13:04 Foroughi     : به چند تا برده ترجیحا سیاه پوست برای کار در خونه نیاز دارم، به جاش جا و نون میدم
13:04 RichPlant    : mage vase mazrae panbe nemibaran?
13:04 mahdimzl     : تنها سیاه پوست سرور منم
13:05 Foroughi     : شلاق هم میزنم یادم رفت بگم
13:05 Foroughi     : =))
13:06 Hog_Matin    : wait
13:06 Foroughi     : مهدی این بلاک نمیشه کند
13:06 kasra007     : ./pvp
13:07 mahdimzl     : ping bade
13:07 N1GHT5HAD3   : kasra007 bezanesh
13:07 Hog_Matin    : XD farar kardam
13:07 Hog_Matin    : gui
13:07 mahdimzl     : hal shod ?
13:07 kasra007     : pvp ro khomosh kon
13:08 N1GHT5HAD3   : komak kon bokoshimesh
13:09 kasra007     : داداش
13:09 kasra007     : ./pvp بزن
13:09 N1GHT5HAD3   : kasra007 khob biya bezanimesh 2 taiii
13:09 kasra007     : nadadah
13:10 Hog_Matin placed suspicious WATER_BUCKET @ wild: x-714, z-265
13:10 N1GHT5HAD3   : /msg mhmgamer13 https://meet.google.com/ipx-ammh-tuj 
13:11 Hog_Matin    : mahdimzl developer mikhay mashti?
13:11 Hog_Matin    : No money
13:11 kasra007     : chie?
13:11 mahdimzl     : mamnoon
13:12 mahdimzl     : felan na
13:12 kasra007     : /msg N1GHT5HAD3 ha? 
13:12 Hog_Matin    : Totem az koja bekharam?
13:12 Foroughi     : @hahahahaha kir
13:14 Foroughi     : mahdimzl cober stone generator man daste toe?
13:14 Foroughi     : kasra007 chetori barg tolid konam?
13:20 Hog_Matin placed suspicious WATER_BUCKET @ wild: x-711, z-262
13:20 kasra007     : \
13:21 Hog_Matin placed suspicious WATER_BUCKET @ wild: x-710, z-262
13:24 Hog_Matin    : Yeki bekhabe
13:29 Hog_Matin    : Tag mee
13:29 Hog_Matin    : Hog_Matin
13:29 mahdimzl     : @Hog_Matin
13:29 Hog_Matin    : @Hog_Matin
13:29 Hog_Matin    : TNX
13:29 Hog_Matin    : mahdimzl Developer mikhay?
13:30 Hog_Matin    : time set day kon bro
13:30 RichPlant    : :|
13:31 kasra007     : @hahahahaha kit copper ro begir
13:41 Hog_Matin    : Pool bedid
13:41 Hog_Matin    : Lotfan
13:41 RichPlant    : no
13:42 Hog_Matin    : Streami?
13:42 kasra007     : are
13:42 Hog_Matin    : Ok
13:42 mahdimzl     : @sjsj kit copper begir
13:42 Hog_Matin    : Pumpkin mikhari baram.
13:42 Hog_Matin    : 20 ta
13:43 kasra007     : visa brat biram
13:43 Hog_Matin    : tnx bro
13:45 Hog_Matin    : SF baladi)
13:45 Hog_Matin    : ?
13:45 kasra007     : are
13:45 hosseinansari:  placed a sign @ wild: x258, z345
  [Private]
  hosseinansari
13:45 Hog_Matin    : Awlie
13:45 Hog_Matin    : Man ta infinite baladam
13:45 kasra007     : khobe
13:46 Hog_Matin    : shop
13:47 sjsj         : manam
13:49 Hog_Matin    : hosseinansari server gap dare?
13:49 Hog_Matin    : hosseinansari server gap dare? telegram
13:49 sjsj         : na
13:49 hosseinansari: na felan nadare
13:49 Hog_Matin    : ok
13:50 Entezari     : /tell mahdimzl من تازه کارم پول یا کیت میدی؟ 
13:51 Entezari     : /tell mahdimzl من تازه کارم پول یا کیت میدی؟ 
13:52 Hog_Matin    : Ah chek
13:54 Entezari     : /tell kasra007 من تو استریمت اسمم hosseinho1383 ام کمکم میکنی یا باهم دوست شیم؟ 
13:54 Hog_Matin    : Walking stick ki mikhare???
13:54 sjsj         : ping
13:54 Entezari     : /tell kasra007 من تو استریمت اسمم hosseinho1383 ام کمکم میکنی یا باهم دوست شیم؟ 
13:55 sjsj         : j
13:55 kasra007 placed suspicious WATER_BUCKET @ wild: x115, z407
13:56 kasra007 placed suspicious WATER_BUCKET @ wild: x115, z419
13:56 Entezari     : /msg kasra007 مگه ننوشتی سرور کیت رایگان میده؟ 
13:56 kasra007     : are
13:56 kasra007     : ./kit
13:57 Entezari     : /msg kasra007 بهم تراس میدی باهم دوست شیم؟ 
13:57 kasra007     : /msg Entezari dadash bia discord harf mizanim 
13:58 kasra007 placed suspicious WATER_BUCKET @ wild: x115, z414
13:58 Entezari     : /msg kasra007 دیسکورد دارم فیلتر ندارم ;/ تو استریمم حرف بزنی می فهمم 
13:59 Entezari     : /msg kasra007 خو تایپ میکنم 
14:00 kasra007     : /msg Entezari bia discord mard 
14:00 Entezari     : /msg kasra007 سید فیلتر ندارم 
14:01 Entezari     : مهدی جونم
14:01 Entezari     : اونر جون
14:01 Entezari     : الووووو
14:01 RichPlant    : ghugh ghugh
14:02 aboly12345 placed suspicious WATER_BUCKET @ wild: x108, z410
14:02 Entezari     : /msg kasra007 دیسکورد دارم فیلتر ندارم ;/ تو استریمم حرف بزنی می فهمم 
14:03 Entezari     : /tell mahdimzl من تازه کارم پول یا کیت میدی؟ 
14:03 Hog_Matin placed suspicious WATER_BUCKET @ wild: x-712, z-235
14:03 Hog_Matin placed suspicious WATER_BUCKET @ wild: x-712, z-232
14:04 aboly12345   : حسین کسرا کجا رفت
14:04 aboly12345 placed suspicious WATER_BUCKET @ wild: x86, z420
14:04 aboly12345 placed suspicious WATER_BUCKET @ wild: x86, z421
14:04 aboly12345 placed suspicious WATER_BUCKET @ wild: x86, z421
14:04 aboly12345 placed suspicious WATER_BUCKET @ wild: x86, z421
14:04 Hog_Matin    : mahdimzl Permission/nv bedeee
14:05 aboly12345 placed suspicious WATER_BUCKET @ wild: x77, z413
14:05 sjsj         : manam di
14:05 aboly12345 placed suspicious WATER_BUCKET @ wild: x114, z423
14:06 aboly12345 placed suspicious WATER_BUCKET @ wild: x108, z396
14:08 aboly12345 placed suspicious WATER_BUCKET @ wild: x135, z429
14:08 aboly12345 placed suspicious WATER_BUCKET @ wild: x129, z437
14:09 aboly12345 placed suspicious WATER_BUCKET @ wild: x121, z417
14:09 aboly12345 placed suspicious WATER_BUCKET @ wild: x107, z406
14:11 RichPlant    :  placed a sign @ wild: x-29, z926
  [Private]
  RichPlant
14:13 sjsj         : kasi mano rah otems
14:29 Hog_Matin placed suspicious WATER_BUCKET @ wild: x-712, z-244
14:31 Hog_Matin placed suspicious LAVA_BUCKET @ wild: x-711, z-243
14:31 houmaan_     :  placed a sign @ wild: x208, z543
  [Private]
  houmaan_
14:40 Hog_Matin placed suspicious WATER_BUCKET @ wild: x-712, z-244
14:40 Hog_Matin placed suspicious LAVA_BUCKET @ wild: x-711, z-242
14:41 Hog_Matin placed suspicious LAVA_BUCKET @ wild: x-711, z-244
14:44 Hog_Matin placed suspicious WATER_BUCKET @ wild: x-712, z-241
14:46 houmaan_     : all yeki 2k pool bede
14:47 houmaan_     : all yeki obsidian bede
14:48 houmaan_ placed suspicious WATER_BUCKET @ wild: x210, z534
14:49 Hog_Matin    : dan chan dta
14:55 Hog_Matin    : Lava pool ki mikhad
14:59 Hog_Matin    : piiiiii g
14:59 Hog_Matin    : Lage
15:00 kasraILOLI   : @Hog_Matin chera?
15:00 Hog_Matin    : kasraILOLI Lag machine
15:02 Hog_Matin    : Yeki bekhabe
15:02 Hog_Matin    : one sleep nadarim?
15:02 kasraILOLI   : na
15:02 Hog_Matin    : ridam
15:02 kasraILOLI   : @Hog_Matin darim lago fix mikonim
15:02 Hog_Matin    : kasraILOLI tnx
15:02 Hog_Matin    : kasraILOLI Permission/nv ham bede
15:04 Hog_Matin    : Nada iiiim
15:05 Hog_Matin    : mahdimzl Bia pisham
15:06 Hog_Matin    : Biaa
15:16 kasraILOLI   : .slime
15:16 RichPlant    : slime
15:25 mahdimzl     : @SheykhDream hi
15:25 SheykhDream  : mahdimzl Hi
15:25 SheykhDream  : Servere Khoobi Sakhti Mahdi Jan
15:26 SheykhDream  : Mamnoonam ❤
15:26 SheykhDream placed suspicious WATER_BUCKET @ wild: x717, z-927
15:28 SheykhDream  : mahdimzl Mahdi Inja Plugin Voice Chat Rikhti ?
15:28 RichPlant    : yes
15:28 SheykhDream  : Awli
15:28 SheykhDream placed suspicious WATER_BUCKET @ wild: x709, z-1145
15:28 SheykhDream placed suspicious WATER_BUCKET @ wild: x709, z-1146
15:28 SheykhDream placed suspicious WATER_BUCKET @ wild: x710, z-1144
15:28 mahdimzl     : @SheykhDream chi kar mikoni che khabar
15:28 sjsj         : hiiiii
15:29 SheykhDream  : mahdimzl Hichi Vala Zire Saye Shoma
15:29 SheykhDream  : <3
15:29 SheykhDream  : sjsj Wlc
15:29 SheykhDream placed suspicious WATER_BUCKET @ wild: x716, z-1138
15:29 SheykhDream placed suspicious WATER_BUCKET @ wild: x710, z-1133
15:29 sjsj         : manam hastom
15:29 SheykhDream  : Yw
15:32 SheykhDream placed suspicious WATER_BUCKET @ wild: x582, z-1443
15:32 SheykhDream placed suspicious WATER_BUCKET @ wild: x571, z-1445
15:45 sjsj         : j
15:55 sjsj         : n bra kih
15:58 sjsj         : mzks
16:03 sjsj         : sleep
16:07 sjsj         : kss
16:57 GTT          : slm
16:57 houmaan_     : GTT bia nemizanam
16:58 GTT          : فارسی بگو
16:58 houmaan_     : بیا نمیزنم
16:58 GTT          : اکی
16:58 houmaan_     : بیس داری؟
16:58 GTT          : نه
16:58 houmaan_     : عجب
16:58 GTT          : همین الا اومدم
16:58 GTT          : ارمورامم از ah
16:58 houmaan_     : بیا
16:59 GTT          : ;vsd
16:59 GTT          : مرسی
16:59 houmaan_     : بیشتر این نداشتم
16:59 houmaan_     : میتونی اینحا بیس بسازی بیا
17:00 GTT          : نزدیکه ها برم اونور اب
17:00 GTT          : گرفتیمون
17:00 houmaan_     : نه بیا
17:00 GTT          : کوشی خو
17:00 houmaan_     : اینجا
17:00 houmaan_     : کنار دریا هم هست ویو خوبی میده
17:01 GTT          : اره عالیه
17:01 GTT          : بیا بون عشق هال |:
17:01 GTT          : دارم میرم چوب ماین کنم
17:01 houmaan_     : اوکیه
17:02 houmaan_     : ./shop هم هست میتونی چوب بخزی
17:02 GTT          : میدونم
17:03 houmaan_     : ./kit بزنی کوپرو میتونی بگیری
17:05 houmaan_     : >
17:05 houmaan_     : ?
17:05 GTT          : مخلسم
17:05 houmaan_     : gXD
17:05 GTT          : |:
17:07 houmaan_     : GTT baid claim konia midno?
17:07 houmaan_     : @GTT ta inja claime
17:08 GTT          : هاع
17:08 houmaan_     : هیچی ولش
17:12 GTT          : slm
17:39 houmaan_     : hi
17:39 GTT          : سلام
17:39 houmaan_     : rafti mine ?
17:39 GTT          : ihu
17:39 GTT          : هاع
17:39 houmaan_     : رفته بودی ماین ؟
17:39 GTT          : ارع
17:39 houmaan_     : باشه باشه فهمیدم
17:39 hosseinansari: SALAM
17:40 houmaan_     : نه داداش بگیر
17:40 GTT          : سلام
17:40 houmaan_     : بخدا نمیگیرم
17:40 GTT          : باشه
17:40 hosseinansari: چی میخوای کسری؟
17:40 houmaan_     : اوه.م
17:40 GTT          : داداش افتزاهه
17:40 kasraILOLI   :  placed a sign @ wild: x250, z345
  [Private]
  hosseinansari
17:40 GTT          : خونم
17:40 houmaan_     : نه بابا خوبه
17:40 houmaan_     : بیا
17:41 houmaan_     : وایسا میارمت
17:41 GTT          : وف
17:41 houmaan_     : خدافظ
17:41 GTT          : بای
17:41 hosseinansari:  placed a sign @ wild: x250, z345
  [Private]
  hosseinansari
17:43 hosseinansari: ولم کن کارو زندگی دارم
17:44 houmaan_     : @hosseinansari ایکس پی داری؟
17:45 houmaan_     : د مردک جواب بده مگه ساپورت نیستی؟
17:45 houmaan_     : ایکس پی نداریم تو شاپ؟
17:45 houmaan_     : @GTT مبارکههههههههههه
17:46 GTT          : نوکرم ممنون
17:46 houmaan_     : راستی بیا
17:46 GTT          : یالاه
17:46 GTT          : دمت گرمههههههههههه
17:46 houmaan_     : :(
17:46 houmaan_     : :)
17:46 GTT          : مرسی
17:46 GTT          : ممنون
17:47 GTT          : اقا من برم ازو خیت شد
17:47 houmaan_     : :)
17:48 GTT          : ایکسپی چرا ولیجر نمیاری ایکس پی بگری ؟
17:48 houmaan_     : حوصله ندارم
17:48 houmaan_     : من برم بای
17:48 houmaan_     : بیا بالا درو نبستم
17:48 GTT          : بای
17:49 hosseinansari: /tell hosseinansari hi 
18:19 Mester_Arya  :  placed a sign @ wild: x-1355, z-56
  [Private]
  Mester_Arya
18:19 Mester_Arya  :  placed a sign @ wild: x-1355, z-57
  [Private]
  Mester_Arya
18:19 Mester_Arya  :  placed a sign @ wild: x-1355, z-58
  [Private]
  Mester_Arya
18:19 Mester_Arya  :  placed a sign @ wild: x-1355, z-56
  [Private]
  Mester_Arya
18:19 Mester_Arya  :  placed a sign @ wild: x-1355, z-57
  [Private]
  Mester_Arya
18:19 Mester_Arya  :  placed a sign @ wild: x-1355, z-58
  [Private]
  Mester_Arya
18:19 Mester_Arya  :  placed a sign @ wild: x-1355, z-59
  [Private]
  Mester_Arya
18:20 Mester_Arya  :  placed a sign @ wild: x-1355, z-59
  [Private]
  Mester_Arya
18:20 Mester_Arya  :  placed a sign @ wild: x-1355, z-63
  [Private]
  Mester_Arya
18:20 Mester_Arya  :  placed a sign @ wild: x-1355, z-63
  [Private]
  Mester_Arya
18:20 Mester_Arya  :  placed a sign @ wild: x-1355, z-62
  [Private]
  Mester_Arya
18:20 Mester_Arya  :  placed a sign @ wild: x-1355, z-62
  [Private]
  Mester_Arya
18:20 Mester_Arya  :  placed a sign @ wild: x-1355, z-61
  [Private]
  Mester_Arya
18:20 Mester_Arya  :  placed a sign @ wild: x-1355, z-61
  [Private]
  Mester_Arya
18:28 hosseinansari placed suspicious WATER_BUCKET @ wild: x239, z354
18:43 houmaan_     : GTT بیا بیست ک.وشی؟
18:43 houmaan_     : GTT بیا بیست کجایی
18:43 houmaan_     : ای شیتون
18:44 houmaan_     : ای شیطون
18:44 Mester_Arya  : :/
18:46 houmaan_     : hosseinansari WTF
18:47 houmaan_     : hosseinansari unbrakingIII داری؟
18:47 hosseinansari: na
18:47 houmaan_     : اوک
18:47 houmaan_     : من یه ست هوم کنم برم
18:47 houmaan_     : H3
19:25 hosseinansari: جانم کاری داری؟
19:25 GTT          : سلام
19:25 hosseinansari: سلام
19:26 GTT          : چخبر
19:26 hosseinansari: ممنون سلامتی
19:26 GTT          : ارمورات مال اسلایم فانه
19:26 houmaan_     : چطوری؟
19:26 GTT          : سلام
19:26 houmaan_     : علیک سلام
19:28 houmaan_     : @hosseinansari یکم از کاکتوستو بهم میدی؟
19:28 hosseinansari: توهم میخوای؟
19:29 GTT          : are
19:29 hosseinansari: کلش 50 تا بود چون تازه زدم
19:29 houmaan_     : :||||||||||||||||||
19:30 GTT          : چن سالتهع
19:30 hosseinansari: قهر نکن برو ی ساعت دیگه بیا میدم بهت
19:31 GTT          : ممنون
19:31 hosseinansari: اللحساب داشته باش تا بعد
19:32 GTT          : داددا بلدی سول باند بسازی
19:32 hosseinansari: نه والا
19:32 GTT          : من کلشو بلدم
19:32 houmaan_     : fagat unlockesh XD
19:32 hosseinansari: به کار میای تایمای استریم به بچه ها بگین ازتون کمک بگیرن
19:33 houmaan_     : OKay
19:33 GTT          : داداش ایسکپی فارم داری
19:33 GTT          : میخوام اسلایم فاینو کلشو باز کنم
19:34 houmaan_     :  placed a sign @ wild: x206, z543
  [Private]
  houmaan_
19:37 houmaan_     : hosseinansari :|||||||||||||||
19:39 GTT          : |"
19:39 GTT          : سنگام
19:39 houmaan_     : dastam ni
19:39 houmaan_     : vali bia
19:39 houmaan_     : بیا
19:40 GTT          : ممنون ببخشید
19:40 houmaan_     : خوتهش
19:40 houmaan_     : XD
19:45 houmaan_     : 38 diamond forture III
19:47 GTT          : بابا قلبه دیدی یه دیه نزد
19:48 GTT          : دمت گرم
19:48 GTT          : ممنون
19:48 houmaan_     : خواهش میکنم
19:52 houmaan_     : @GTTمرسی
19:52 GTT          : نوکرتم
19:53 houmaan_     : ف
19:54 houmaan_     : @kasraILOLI HI
19:54 kasraILOLI   : hi
19:55 houmaan_     : @GTT هیچ ایده ندارم چطوری بالا و تزیین کنم
19:55 GTT          : وف
19:55 GTT          : داداش منم اصلا بیلدر خوبی نیستم
19:55 houmaan_     : XD
19:55 GTT          : بالور نداری خونم
19:56 GTT          : باور نداری خونمو ببین
19:56 houmaan_     : are
19:57 houmaan_     : emmmm
19:57 GTT          : عالی
19:57 GTT          : عالیس
19:59 GTT          : داداش عروسی اینجا میخوایبگری ؟ خخخ
20:00 houmaan_     : XD
20:02 houmaan_     :  placed a sign @ wild: x207, z543
  [Private]
  houmaan_
20:05 houmaan_     : ??
20:05 GTT          : عضر خواهی
20:05 kasraILOLI   : /msg hosseinansari alan az server kolan kick sodi ya survivle? 
20:05 houmaan_     : جرا؟
20:06 GTT          : زدمت
20:06 houmaan_     : آها اشکالی نداره داش
20:06 GTT          : چند سالته ستون
20:06 houmaan_     : 13
20:06 houmaan_     : بیا بالا
20:07 houmaan_     : اینا کافه هستن
20:07 GTT          : یه دخترم نیس لاغر باش خوب میشدیم
20:07 houmaan_     : :||||||||||||||||
20:07 GTT          : |:
20:07 houmaan_     : اینا کافه هستن
20:07 GTT          : فقت
20:07 GTT          : قهوه ای نیستم
20:08 GTT          : یه چایی
20:08 houmaan_     : اوک
20:08 GTT          : اگه قلیونم داری یه قلیون
20:08 GTT          : مخلسم
20:08 kasraILOLI   : ن.کرم
20:08 houmaan_     : kasra jan salam
20:08 GTT          : اقایی
20:08 kasraILOLI   : سلام
20:08 houmaan_     : bia chaie
20:09 houmaan_     : kasraILOLI khobi?
20:09 kasraILOLI   : nokretam
20:09 houmaan_     : chi shod omadi ye sar be ma zadi>
20:09 houmaan_     : chi shod omadi ye sar be ma zadi? XD
20:09 kasraILOLI   : hamin jori
20:09 houmaan_     : ee shis
20:09 houmaan_     : bisa
20:09 houmaan_     : kasra bia
20:09 houmaan_     : deraz bekesh
20:10 kasraILOLI   : yooo
20:10 houmaan_     : XDDDDDDDDDDDDDD
20:10 houmaan_     : biaid
20:10 GTT          : اقا بای
20:10 kasraILOLI   : bye
20:10 houmaan_     : kasraILOLI baseto neshon midi be ma>
20:10 houmaan_     : kasraILOLI baseto neshon midi be ma?
20:10 kasraILOLI   : dadash besam cherte
20:11 houmaan_     : hala boro to
20:11 houmaan_     : man konjkavim zade biron
20:11 houmaan_     : kasraILOLI boro dige
20:11 houmaan_     : ee pashmam
20:11 GTT          : یا علی
20:12 houmaan_     : kasra nandazimon ha be ga mirim
20:12 GTT placed suspicious LAVA_BUCKET @ wild: x631, z886
20:12 GTT placed suspicious LAVA_BUCKET @ wild: x631, z886
20:12 GTT placed suspicious LAVA_BUCKET @ wild: x632, z886
20:12 GTT placed suspicious LAVA_BUCKET @ wild: x650, z874
20:13 kasraILOLI   : base dige
20:13 houmaan_     : XD
20:13 houmaan_     : maro bebar baset
20:13 kasraILOLI   : .tpa bedid
20:15 houmaan_     : kasraILOLI
20:15 kasraILOLI   : ?
20:15 kasraILOLI   : dadash besam ./pwarp xp hast
20:15 houmaan_     : kasraILOLI ye kit diamond be ma dota midi ya pool midi ?
20:15 kasraILOLI   : dadash besam pwarp xp hast
20:15 kasraILOLI   : @houmaan_ dadash on kita hanoz amade nistan aslanw
20:16 houmaan_     : :(
20:17 houmaan_     : kasraILOLI na nis on yedone bra kasra007 e
20:17 kasraILOLI   : kasra007 khodadamm
20:17 houmaan_     : :|||||||||||||||||||||||||||||||||||||||||||||||||||||||
20:18 houmaan_     : mardak kho chera kasra007 hast?
20:18 kasraILOLI   : kasra007 account playem hast
20:18 kasraILOLI   : in admini
20:18 houmaan_     : aha
20:18 kasraILOLI   : dadash moshkeli to server nadidi?
20:19 houmaan_     : ajnas gerone poolam bayd bedi behemon
20:19 houmaan_     : ajnas gerone to ./shop poolam bayd bedi behemon
20:19 kasraILOLI   : geymat ha balas?
20:19 houmaan_     : are
20:20 kasraILOLI   : bezar bbinam chi mishe
20:20 kasraILOLI   : bezar bbinam chi mishe
20:20 houmaan_     :  placed a sign @ wild: x208, z543
  [Private]
  houmaan_
20:23 houmaan_     : hosseinansari chera ehsas mikonam engad mazlomi?
20:27 houmaan_     : اینحا چخره؟
20:27 GTT          : بیش میسازم
20:27 houmaan_     : بیش؟
20:27 GTT          : بیس
20:27 houmaan_     : آها
20:27 houmaan_     : درست
20:27 houmaan_     : 2m afk
20:30 houmaan_     : back
20:32 houmaan_     : قلعه میخوای بسازی؟
20:32 GTT          : اره
20:32 houmaan_     : حس ششم در کمین است
20:32 GTT          : |:::::
20:33 houmaan_     : xp موخوام
20:34 GTT          : داداش
20:34 houmaan_     : ؟
20:34 GTT          : 1 کا میدی
20:34 houmaan_     : 600 دارم
20:34 GTT          : وادااااااا
20:34 houmaan_     : 600 تکی داداش
20:34 GTT          : فهمیدم
20:35 GTT          : رفتم مدل خیلی کم یاب چوبو بیارم
20:35 houmaan_     : چی؟
20:35 houmaan_     : جنگل؟
20:35 GTT          : چوب بیارم
20:35 GTT          : اره
20:35 houmaan_     : منم مویام کمکککککککککک
20:35 GTT          : بیاع
20:35 houmaan_     : راستی
20:35 GTT          : جان
20:36 houmaan_     : نو چن سالتع
20:36 GTT          : 14
20:36 houmaan_     : اوهوم یه سال
20:36 GTT          : ارع
20:36 GTT          : مری لاس چندم
20:36 GTT          : کلاس
20:36 houmaan_     : 7
20:36 GTT          : م 8
20:36 GTT          : داداش 7 تم زبان یاد میدم دقت کن خوب یاد بگری عین من نشی
20:37 GTT          : میدن
20:37 houmaan_     : کلاس میرم
20:37 GTT          : ماشالا تو فولی
20:37 GTT          : بیاع دیه
20:37 houmaan_     : 24 جوب دارک
20:37 houmaan_     : 24 جوب دارم
20:37 GTT          : اه
20:38 houmaan_     : 1استک
20:38 GTT          : کوشی
20:38 houmaan_     : الان میام پیشت
20:39 GTT          : این نی
20:39 houmaan_     : بده یکم کمکت کنم
20:40 GTT          : بیا
20:41 GTT          : داداش ازون پولت 200 تاشوبزن بم
20:42 GTT          : عاااع
20:42 houmaan_     : mmmmmmmmm
20:43 GTT          : ازنا موخوایم
20:44 houmaan_     : pool nadarm
20:44 houmaan_     : ba hamin jangl okeyesh kon diee
20:44 GTT          : هعی خدااااااا
20:44 houmaan_     : با همین جنگل اوکیش کن
20:44 GTT          : پول دستم اومدم اکیش میکنم
20:45 houmaan_     : به دنلاب بایوم اسپروس
20:46 houmaan_     : اوه
20:47 GTT          : چی شد
20:47 houmaan_     : وایسا
20:48 GTT          : بگو چی شد طاقتشو دارم |"
20:48 houmaan_     : اومدم با سوپرایز
20:49 GTT          : اه
20:49 houmaan_     : استخونش با من
20:49 GTT          : دمت
20:50 GTT          : یاعلی
20:50 houmaan_     : برو تو کارش
20:50 GTT          : زیاس
20:50 GTT          : زباس
20:50 houmaan_     : تبرو بگیر
20:50 houmaan_     : تبرو بگیر من دادم بت
20:52 houmaan_     : هفتم راحته؟
20:52 GTT          : نه
20:52 GTT          : زیاد
20:52 houmaan_     : :|
20:52 GTT          : 11 تا مرد
20:52 houmaan_     : به گا میرم؟
20:52 GTT          : برو بالا
20:53 houmaan_     : کیرم سوراخ میشه؟
20:53 houmaan_     : برادر سکوت کرد :)
20:53 GTT          : با منی ؟
20:53 houmaan_     : آ؛ه
20:54 houmaan_     : بیا
20:55 GTT          : سیب موقولی
20:55 houmaan_     : نپ
20:55 GTT          : باید بوقولی
20:56 houmaan_     : میگم
20:56 GTT          : بوگو
20:56 houmaan_     : اینجا بیس دوتاییمون بشه؟
20:56 GTT          : بشع
20:56 houmaan_     : چون هردومون روش داریم کار میکنیم
20:56 houmaan_     : اوک پس وایسا
20:57 GTT          : نع
20:57 GTT          : تراس
20:57 houmaan_     : ok
20:57 houmaan_     : dadm
20:58 houmaan_     : ./unclaim
20:59 houmaan_     : چستا رو کجا بذارم؟
21:00 GTT          : دادا
21:00 houmaan_     : ؟
21:00 GTT          : برم یچی بخرم بیام
21:00 houmaan_     : واقعی؟
21:04 GTT          : خوب
21:05 GTT          : دادا
21:05 GTT          : یه چقدر پول بزن
21:05 GTT          : ببخشیدا
21:06 houmaan_     : 45 موند برام
21:07 GTT          : سنگ داریع بدیع
21:07 houmaan_     : ./unclaim
21:10 GTT          : نیسسسسسسسسسسس
21:10 houmaan_     : چی؟
21:10 GTT          : سنگ خداااااااا
21:10 GTT          : ددا
21:10 houmaan_     : XD
21:11 GTT          : لوتای خونمم بزار اینجا
21:11 houmaan_     : از اینا نیستن بعضیاشون خوردی؟
21:12 GTT          : یه کلنگ ور داشتم
21:12 houmaan_     : اوک
21:12 GTT          : عا
21:14 houmaan_     : بیا
21:14 GTT          : دادا
21:14 GTT          : اینجا
21:14 houmaan_     : ؟
21:14 GTT          : ولش
21:14 houmaan_     : خب
21:14 GTT          : سنگگگگگ
21:18 houmaan_     : GTT من دیگه باید برم
21:18 GTT          : نه
21:18 houmaan_     : پ
21:18 GTT          : نرو
21:18 houmaan_     : باید برم تهران دادا
21:19 GTT          : مسافرتی
21:19 houmaan_     : آر
21:19 GTT          : گوشی پلیری
21:19 houmaan_     : نه
21:19 GTT          : اکی
21:19 houmaan_     : خدافظ
21:19 GTT          : چن ساعت راه
23:06 mahdimzl  : @Mehdi_ping hi
23:14 RichPlant : ping
23:17 RichPlant : oh
23:17 RichPlant : damn
23:28 kasraILOLI: cheater
23:29 kasraILOLI: ./g promote kasraILOLI
23:30 kasraILOLI: ./g demote kasraILOLI
23:41 RichPlant : /msg hosseinansari 
23:41 RichPlant : /msg hosseinansari migam iron dari? 
23:43 hosseinansari:  placed a sign @ wild: x220, z365
  dardast 
  ehdas
  !!karegaram!!
  !!darhal kar!!
23:53 RichPlant    : mine
