10:48 shadowkiller: miner
11:01 shadowkiller placed suspicious WATER_BUCKET @ wild: x145, z418
11:08 shadowkiller placed suspicious WATER_BUCKET @ wild: x140, z420
11:14 shadowkiller placed suspicious WATER_BUCKET @ wild: x149, z422
11:14 shadowkiller placed suspicious WATER_BUCKET @ wild: x149, z422
11:14 shadowkiller placed suspicious WATER_BUCKET @ wild: x149, z422
11:14 shadowkiller placed suspicious WATER_BUCKET @ wild: x149, z422
11:14 shadowkiller placed suspicious WATER_BUCKET @ wild: x149, z422
11:26 shadowkiller placed suspicious WATER_BUCKET @ wild: x158, z419
11:27 shadowkiller: سلام
11:28 shadowkiller: الوووووووووو
11:33 shadowkiller: سلام
11:33 mamad123MM  : سلام
11:34 mamad123MM  : شدو
11:34 shadowkiller: ها
11:34 mamad123MM  : خونمو می خوای ببینی همینجاست
11:35 shadowkiller: باش
11:36 shadowkiller: اسلایم فان باشد
11:43 shadowkiller: چرا سرور نمیشه بارم نخ زد
11:43 shadowkiller: فارم
11:43 mamad123MM  : نمی دونم
11:52 mamad123MM  : بخواب
11:54 mamad123MM placed suspicious WATER_BUCKET @ wild: x384, z324
11:54 mamad123MM placed suspicious WATER_BUCKET @ wild: x404, z349
11:54 mamad123MM placed suspicious WATER_BUCKET @ wild: x408, z351
11:56 mamad123MM placed suspicious WATER_BUCKET @ wild: x974, z394
11:56 mamad123MM placed suspicious WATER_BUCKET @ wild: x975, z377
12:01 shadowkiller placed suspicious WATER_BUCKET @ wild: x148, z399
12:01 shadowkiller placed suspicious WATER_BUCKET @ wild: x131, z420
12:03 mamad123MM placed suspicious WATER_BUCKET @ wild: x1139, z149
12:03 mamad123MM  : shadowkiller بخواب
12:03 shadowkiller: monster bezanam
12:03 mamad123MM  : OK bodo
12:04 shadowkiller: بخواب
12:07 shadowkiller placed suspicious WATER_BUCKET @ wild: x64, z512
12:07 shadowkiller placed suspicious WATER_BUCKET @ wild: x65, z511
12:07 shadowkiller placed suspicious WATER_BUCKET @ wild: x65, z510
12:17 mamad123MM placed suspicious WATER_BUCKET @ wild: x45, z962
12:53 parham1393k : داش پوشن خواستی بگو
12:57 kiyan998    : salam
12:57 kasra007    : salam
12:57 parham1393k : sghl
12:57 parham1393k : سلام
12:57 kiyan998    : kojayyd man taze omadam
12:57 kasra007    : ./tpa bede
12:58 kiyan998    : chejory
12:58 kasra007    : ./tpa kasra007
12:58 kasra007    : ino to chat bezan
12:59 kasra007    : ./kit starter
12:59 kasra007    : ino bezan
13:59 kasra007 placed suspicious WATER_BUCKET @ wild: x187, z427
16:30 kiyan998    : salam
16:30 kiyan998    : man gom shdam
16:30 kiyan998    : taze omadam
19:02 kasraILOLI: s
19:04 shadowkiller: رست شد
19:04 kasraILOLI  : voice chat dari alan?
19:04 shadowkiller: نه
19:04 kasraILOLI  : server rest she add mishe
21:14 kasraILOLI  : ./home
21:14 MmdScor     : 1
21:19 kasraILOLI  : okay shodam
21:19 kasraILOLI  : bia voice
21:26 kasraILOLI  : texr bia voice ts
21:26 kasraILOLI  : texr bia voice xcity
21:26 kasraILOLI  : texr bia voice discord
21:27 Texr        : hale
21:31 Texr        : cancel
21:34 mahdimzl    : bia ts
21:34 mahdimzl    : MmdScor
21:35 mahdimzl    : ورژن 3 بریز
21:35 mahdimzl    : tea,speak 3\
21:35 mahdimzl    : tea,speak 3
21:35 mahdimzl    : teamspeak 3
21:35 mahdimzl    : harchi
21:37 mahdimzl    : MmdScor kit copper begir
21:37 mahdimzl    : MmdScor kit copper begir
21:37 mahdimzl    : MmdScor kit copper begir
21:38 mahdimzl    : MmdScor kit copper begir
21:38 mahdimzl    : MmdScor kit copper begir
21:38 mahdimzl    : ./kit bezan
21:38 MmdScor     : grftm
21:38 mahdimzl    : ok
21:45 Texr        : hosseinansari
21:45 mahdimzl    : MmdScor
21:45 mahdimzl    : @MmdScor
22:01 Texr        : ./back
22:11 MmdScor     : 2
22:22 Texr        : khone
22:27 Texr        : cancel
22:38 Texr        : gold
22:46 Amir_Dunya  : Texr salam taha chetori
22:48 coolhossein : mahdimzl
22:48 coolhossein : rank chetory mishe kharid abbas
22:49 coolhossein : kasraILOLI
22:50 Amir_Dunya  : kasraILOLI rank chetor mishe kharid ?
22:50 kasraILOLI  : jon?
22:50 kasraILOLI  : flan server beta hast chi nemifroshym
22:50 kasraILOLI  : flan server beta hast chizi nemifroshym
22:50 Amir_Dunya  : kasraILOLI yani sf kar nakonim ?
22:50 kasraILOLI  : kar konid
22:50 Amir_Dunya  : gharare reset beshe dige
22:50 kasraILOLI  : na
22:50 hosseinansari: home1
22:50 Amir_Dunya   : pas chi
22:50 kasraILOLI   : rest nemishe
22:51 kasraILOLI   : server chon beta hast darim buga ro fix mikonim
22:51 Amir_Dunya   : dadash vaghti migi beta player fekr mikoni mikhay reset koni
22:51 kasraILOLI   : rabti be rest nadare
22:51 Amir_Dunya   : nemiad play bede
22:51 kasraILOLI   : eshkal nadre
22:51 kasraILOLI   : tagriban farda pass farda beta ro var midarim
22:51 Amir_Dunya   : ok
22:52 kasraILOLI   : CHZI HAM REST NEMISHE
22:52 Amir_Dunya   : kasraILOLI be komak to dev niaz nadarid ?
22:52 kasraILOLI   : na damet garm
22:52 Amir_Dunya   : ok
22:55 Texr         : mobvam bedin
22:56 Texr         : mahdimzl
22:56 mahdimzl     : ?
23:03 mahdimzl     : atlantis
23:03 mahdimzl     : atlantis
23:05 Amir_Dunya placed suspicious WATER_BUCKET @ wild: x-1102, z1781
23:05 Amir_Dunya placed suspicious WATER_BUCKET @ wild: x-1106, z1779
23:05 Amir_Dunya placed suspicious WATER_BUCKET @ wild: x-1061, z1758
23:06 Amir_Dunya placed suspicious WATER_BUCKET @ wild: x-1069, z1820
23:07 mahdimzl     : atlantis
23:20 Amir_Dunya   : 1
23:25 Texr         : coolhossein
23:25 Texr         : bia team speak
23:26 coolhossein  : nadarm
23:26 Texr         : down kon 100 mege
23:26 coolhossein  : khob bi discord
23:26 Texr         : dis man bala nmiad ba xhi miri dakhelesh
23:26 Texr         : ?
23:28 Texr         : coolhossein
23:28 coolhossein  : v2ray
23:28 Texr         : ok
23:28 coolhossein  : ya ba web ham mitoni biay
23:29 Texr         : web filtere?
23:29 coolhossein  : are
23:45 Amir_Dunya   : mahdimzl nemiri bekhabi ?
23:47 Amir_Dunya placed suspicious WATER_BUCKET @ wild: x-1103, z1778
23:47 Amir_Dunya placed suspicious WATER_BUCKET @ wild: x-1101, z1787
23:47 Amir_Dunya placed suspicious WATER_BUCKET @ wild: x-1071, z1795
23:47 Amir_Dunya placed suspicious WATER_BUCKET @ wild: x-1055, z1792
23:48 Amir_Dunya placed suspicious WATER_BUCKET @ wild: x-1044, z1808
23:48 Amir_Dunya placed suspicious WATER_BUCKET @ wild: x-1075, z1808
23:48 Amir_Dunya placed suspicious WATER_BUCKET @ wild: x-1101, z1773
23:48 Amir_Dunya placed suspicious WATER_BUCKET @ wild: x-1128, z1812
23:49 Amir_Dunya placed suspicious WATER_BUCKET @ wild: x-1055, z1792
23:49 Amir_Dunya placed suspicious WATER_BUCKET @ wild: x-1067, z1774
23:50 Amir_Dunya placed suspicious WATER_BUCKET @ wild: x-1055, z1793
23:50 Amir_Dunya placed suspicious WATER_BUCKET @ wild: x-1036, z1804
23:51 Amir_Dunya placed suspicious WATER_BUCKET @ wild: x-1028, z1802
