12:03 mahdimzl     : hosseinansari
12:03 mahdimzl     : ts
12:13 mahdimzl  : mahdimzl
12:14 mahdimzl  : @mahdimzl
12:27 mahdimzl  : mahdimzl
12:27 mahdimzl  : \
12:27 mahdimzl  : ss
12:29 mahdimzl  : mahdimzl
12:41 hosseinansari: mahdimzl
12:41 mahdimzl     : @
12:42 hosseinansari: @mahdimzl
12:43 mahdimzl     : /msg hosseinansari test 
12:51 mahdimzl  : /msg hosseinansari test 
12:51 hosseinansari: msgmahdimzl u
12:51 mahdimzl     : /msg hosseinansari test 
12:54 mahdimzl     : s
12:54 mahdimzl     : s
12:55 hosseinansari: msg mahdimzl .
12:55 hosseinansari: .
12:58 hosseinansari: ,
12:58 mahdimzl     : s
13:51 kasra007  : bia bekan brig bezanim
13:55 kasra007  : w
13:55 kasra007  : bia
13:56 kasra007  : eki brig bezane
13:59 houmaan_  : هومانم نه هیومن نه هومن
14:01 houmaan_  : kojaied?
14:01 kasra007  : tpa biadid be man
14:02 kasra007  : biad inja
14:02 kasra007  : onvar omadam
14:03 kasra007  : biaid invar
14:04 houmaan_  : kasra007 onvar rafti?
14:06 houmaan_  : soltan resid
14:07 kasra007  : tpa badid
14:08 houmaan_  : ay man
14:08 kasra007  : stoltan
14:08 kasra007  : bia
14:09 houmaan_  : man zende am
14:09 houmaan_  : s
14:09 aboly12345: black
14:10 kasra007  : ./tpa
14:10 aboly12345: black
14:10 kasra007  : abol
14:10 kasra007  : tpa
14:10 kasra007  : bede
14:12 houmaan_  : kasra007 age seed o midoni ye siti hast seedo mizani locate mikone endcity haro
14:12 kasra007  : tpa
14:13 kasra007  : abol
14:13 houmaan_  : aga hame agab vasit nayofte abol
14:14 houmaan_  : oh sish
14:15 aboly12345: on jabram
14:15 kasra007  : chi?
14:15 houmaan_  : abol hamono boro salavat befres
14:15 aboly12345: bram on ja
14:15 hosseinansari: تست
14:16 kasra007     : یسس
14:16 kasra007     : ndarm
14:18 houmaan_     : kasra007 age seed o midoni ye siti hast seedo mizani locate mikone endcity haro
14:18 kasra007     : sbr
14:18 kasra007     : tpa bedid
14:19 houmaan_     : komakkkkkkkk
14:19 kasra007     : 3200 ` -608
14:19 houmaan_     : omadam
14:19 kasra007     : end city
14:20 houmaan_     : komakkkkkkkk
14:20 kasra007     : CHERA?
14:20 houmaan_     : 20 enderman donbalaman
14:20 houmaan_     : ee raftan
14:20 kasra007     : sbr
14:21 kasra007     : gabol kon
14:21 aboly12345   : black
14:21 kasra007     : sbr kon abull dare brig mizane
14:21 houmaan_     : rok
14:22 kasra007     : hame tpa
14:24 houmaan_     : kasra007 tpa bede
14:24 aboli1313    : بیا
14:25 kasra007     : sbr
14:25 houmaan_     : ok
14:25 kasra007     : tpa end city
14:25 houmaan_     : berim tosh?
14:25 aboly12345   : hghjvh knhvi
14:25 kasra007     : brid shoma
14:26 kasra007     : man niz ndarm
14:27 kasra007     : vast
14:27 kasra007     : biin end city jadid
14:28 houmaan_     : elaytrash ko?
14:28 kasra007     : aboly
14:28 houmaan_     : bra aboly e?
14:28 kasra007     : biad
14:28 kasra007     : gore kasi mikonam
14:28 houmaan_     : keshi
14:29 kasra007     : aboly?
14:29 kasra007     : naro
14:29 kasra007     : sbr kon
14:29 houmaan_     : ok
14:29 houmaan_     : kasra007 bia
14:29 houmaan_     : nade
14:29 kasra007     : man chestblate mikham
14:30 houmaan_     : OK
14:30 houmaan_     : bill silktouch
14:30 aboly12345   : خوش امدی به بلک پاری
14:30 houmaan_     : kasra007 beram
14:30 houmaan_     : kasra007 beram?
14:30 kasra007     : boro
14:31 houmaan_     : ok
14:31 kasra007     : ./back
14:32 aboly12345   : مردم
14:32 kasra007     : aboly
14:32 kasra007     : gabol kon
14:32 aboly12345   : بله
14:33 kasra007     : boro item hato pida kon
14:33 kasra007     : elytra ro badsh bede
14:33 houmaan_     : ye chizaie peyda kardam bargaton mirize
14:33 aboly12345   : میتونی منو ببری همون جا
14:34 kasra007     : na ne midonam kojast
14:34 aboly12345   : اون جا بودیم انسیتی قبلی
14:34 kasra007     : oh
14:34 houmaan_     : kasra007 gabol kon die
14:34 kasra007     : netonam pidash konam
14:34 kasra007     : dobare bet mitonam kit bedam
14:35 kasra007     : mikhai?
14:35 aboly12345   : منم همون جا مردم
14:36 kasra007     : biad
14:36 houmaan_     : kasra007 tpa dadm gabol kon
14:36 aboly12345   : منم همین وسایلایی که داشتی رو داشتم
14:36 kasra007     : diga namirid
14:37 houmaan_     : kasra007 tpa dadm gabol kon
14:37 houmaan_     : kasraILOLI hi
14:37 aboly12345   : حوسین گنگ
14:37 houmaan_     : kasra007 bia ino bebim
14:37 kasra007     : hi
14:38 kasra007     : birm overworld
14:38 houmaan_     : ok
14:38 aboly12345   : 2 استک بداک داشتم
14:38 JUMANJL      : kasraILOLI admin ya dev namikai baram server ??
14:39 kasra007     : to discord behm piam bede
14:39 aboly12345   : عجب خونه ایی
14:39 aboly12345   : به به
14:40 kasra007     : jumanjl discord behem pm bede
14:40 aboly12345   : خواستم خوش حالت کنم
14:40 kasra007     : XD
14:41 kasra007     : base nemisazid ?
14:41 aboly12345   : یه خونه بسازیم
14:42 houmaan_     : movfeg
14:42 JUMANJL      : kasraILOLI admin ya dev??
14:42 JUMANJL      : kasraILOLI admin ya dev?? bara server
14:42 kasra007     : az ki man chestblte gerftam?
14:42 aboly12345   : خونرو کجا بسازیم
14:42 kasra007     : az ki gerfte bodam?
14:43 houmaan_     : man nagerefti
14:43 aboly12345   : من ولی مال خودت
14:43 kasra007     : okay pass
14:43 hosseinansari: goh doni
14:43 aboly12345   : ولی دارم
14:43 kasra007     : be to kit dadam
14:43 houmaan_     : kasra007 khone besazim fagat maha tosh trust bashim
14:44 kasra007     : haji age mitonid brid har kodom base bazid
14:44 kasra007     : bar khodemonam eki pwarp mizanim
14:44 kasra007     : bad khodemonam eki pwarp mizanim
14:44 houmaan_     : ok
14:44 kasra007     : okay
14:45 kasra007     : brid base bezanid
14:45 aboly12345   : sit /
14:45 kasra007     : badesh pwarp
14:45 kasra007     : jumanjl discord behem pm bede
14:46 JUMANJL      : kasraILOLI id discord
14:46 kasra007     : bro lobby
14:46 kasra007     : discordo var dar
14:52 aboly12345   : خونه کیه
14:54 kasra007     : bia
14:55 kasra007     : coal dari?
14:55 aboly12345   : col???
14:55 kasra007     : are
14:56 aboly12345   : فککنکککنم
14:57 kasra007     : biaid
14:57 kasra007     : s
14:57 kasra007     : br
14:58 aboly12345   : من
14:58 aboly12345   : رو زمین یا اویزون
14:59 kasra007     : haji
14:59 kasra007     : biaid in claimo saf konim
14:59 houmaan_     : man darm base misazama
15:00 aboly12345   : کجارو
15:00 kasra007     : climo
15:01 houmaan_     : all man bayad berm bb
15:05 aboly12345   : همین جوری خوبه
15:05 kasra007     : are
15:09 kasra007     : ./kit copper
15:10 JUMANJL      : kasraILOLI
15:10 kasra007     : ?
15:11 JUMANJL      : kasra007 ba owner am
15:11 aboly12345   : من میتونم تو خونت باشم
15:11 kasraILOLI   : ??
15:11 kasra007     : pwarp ro pass chera darim misizim?
15:12 JUMANJL      : kasraILOLI داخل پیموی پیام بدم یا تیکت بدم????
15:12 JUMANJL      : kasraILOLI داخل پیوی پیام بدم یا تیکت بدم????
15:12 kasraILOLI   : pv
15:13 JUMANJL      : to kasra007 hati to discord
15:13 kasra007     : chie?
15:13 aboly12345   : میگم صاف شد
15:14 kasra007     : solton bid climo saf konim
15:16 aboly12345   : من میرم الان میام
15:16 kasra007     : okay
15:16 aboly12345   : بای
15:19 JUMANJL      : kasraILOLI to dakal discord asmat kasra00696 hat???
15:19 JUMANJL      : kasraILOLI to dakal discord asmat kasra00696 hast???
15:19 kasraILOLI   : are
15:20 JUMANJL      : kasraILOLI pm dadam
15:20 kasraILOLI   : okay 3 saat dige javab midam
15:20 JUMANJL      : chagadr??
15:21 kasraILOLI   : ta 3 saat dige
15:21 JUMANJL      : /msg kasraILOLI dash midoni mitonan ba sf dup konan 
15:26 kasra007     : ada
15:26 aboly12345   : دایموند میخوای
15:26 kasra007     : bia ts
15:26 kasra007     : na
15:27 Texr         : ts yekam bad miam
15:27 kasra007     : ok
15:28 aboly12345   : خونه کیه در شو باز گذاشته
15:31 kasra007     : khob
15:31 kasra007     : solton
15:31 kasra007     : to dor in ja divar bekesh
15:31 aboly12345   : بله
15:31 kasra007     : man spawner mizarm
15:32 aboly12345 placed suspicious WATER_BUCKET @ wild: x110, z414
15:36 itz_miror    : hi ih
15:36 aboly12345   : چیکار داری میکنی ؟؟؟
15:36 kasra007     : spwner
15:36 kasra007     : hi
15:37 aboly12345 placed suspicious WATER_BUCKET @ wild: x85, z410
15:37 aboly12345 placed suspicious WATER_BUCKET @ wild: x86, z410
15:38 aboly12345 placed suspicious WATER_BUCKET @ wild: x82, z399
15:39 aboly12345 placed suspicious WATER_BUCKET @ wild: x84, z409
15:39 kasra007 placed suspicious WATER_BUCKET @ wild: x79, z409
15:39 kasra007 placed suspicious WATER_BUCKET @ wild: x80, z408
15:39 kasra007     : dadash divar nemikeshi?
15:39 kasra007 placed suspicious WATER_BUCKET @ wild: x80, z408
15:40 kasra007 placed suspicious WATER_BUCKET @ wild: x80, z408
15:41 kasra007 placed suspicious WATER_BUCKET @ wild: x89, z408
15:41 kasra007 placed suspicious WATER_BUCKET @ wild: x89, z399
15:41 kasra007 placed suspicious WATER_BUCKET @ wild: x80, z399
15:42 aboly12345   : بلاک نداریم
15:46 aboly12345 placed suspicious WATER_BUCKET @ wild: x73, z396
15:46 aboly12345 placed suspicious WATER_BUCKET @ wild: x73, z396
15:46 kasra007 placed suspicious WATER_BUCKET @ wild: x90, z409
15:46 kasra007 placed suspicious WATER_BUCKET @ wild: x91, z409
15:46 aboly12345 placed suspicious WATER_BUCKET @ wild: x73, z398
15:46 aboly12345 placed suspicious WATER_BUCKET @ wild: x73, z400
15:48 aboly12345 placed suspicious WATER_BUCKET @ wild: x73, z401
15:48 aboly12345 placed suspicious WATER_BUCKET @ wild: x73, z402
15:48 aboly12345 placed suspicious WATER_BUCKET @ wild: x73, z403
15:48 aboly12345 placed suspicious WATER_BUCKET @ wild: x73, z404
15:48 aboly12345 placed suspicious WATER_BUCKET @ wild: x73, z405
15:49 aboly12345 placed suspicious WATER_BUCKET @ wild: x73, z408
15:49 aboly12345 placed suspicious WATER_BUCKET @ wild: x73, z410
15:49 aboly12345 placed suspicious WATER_BUCKET @ wild: x74, z414
15:49 aboly12345 placed suspicious WATER_BUCKET @ wild: x74, z414
15:50 aboly12345 placed suspicious WATER_BUCKET @ wild: x73, z414
15:50 aboly12345 placed suspicious WATER_BUCKET @ wild: x73, z411
15:50 aboly12345 placed suspicious WATER_BUCKET @ wild: x79, z412
15:51 aboly12345 placed suspicious WATER_BUCKET @ wild: x109, z410
15:51 aboly12345 placed suspicious WATER_BUCKET @ wild: x109, z410
15:51 aboly12345 placed suspicious WATER_BUCKET @ wild: x74, z412
15:51 aboly12345 placed suspicious WATER_BUCKET @ wild: x73, z413
15:51 aboly12345 placed suspicious WATER_BUCKET @ wild: x72, z413
15:51 aboly12345 placed suspicious WATER_BUCKET @ wild: x72, z413
15:51 aboly12345 placed suspicious WATER_BUCKET @ wild: x73, z416
15:52 aboly12345 placed suspicious WATER_BUCKET @ wild: x73, z417
15:52 aboly12345 placed suspicious WATER_BUCKET @ wild: x73, z419
15:52 aboly12345 placed suspicious WATER_BUCKET @ wild: x76, z421
15:53 kasra007     : ./pwarp XP
15:53 aboly12345 placed suspicious WATER_BUCKET @ wild: x74, z421
15:54 Texr         : /msg kasra007 nmizare tp konim 
15:55 aboly12345 placed suspicious WATER_BUCKET @ wild: x77, z421
15:55 aboly12345 placed suspicious WATER_BUCKET @ wild: x79, z421
15:56 aboly12345 placed suspicious WATER_BUCKET @ wild: x80, z421
15:56 aboly12345 placed suspicious WATER_BUCKET @ wild: x81, z421
15:56 aboly12345 placed suspicious WATER_BUCKET @ wild: x82, z421
15:56 aboly12345 placed suspicious WATER_BUCKET @ wild: x82, z421
15:56 aboly12345 placed suspicious WATER_BUCKET @ wild: x83, z421
15:57 aboly12345 placed suspicious WATER_BUCKET @ wild: x84, z421
15:57 aboly12345 placed suspicious WATER_BUCKET @ wild: x85, z421
15:57 aboly12345 placed suspicious WATER_BUCKET @ wild: x85, z421
15:57 aboly12345 placed suspicious WATER_BUCKET @ wild: x85, z421
15:58 aboly12345 placed suspicious WATER_BUCKET @ wild: x86, z419
15:58 aboly12345   : black
15:58 kasra007     : dash streamo bastam
15:58 kasra007     : aboly
15:58 kasra007     : bia
15:58 kasra007     : discord join sho
15:59 aboly12345   : استیریم رو بستی
15:59 kasra007     : are
16:00 kasra007     : Texr khobe?
16:00 Texr         : okeye
16:03 kasraILOLI   : sd
16:05 Texr         : cancel
16:07 kasraILOLI   : s
16:19 aboly12345 placed suspicious WATER_BUCKET @ wild: x87, z421
16:19 aboly12345 placed suspicious WATER_BUCKET @ wild: x89, z421
16:20 aboly12345 placed suspicious WATER_BUCKET @ wild: x90, z421
16:20 aboly12345 placed suspicious WATER_BUCKET @ wild: x90, z421
16:21 aboly12345 placed suspicious WATER_BUCKET @ wild: x94, z421
16:21 aboly12345 placed suspicious WATER_BUCKET @ wild: x94, z421
16:21 aboly12345 placed suspicious WATER_BUCKET @ wild: x94, z421
16:22 aboly12345 placed suspicious WATER_BUCKET @ wild: x97, z421
16:22 aboly12345 placed suspicious WATER_BUCKET @ wild: x97, z421
16:22 aboly12345 placed suspicious WATER_BUCKET @ wild: x98, z421
16:22 aboly12345 placed suspicious WATER_BUCKET @ wild: x99, z421
16:40 kasraILOLI   : ASD
17:35 aboly12345 placed suspicious WATER_BUCKET @ wild: x79, z393
17:35 aboly12345 placed suspicious WATER_BUCKET @ wild: x80, z393
17:35 aboly12345 placed suspicious WATER_BUCKET @ wild: x101, z421
17:35 aboly12345 placed suspicious WATER_BUCKET @ wild: x103, z421
17:36 aboly12345 placed suspicious WATER_BUCKET @ wild: x104, z421
17:36 aboly12345 placed suspicious WATER_BUCKET @ wild: x104, z421
17:36 aboly12345 placed suspicious WATER_BUCKET @ wild: x104, z421
17:36 aboly12345 placed suspicious WATER_BUCKET @ wild: x104, z421
17:36 aboly12345 placed suspicious WATER_BUCKET @ wild: x104, z421
17:36 aboly12345 placed suspicious WATER_BUCKET @ wild: x104, z421
17:37 aboly12345 placed suspicious WATER_BUCKET @ wild: x105, z421
17:38 aboly12345 placed suspicious WATER_BUCKET @ wild: x107, z421
17:38 aboly12345 placed suspicious WATER_BUCKET @ wild: x112, z420
17:38 aboly12345 placed suspicious WATER_BUCKET @ wild: x112, z417
17:39 aboly12345 placed suspicious WATER_BUCKET @ wild: x112, z417
17:40 aboly12345 placed suspicious WATER_BUCKET @ wild: x111, z416
17:43 aboly12345 placed suspicious WATER_BUCKET @ wild: x112, z411
17:43 aboly12345 placed suspicious WATER_BUCKET @ wild: x96, z420
17:43 aboly12345 placed suspicious WATER_BUCKET @ wild: x96, z420
17:47 Texr      : magic
17:52 aboly12345 placed suspicious WATER_BUCKET @ wild: x113, z404
17:52 aboly12345 placed suspicious WATER_BUCKET @ wild: x113, z404
17:52 aboly12345 placed suspicious WATER_BUCKET @ wild: x113, z404
17:52 aboly12345 placed suspicious WATER_BUCKET @ wild: x106, z407
18:11 aboly12345 placed suspicious WATER_BUCKET @ wild: x140, z477
18:17 aboly12345 placed suspicious WATER_BUCKET @ wild: x81, z394
18:17 aboly12345 placed suspicious WATER_BUCKET @ wild: x81, z393
18:17 aboly12345 placed suspicious WATER_BUCKET @ wild: x81, z393
18:17 aboly12345 placed suspicious WATER_BUCKET @ wild: x80, z393
18:17 aboly12345 placed suspicious WATER_BUCKET @ wild: x81, z393
18:18 aboly12345 placed suspicious WATER_BUCKET @ wild: x84, z393
18:18 aboly12345 placed suspicious WATER_BUCKET @ wild: x84, z393
18:18 aboly12345 placed suspicious WATER_BUCKET @ wild: x86, z393
18:19 aboly12345 placed suspicious WATER_BUCKET @ wild: x107, z394
18:20 aboly12345 placed suspicious WATER_BUCKET @ wild: x91, z393
18:20 aboly12345 placed suspicious WATER_BUCKET @ wild: x95, z394
18:20 aboly12345 placed suspicious WATER_BUCKET @ wild: x95, z394
18:20 aboly12345 placed suspicious WATER_BUCKET @ wild: x89, z393
18:20 aboly12345 placed suspicious WATER_BUCKET @ wild: x93, z396
18:21 aboly12345 placed suspicious WATER_BUCKET @ wild: x94, z394
18:22 aboly12345 placed suspicious WATER_BUCKET @ wild: x95, z394
18:23 aboly12345 placed suspicious WATER_BUCKET @ wild: x32, z503
18:23 aboly12345 placed suspicious WATER_BUCKET @ wild: x34, z507
18:27 aboly12345: salam
18:28 aboly12345: hosein dadash kasra key miad
18:34 aboly12345: حوسین
18:36 aboly12345 placed suspicious WATER_BUCKET @ wild: x74, z418
18:36 aboly12345 placed suspicious WATER_BUCKET @ wild: x74, z418
18:36 aboly12345 placed suspicious WATER_BUCKET @ wild: x74, z418
18:36 aboly12345 placed suspicious WATER_BUCKET @ wild: x74, z418
18:36 aboly12345 placed suspicious WATER_BUCKET @ wild: x74, z418
18:36 aboly12345 placed suspicious WATER_BUCKET @ wild: x73, z418
18:37 aboly12345 placed suspicious WATER_BUCKET @ wild: x82, z395
18:37 aboly12345 placed suspicious WATER_BUCKET @ wild: x111, z417
18:37 aboly12345 placed suspicious WATER_BUCKET @ wild: x111, z418
18:39 aboly12345 placed suspicious WATER_BUCKET @ wild: x76, z420
18:39 aboly12345 placed suspicious WATER_BUCKET @ wild: x76, z420
18:39 aboly12345 placed suspicious WATER_BUCKET @ wild: x76, z420
18:39 aboly12345 placed suspicious WATER_BUCKET @ wild: x76, z420
18:39 aboly12345 placed suspicious WATER_BUCKET @ wild: x76, z420
18:39 aboly12345 placed suspicious WATER_BUCKET @ wild: x76, z420
18:41 aboly12345 placed suspicious WATER_BUCKET @ wild: x111, z419
18:41 aboly12345 placed suspicious WATER_BUCKET @ wild: x111, z419
18:41 aboly12345 placed suspicious WATER_BUCKET @ wild: x111, z419
18:41 aboly12345 placed suspicious WATER_BUCKET @ wild: x111, z419
18:41 aboly12345 placed suspicious WATER_BUCKET @ wild: x112, z419
18:41 aboly12345 placed suspicious WATER_BUCKET @ wild: x108, z411
18:41 aboly12345 placed suspicious WATER_BUCKET @ wild: x103, z394
18:41 aboly12345 placed suspicious WATER_BUCKET @ wild: x103, z394
18:45 aboly12345 placed suspicious WATER_BUCKET @ wild: x80, z417
18:45 aboly12345 placed suspicious WATER_BUCKET @ wild: x100, z394
18:45 aboly12345 placed suspicious WATER_BUCKET @ wild: x100, z394
18:46 aboly12345 placed suspicious WATER_BUCKET @ wild: x111, z405
18:46 aboly12345 placed suspicious WATER_BUCKET @ wild: x111, z405
18:46 aboly12345 placed suspicious WATER_BUCKET @ wild: x111, z405
18:46 aboly12345 placed suspicious WATER_BUCKET @ wild: x111, z406
18:47 aboly12345 placed suspicious WATER_BUCKET @ wild: x111, z409
18:47 aboly12345 placed suspicious WATER_BUCKET @ wild: x111, z409
18:47 aboly12345 placed suspicious WATER_BUCKET @ wild: x111, z409
18:47 aboly12345 placed suspicious WATER_BUCKET @ wild: x111, z409
18:47 aboly12345 placed suspicious WATER_BUCKET @ wild: x111, z409
18:47 aboly12345 placed suspicious WATER_BUCKET @ wild: x111, z409
18:48 aboly12345 placed suspicious WATER_BUCKET @ wild: x113, z407
18:48 aboly12345 placed suspicious WATER_BUCKET @ wild: x113, z407
18:48 aboly12345 placed suspicious WATER_BUCKET @ wild: x113, z407
18:48 aboly12345 placed suspicious WATER_BUCKET @ wild: x113, z407
18:48 aboly12345 placed suspicious WATER_BUCKET @ wild: x113, z408
18:48 aboly12345 placed suspicious WATER_BUCKET @ wild: x113, z408
19:06 aboly12345 placed suspicious WATER_BUCKET @ wild: x159, z533
19:06 aboly12345 placed suspicious WATER_BUCKET @ wild: x121, z561
19:07 aboly12345 placed suspicious WATER_BUCKET @ wild: x107, z414
19:16 aboly12345 placed suspicious WATER_BUCKET @ wild: x91, z405
19:16 aboly12345 placed suspicious WATER_BUCKET @ wild: x91, z405
19:16 aboly12345 placed suspicious WATER_BUCKET @ wild: x90, z405
19:20 aboly12345: حسین
19:22 aboly12345: حسین داداش kasra007کی میاد
19:23 aboly12345 placed suspicious WATER_BUCKET @ wild: x114, z419
19:23 aboly12345 placed suspicious WATER_BUCKET @ wild: x175, z380
19:26 aboly12345 placed suspicious WATER_BUCKET @ wild: x106, z408
19:30 aboly12345 placed suspicious WATER_BUCKET @ wild: x108, z420
19:31 aboly12345 placed suspicious WATER_BUCKET @ wild: x82, z394
19:35 aboly12345 placed suspicious WATER_BUCKET @ wild: x84, z410
19:36 aboly12345 placed suspicious WATER_BUCKET @ wild: x108, z413
19:36 aboly12345 placed suspicious WATER_BUCKET @ wild: x111, z394
19:39 aboly12345 placed suspicious WATER_BUCKET @ wild: x136, z423
19:39 aboly12345 placed suspicious WATER_BUCKET @ wild: x110, z387
19:39 aboly12345 placed suspicious WATER_BUCKET @ wild: x109, z387
19:40 aboly12345 placed suspicious WATER_BUCKET @ wild: x104, z392
19:40 aboly12345 placed suspicious WATER_BUCKET @ wild: x104, z392
19:40 aboly12345 placed suspicious WATER_BUCKET @ wild: x104, z392
19:40 aboly12345 placed suspicious WATER_BUCKET @ wild: x96, z397
19:41 aboly12345 placed suspicious WATER_BUCKET @ wild: x104, z392
19:42 aboly12345 placed suspicious WATER_BUCKET @ wild: x108, z404
19:42 aboly12345 placed suspicious WATER_BUCKET @ wild: x116, z412
20:04 Texr      : hosseinansari
20:06 Texr      : hosseinansari
20:18 aboly12345: حوسین داداش کجایی
20:19 aboly12345 placed suspicious WATER_BUCKET @ wild: x83, z399
20:19 aboly12345 placed suspicious WATER_BUCKET @ wild: x84, z404
20:19 aboly12345 placed suspicious WATER_BUCKET @ wild: x92, z409
20:19 aboly12345 placed suspicious WATER_BUCKET @ wild: x103, z413
20:20 aboly12345 placed suspicious WATER_BUCKET @ wild: x105, z401
20:20 aboly12345 placed suspicious WATER_BUCKET @ wild: x105, z399
20:26 aboly12345 placed suspicious WATER_BUCKET @ wild: x97, z401
20:27 aboly12345: hosein joooooooooooooooooooooooooooooooooooooooooooooooooooooooooonn bkhb
20:27 aboly12345: yo yo yo
20:30 aboly12345 placed suspicious WATER_BUCKET @ wild: x108, z418
20:31 aboly12345 placed suspicious WATER_BUCKET @ wild: x105, z417
20:31 aboly12345 placed suspicious WATER_BUCKET @ wild: x78, z416
20:32 aboly12345 placed suspicious WATER_BUCKET @ wild: x104, z392
20:33 aboly12345 placed suspicious WATER_BUCKET @ wild: x93, z398
20:34 aboly12345 placed suspicious WATER_BUCKET @ wild: x74, z410
20:34 aboly12345 placed suspicious WATER_BUCKET @ wild: x74, z410
20:34 aboly12345 placed suspicious WATER_BUCKET @ wild: x74, z409
20:47 Killo_oMaster: home
20:50 hosseinansari: goh doni dakhel
20:51 Killo_oMaster: coolhossein :/ martek bi sefat
21:14 aboly12345   : حوسینننن
21:26 aboly12345 placed suspicious WATER_BUCKET @ wild: x108, z389
21:26 aboly12345 placed suspicious WATER_BUCKET @ wild: x105, z392
21:26 aboly12345 placed suspicious WATER_BUCKET @ wild: x104, z397
21:27 aboly12345 placed suspicious WATER_BUCKET @ wild: x107, z414
21:31 aboly12345 placed suspicious WATER_BUCKET @ wild: x116, z412
21:35 aboly12345 placed suspicious WATER_BUCKET @ wild: x126, z371
21:35 aboly12345 placed suspicious WATER_BUCKET @ wild: x132, z382
21:36 aboly12345 placed suspicious WATER_BUCKET @ wild: x107, z403
21:38 aboly12345 placed suspicious WATER_BUCKET @ wild: x70, z427
21:43 aboly12345 placed suspicious WATER_BUCKET @ wild: x101, z425
21:45 aboly12345 placed suspicious WATER_BUCKET @ wild: x89, z415
21:45 aboly12345 placed suspicious WATER_BUCKET @ wild: x91, z416
21:45 aboly12345 placed suspicious WATER_BUCKET @ wild: x91, z415
21:45 aboly12345 placed suspicious WATER_BUCKET @ wild: x92, z415
21:45 aboly12345 placed suspicious WATER_BUCKET @ wild: x91, z416
21:45 aboly12345 placed suspicious WATER_BUCKET @ wild: x91, z415
21:45 aboly12345 placed suspicious WATER_BUCKET @ wild: x92, z415
21:45 aboly12345 placed suspicious WATER_BUCKET @ wild: x92, z415
21:45 aboly12345 placed suspicious WATER_BUCKET @ wild: x91, z416
21:49 aboly12345 placed suspicious WATER_BUCKET @ wild: x107, z404
21:50 aboly12345 placed suspicious WATER_BUCKET @ wild: x70, z426
21:52 aboly12345 placed suspicious WATER_BUCKET @ wild: x71, z425
21:58 aboly12345 placed suspicious WATER_BUCKET @ wild: x70, z426
21:58 aboly12345 placed suspicious WATER_BUCKET @ wild: x70, z424
21:59 aboly12345   : منو میاری
22:02 aboly12345 placed suspicious WATER_BUCKET @ wild: x70, z427
22:03 aboly12345 placed suspicious WATER_BUCKET @ wild: x89, z417
22:05 aboly12345   : بخواب
22:20 hosseinansari: dadsh chikar mikoni
22:35 kasraILOLI   : s
22:35 hosseinansari: msg kasraILOLI ts
22:37 kasraILOLI   : pore
22:37 kasraILOLI   : s
22:37 kasraILOLI   : s
22:37 kasraILOLI   : ..
22:42 kasraILOLI   : S
22:43 kasraILOLI   : restart
22:48 kasraILOLI: s
