00:22 RichPlant    :  placed a sign @ wild: x-29, z925
  [Private]
  RichPlant
00:26 RichPlant    :  placed a sign @ wild: x-45, z924
  [Private]
  RichPlant
01:42 Killo_oMaster: aeval
01:42 kasraILOLI   : scorebord bug bod?
01:43 Killo_oMaster: are
01:43 kasraILOLI   : scorebord bug bod?
01:43 kasraILOLI   : scorebord bug bod?
01:43 kasraILOLI   : scorebord bug bod?
01:43 kasraILOLI   : okay
01:43 Killo_oMaster: @kasraILOLI pol bdeh :/
01:43 Killo_oMaster: zahmat kshidi
01:45 kasraILOLI   : w
02:14 kasraILOLI   : tahala battle pass to mincraft didi?
02:14 Killo_oMaster: n
02:14 kasraILOLI   : emshab grare bebini
02:14 Killo_oMaster: oj
02:15 Killo_oMaster: ok
02:15 kasraILOLI   : server restarting
02:15 kasraILOLI   : server restarting,,,
02:15 Killo_oMaster: :/
02:15 Killo_oMaster: waghan ?
02:26 Killo_oMaster: ??
02:32 Killo_oMaster: @kasraILOLI shab khosh
03:38 MmdScor      :  placed a sign @ wild: x-1562, z1872
  [Private]
  MmdScor
07:25 Khalvach     : scor
08:02 sjsj         : cancel
08:12 sjsj         : م
08:12 sjsj         : سلام
08:12 sjsj         : مس
08:16 sjsj         : مسن
08:47 sjsj         : T
08:48 sjsj         : op
11:45 mahdimzl     : test
11:45 kasraILOLI   : asd
11:45 kasraILOLI   : sazd
11:45 kasraILOLI   : sad
11:45 kasraILOLI   : asd
11:45 kasraILOLI   : sad
11:47 kasraILOLI   : ./bpa new season
11:49 kasraILOLI   : ./bpa give points kasraILOLI 1000
11:59 Seppro_24 : che server kobi bah bah
11:59 mahdimzl  : mamnoon
12:00 Seppro_24 : ba account premium ham mishe omad?
12:00 mahdimzl  : bale
12:01 Seppro_24 : ok
12:01 Seppro_24 : belakare azad shodam
12:02 mahdimzl  : bezar bebaram jay khob
12:02 kasraILOLI: w
12:02 Seppro_24 : on jaii ke man bodam biome kobi nabod
12:02 Seppro_24 : inja job ham dare?
12:03 mahdimzl  : felan na
12:03 Seppro_24 : ok
12:04 Seppro_24 : chera mob nisttttt
12:04 Seppro_24 : gohnama
12:04 mahdimzl  : -/kit
12:04 mahdimzl  : -/kit copper beghir
12:04 Seppro_24 : ahan
12:05 mahdimzl  : -/kit copper beghir
12:05 mahdimzl  : in hafte free shode
12:05 mahdimzl  : -/kit copper beghir
12:05 mahdimzl  : okkkkkkkkk
12:08 Seppro_24 : che ping kobi daram bah bah
12:09 Seppro_24 : mersii
12:13 mahdimzl  : player ha inja jam hastan
12:13 Seppro_24 : wow
12:14 mahdimzl  : aghar dos dari mitomi inja khone besazi
12:14 mahdimzl  : aghar dos dari mitomi inja khone besazi
12:14 mahdimzl  : bia
12:15 Seppro_24 : baiad felan ja pieda konam
12:16 Seppro_24 : man keli crash mekoram
12:17 mahdimzl  : ping bade
12:21 mahdimzl  : az koja server gir avardi ?
12:21 Seppro_24 : man?
12:21 mahdimzl  : bale
12:21 Seppro_24 : man ke shomaro mishansam
12:21 Seppro_24 : xcity
12:21 mahdimzl  : eshgh
12:22 Seppro_24 : didam server minecraft zadid manam ke minecraft dost daram omadam inja
12:22 mahdimzl  : 💖💘
12:23 kasraILOLI: &3&lrare
12:23 Seppro_24 : chera ingadr member kam dare
12:23 mahdimzl  : taze run kardim
12:23 mahdimzl  : oke mishe
12:23 Seppro_24 : movafagh bashid
12:23 mahdimzl  : eshgh
12:23 kasraILOLI: Rare
12:24 kasraILOLI: &3&lrare
12:24 kasraILOLI: &3&lRare
12:24 kasraILOLI: &3&lRare
12:25 Seppro_24 : ping 2000 xd
12:25 kasraILOLI: /msg mahdimzl /bpa editor 
12:25 kasraILOLI: XD
12:25 Seppro_24 : keili delam mikad zang bezanam mokaberat
12:33 kiyan998  : salam
12:33 mahdimzl  : hi
12:37 kiyan998  : salam
12:37 kiyan998  : man taze omadam
12:37 kiyan998  : kasi nistttt
12:44 kiyan998  : salam
12:44 kasraILOLI: salam
12:44 kiyan998  : man kiyanam
12:45 kasraILOLI: khoshbakhtam
12:45 kiyan998  : pishete???
12:45 kasraILOLI: chi?
12:45 kiyan998  : chejory biyam pishet
12:45 kasraILOLI: ./tpa kasraILOLI
12:46 kasraILOLI: bezan
12:49 kiyan998  : kojayyyd
12:49 kasraILOLI: ./tpa kasraILOLI
12:49 kasraILOLI: bezan
12:49 kasraILOLI: reqset tp bede
12:49 kiyan998  : ok
12:50 kasraILOLI: ./kit
12:50 kasraILOLI: bezan
12:50 kasraILOLI: kit starter ro begir
12:51 kasraILOLI: kit copper ro begir
12:51 kasraILOLI: ta 3 rooz dige free e
12:53 kasraILOLI: khone nemisazi?
12:54 kasraILOLI: khone nemisazi?
12:54 kiyan998  : na
12:54 kasraILOLI: chera?
12:56 kiyan998 placed suspicious WATER_BUCKET @ wild: x115, z628
12:57 kasraILOLI: to spawnam
12:58 kiyan998 placed suspicious WATER_BUCKET @ wild: x133, z815
12:58 kiyan998 placed suspicious WATER_BUCKET @ wild: x134, z821
12:58 kiyan998 placed suspicious WATER_BUCKET @ wild: x134, z824
12:58 kasraILOLI: Rare Key
12:58 kasraILOLI: RareKey
12:59 kiyan998  : Alan kojayy
12:59 kasraILOLI: ./spawn
13:02 kasraILOLI: ??
13:03 kiyan998  : koja miri??
13:03 kasraILOLI: nemiram
13:04 kiyan998 placed suspicious WATER_BUCKET @ wild: x-40, z-245
13:04 kiyan998 placed suspicious WATER_BUCKET @ wild: x-40, z-245
13:05 kiyan998  : hasti???
13:05 kasraILOLI: شقث
13:05 kasraILOLI: are
13:06 kasraILOLI: dash man bram stermer biram biam
13:06 kiyan998  : kiyan sarih??
13:15 kiyan998 placed suspicious WATER_BUCKET @ wild: x-95, z-261
13:15 kiyan998 placed suspicious WATER_BUCKET @ wild: x-95, z-259
13:15 kiyan998 placed suspicious WATER_BUCKET @ wild: x-95, z-259
13:16 kiyan998 placed suspicious WATER_BUCKET @ wild: x-94, z-258
13:16 kiyan998 placed suspicious WATER_BUCKET @ wild: x-94, z-258
13:16 kiyan998 placed suspicious WATER_BUCKET @ wild: x-96, z-258
