09:42 RestInPeace  : omfg
09:43 RestInPeace  : arad game ghadimi :DDDDDDDDDDDDDD
09:43 RestInPeace  : getout
13:31 kasra007     : /msg itbaz2010 chetori 
14:08 aryan9595    : bruh
14:08 Mester_Arya  : xD
14:08 Mester_Arya  : diamond
14:08 aryan9595    : e
14:08 Mester_Arya  : xD
14:08 aryan9595    : ye set
14:08 aryan9595    : vasaiel
14:08 Mester_Arya  : ?
14:10 aryan9595    : khob
14:10 Mester_Arya  : haji
14:10 Mester_Arya  : vaisa
14:10 Mester_Arya  : ye ss
14:10 Mester_Arya  : miyad
14:10 Mester_Arya  : dis
14:11 aryan9595    : aryaaaa
14:11 aryan9595    : god appla
14:11 Mester_Arya  : ?
14:11 aryan9595    : nist
14:11 Mester_Arya  : eee
14:11 aryan9595    : ye seria nist asan
14:11 aryan9595    : bruuuuh
14:11 Mester_Arya  : lage
14:12 Mester_Arya  : burh
14:12 aryan9595    : vasta beram sky blocko bebinam buge onam
14:12 aryan9595    : ye seri armor hast bardar
14:12 aryan9595    : ba bow
14:12 aryan9595    : aaa
14:13 aryan9595    : fix shode
14:13 Mester_Arya  : xD
14:13 aryan9595    : vali
14:13 aryan9595    : god applamon
14:13 aryan9595    : nist
14:13 aryan9595    : bruh
14:13 aryan9595    : shop ham nemifroshe
14:13 Mester_Arya  : miram mine
14:13 aryan9595    : hale
14:13 aryan9595    : armoraro bardashti ?
14:13 aryan9595    : to chest
14:13 Mester_Arya  : ar
14:13 Mester_Arya  : burh
14:13 Mester_Arya  : ss narafte
14:14 aryan9595    : afk miram lobby
14:14 kasra007     : /msg Mester_Arya salam 
14:14 Mester_Arya  : salam
14:14 kasra007     : /msg Mester_Arya maiy play bedim? 
14:14 Mester_Arya  : :/
14:15 kasra007     : :/
14:15 kasra007     : streamm
14:15 Mester_Arya  : solo
14:15 Mester_Arya  : behtare
14:15 kasra007     : ek item hadeagl midi?
14:15 Mester_Arya  : starteram hanoz :/
14:15 Mester_Arya  : taze raftam mine
14:15 kasra007     : khobe
14:16 aryan9595    : khob
14:16 Mester_Arya  : /msg aryan9595 msg kon 
14:16 Mester_Arya  : /msg aryan9595 en omade 
14:16 aryan9595    : /msg Mester_Arya ok 
14:17 Mester_Arya  : /msg aryan9595 migam solo hastam xD 
14:17 Mester_Arya  : ee
14:17 Mester_Arya  : /msg aryan9595 ye pickemon nashe ? 
14:17 aryan9595    : /msg Mester_Arya yedonast xD 
14:17 Mester_Arya  : /msg aryan9595 gharz xD 
14:17 aryan9595    : /msg Mester_Arya mitoni dublivate koni xD 
14:17 aryan9595    : /msg Mester_Arya diamond pada kon 
14:17 Mester_Arya  : /msg aryan9595 bede 
14:17 aryan9595    : /msg Mester_Arya fortchen VII 
14:17 Mester_Arya  : /msg aryan9595 ta pida konam 
14:18 Mester_Arya  : /msg aryan9595 4 ta daram 
14:18 Mester_Arya  : /msg aryan9595 ye ss 
14:18 aryan9595    : xD
14:18 Mester_Arya  : /msg aryan9595 ye ss gereftam 
14:18 Mester_Arya  : /msg aryan9595 kol enja 
14:18 Mester_Arya  : /msg aryan9595 iron hastttttt 
14:18 Mester_Arya  : /msg aryan9595 mar pichi 
14:18 Mester_Arya  : /msg aryan9595 axe bede had aghal xD 
14:19 aryan9595    : /msg Mester_Arya axe khodeto bede 
14:19 Mester_Arya  : xD
14:19 Mester_Arya  : /msg aryan9595 bia enja 
14:20 Mester_Arya  : /msg aryan9595 picko bad bede mikham lvl begiram 
14:20 Mester_Arya  : /msg aryan9595 miram chob 
14:21 aryan9595    : /msg Mester_Arya ok xD 
14:21 aryan9595    : /msg Mester_Arya khob mashti to boro chob man in dige 
14:21 Mester_Arya  : /msg aryan9595 chob mage xp mide ? 
14:21 Mester_Arya  : /msg aryan9595 IQ 
14:21 aryan9595    : /msg Mester_Arya 
14:21 aryan9595    : /msg Mester_Arya fek kardam level in pluginaro mikhay ke skill dare 
14:21 aryan9595    : /msg Mester_Arya level sf mikhay pas 
14:22 Mester_Arya  : /msg aryan9595 har do 
14:24 Mester_Arya  : /msg aryan9595 hoe ndasht ? 
14:24 aryan9595    : /msg Mester_Arya na 
14:25 RichPlant    : hola
14:26 kasra007     : RICH
14:26 kasra007     : bia ts
14:26 RichPlant    : bash
14:33 aryan9595    : aryaaa
14:33 Mester_Arya  : haa
14:33 aryan9595    : ah
14:33 aryan9595    : combati
14:33 aryan9595    : mikhastam ino bedam
14:33 aryan9595    : bia
14:34 Mester_Arya  : /msg aryan9595 bill dasht ? 
14:35 Mester_Arya  : /msg aryan9595 bill mikham 
14:35 Mester_Arya  : /msg aryan9595 billeto bede 
14:35 aryan9595    : /msg Mester_Arya axe = bil xD trade 
14:35 Mester_Arya  : /msg aryan9595 agha 
14:35 Mester_Arya  : /msg aryan9595 gharz xD 
14:35 Mester_Arya  : /msg aryan9595 mikham flat konam enjaro 
14:36 aryan9595    : /msg Mester_Arya kir khar agha xD 
14:36 aryan9595    : /msg Mester_Arya dige chizi nemidam xD 
14:36 Mester_Arya  : /msg aryan9595 kgafe xD 
14:36 Mester_Arya  : /msg aryan9595 khafe 
14:42 Mester_Arya  : /msg aryan9595 playera rikhtan xD 
14:42 aryan9595    : /msg Mester_Arya xD 
14:42 Mester_Arya  : /msg aryan9595 alan mishe 70 nafar yeho 
14:44 kingamirreza : الان میام تیم اسپیک
14:44 kingamirreza : غذا میدی
14:44 Mester_Arya  : /msg aryan9595 bia billo begir 
14:45 aryan9595    : xD
14:45 Mester_Arya  : /msg aryan9595 pick xD 
14:45 aryan9595    : /msg Mester_Arya sik xD 
14:45 aryan9595    : /msg Mester_Arya kar daram 
14:45 aryan9595    : /msg Mester_Arya ine 
14:45 Mester_Arya  : /msg aryan9595 bia enaro bekan pas 
14:45 aryan9595    : /msg Mester_Arya mine 
14:45 aryan9595    : /msg Mester_Arya hale miam 
14:45 aryan9595    : /msg Mester_Arya clime dari ? 
14:46 kingamirreza : کجا رقتی
14:46 Mester_Arya  : /msg aryan9595 100 
14:46 aryan9595    : /msg Mester_Arya manam 163 
14:46 aryan9595    : /msg Mester_Arya yeki tp dad 
14:46 aryan9595    : /msg Mester_Arya che konim 
14:46 Mester_Arya  : /msg aryan9595 accpet nakon 
14:46 Mester_Arya  : /msg aryan9595 be manam dad 
14:48 Mester_Arya  : /msg aryan9595 bia bekan enaro digeeeeeeee 
14:48 Mester_Arya  : /msg aryan9595 xD 
14:48 aryan9595    : /msg Mester_Arya dobal spawneram vastaaaaaa 
14:48 Mester_Arya  : /msg aryan9595 dalghak 2 ta pick to kite hast 
14:49 aryan9595    : /msg Mester_Arya zombie vilager 
14:49 Mester_Arya  : /msg aryan9595 migi 1 done daram 
14:49 aryan9595    : /msg Mester_Arya man az hame 2 ta gereftam ama alan nistttttt 
14:49 Mester_Arya  : /msg aryan9595 :/ 
14:51 aryan9595    : /msg Mester_Arya spawner spider 
14:52 Mester_Arya  : /msg aryan9595 bruh 
14:55 Mester_Arya  : /msg aryan9595 spawn egg villager 100k :/ 
14:55 aryan9595    : /msg Mester_Arya haji ye cave god pada kardam 
14:56 Mester_Arya  : /msg aryan9595 tosh pre irone 
14:57 Mester_Arya placed suspicious WATER_BUCKET @ wild: x-1381, z-37
15:00 kasraILOLI   : server restarting.................
15:00 kasraILOLI   : server restarting.................
15:00 Mester_Arya  : :/
15:00 kasraILOLI   : server restarting.................
19:11 Mester_Arya: LD_AMIR
19:23 Mester_Arya placed suspicious WATER_BUCKET @ wild: x-1335, z13
22:19 kasraILOLI : bia ts
22:19 RichPlant  : nemitonam
22:19 RichPlant  : to discord toye voiceam
22:20 kasraILOLI : ok
22:20 RichPlant  : sharmane :>
22:20 RichPlant  : man miram sham miam
22:20 kasraILOLI : moshkeli to server paida kardi?
22:20 kasraILOLI : server ro mikham rest bedam
22:28 kasraILOLI: rich
22:28 RichPlant : janam
22:28 kasraILOLI: hoy
22:28 RichPlant : e
22:28 RichPlant : damet garm :D
22:28 kasraILOLI: ./buyclaimblocksm
22:28 kasraILOLI: test kon
22:28 kasraILOLI: ./buyclaimblock
22:29 RichPlant : YA KHODA
22:29 RichPlant : CHEKHARD GEROON
22:29 kasraILOLI: okay bod?
22:29 RichPlant : are
22:29 RichPlant : 100 ta kharidam 5k
22:29 kasraILOLI: kamesh mikonam
22:29 RichPlant : hale
23:52 coolhossein: mahdimzl pool bde mahdi 10k starter hichi nadad
23:52 coolhossein: mahdi
23:52 mahdimzl   : ok
23:52 mahdimzl   : ok
23:52 coolhossein: merci
23:52 mahdimzl   : team speak khasti bia
23:53 coolhossein: okie
23:53 mahdimzl   : ts.xcitygame.com
23:53 mahdimzl   : server khobe ?
23:53 coolhossein: are
23:54 coolhossein: player haj agh mikhay che koni
