00:01 mahdimzl   : coolhossein
00:01 coolhossein: bale
00:01 mahdimzl   : mitoni /plugin bezani ?
00:01 coolhossein: na
00:02 mahdimzl   : mersi
00:02 mahdimzl   : nemiay ts ?
00:02 coolhossein: nadarm
00:02 mahdimzl   : discord ?
00:02 coolhossein: vc jayi am
00:03 mahdimzl   : koni
00:06 coolhossein: vilage nadare in seed ?
00:06 RichPlant  : gi :D
00:06 RichPlant  : chera dare
00:06 mahdimzl   : dare
00:06 coolhossein: nis
00:06 RichPlant  : :|
00:06 RichPlant  : begard
00:42 mahdimzl  : mahdimzl
00:44 mahdimzl  : @mahdimzl
11:43 kasra007  : rich
11:57 kasra007  : home
12:13 kasra007  : ./kit starter
12:15 kasra007  : ./tpa kasra007
12:15 kasra007  : ino bezan
12:25 kasra007  : w
12:30 _Spooder_Killer_: &4&l[ &6&k: &1&lGo&b&ldOf&f&lWar &6&k: &4&l] &b&lkasra007 accept pleas
12:31 _Spooder_Killer_: kasra007 na shokhi kardam bia
12:32 _Spooder_Killer_: kasra007 biaa !
12:32 _Spooder_Killer_: kasra007 bia itemato bedam
12:32 _Spooder_Killer_: kasra007
12:33 _Spooder_Killer_: kasra007 money mikhay ?
12:33 _Spooder_Killer_: chjory money bedam behet ?
12:38 mamad123MM      : kasra007 tpa قبول کن
12:42 mamad123MM      : kasra007 tpa قبول کن
12:43 maziar_MXR      : skinam loade
12:43 kasra007        : are
12:43 maziar_MXR      : man mitoonam felan inga basham
12:44 kasra007        : ./kit starter
12:47 maziar_MXR      : man mitoonam pish shoma zendegi konam
12:48 maziar_MXR      : ?
12:48 kasra007        : are
12:48 maziar_MXR      : :]
12:48 kasra007        : boro baghal man ek khone mesaz
12:48 maziar_MXR      : khonat kogas
12:48 kasra007        : khamine ke darm
12:49 kasra007        : khamine ke darm misazm
12:49 maziar_MXR      : ghaza darid
12:49 kasra007        : are
12:49 maziar_MXR      : midi
12:49 kasra007        : ./kit bezan
12:49 kasra007        : ro food click kon
12:49 kasra007        : ghaza mide
12:51 maziar_MXR      : chagoory claim kardi
12:51 kasra007        : ./claim
12:57 maziar_MXR      : key sobh mishe
12:57 kasra007        : nemidoam
13:00 kasra007        : mmmd trust bedam?
13:01 kasra007        : tpa bede maziar
13:03 maziar_MXR      : axe midi:|
13:03 maziar_MXR      : pls
13:03 maziar_MXR      : back
13:04 maziar_MXR      : :]
13:05 SirMrFarnam     : kasraILOLI chera tp dadi?
13:05 kasra007        : to mage to chat nagofti?
13:05 SirMrFarnam     : na
13:05 kasra007        : sorry
13:06 kasra007        : bia
13:06 kasra007        : item mikhai?
13:06 SirMrFarnam     : chob faghat mikham
13:06 kasra007        : bia
13:06 SirMrFarnam     : kheyl iziad
13:06 SirMrFarnam     : damet garm
13:06 SirMrFarnam     : dispenser dari?
13:06 kasra007        : khamino dashtam
13:06 kasra007        : na
13:06 SirMrFarnam     : ok
13:06 SirMrFarnam     : iron chi
13:06 kasra007        : 3 ta darm
13:07 SirMrFarnam     : ok
13:07 kasra007        : mikhai bet bedam
13:07 SirMrFarnam     : n
13:07 kasra007        : ok
13:07 maziar_MXR      : choob jangel mikharam
13:08 SirMrFarnam     : redstone kasi dare?
13:08 mamad123MM      : HOUSE
13:08 kasra007        : n
13:09 maziar_MXR      : help
13:10 maziar_MXR      : chejoory behet pool bedam
13:10 kasra007        : nemikhad
13:10 maziar_MXR      : begoo
13:10 kasra007        : ba /pay mitoni poll bedi
13:11 maziar_MXR      : ./pay mizanam red mishe
13:14 maziar_MXR      : ma nemitoonam beram bala
13:17 kasra007        : tpa bede
13:19 maziar_MXR      : ridan
13:20 mamad123MM      : trust bedam
13:20 kasra007        : benazm
13:20 kasra007        : na soton
13:20 mamad123MM      : dadam
13:21 kasra007        : kamel kardi tphere bede
13:21 mamad123MM      : okw
13:24 maziar_MXR      : man tp bedid
13:24 mamad123MM      : kasra007 na naro
13:24 kasra007        : chera?
13:24 mamad123MM      : ta 2 bemon hadagal
13:24 kasra007        : ./home
13:27 maziar_MXR      : alan kit starterM NADAram
17:36 kasra007  : ./rtp
17:39 kasra007  : chizi mikhai?
17:41 aryaxv666 : م
17:41 aryaxv666 : kdf
17:46 ML12603   : tp konnnnnnn
18:00 aryaxv666 :  placed a sign @ wild: x213, z420
  ب
18:01 aryaxv666 :  placed a sign @ wild: x183, z401
  اینطوری خخخخخخخخ
18:01 kasra007  :  placed a sign @ wild: x184, z402
  chera to chat ha
18:30 kasra007  : asd
18:44 MR_grass  : slam
18:44 kasra007  : salam
18:45 kasra007  : ./kit bezan
18:45 MR_grass  : منو به خودت تی پی کن پاره شدم
18:46 MR_grass  : mano be khodt tp kn knart beys bzanam
18:47 kasra007  : ./tpaccept
18:47 kasra007  : bezan
18:48 MR_grass  : komakt konm
18:48 kasra007  : mitini bari mine koni?
18:48 kasra007  : ekam iron?
18:48 MR_grass  : ya joda
18:49 MR_grass  : چی
18:49 MR_grass  : chi
18:49 kasra007  : chi shod?
18:49 kasra007  : bia
18:49 MR_grass  : hc
18:49 kasra007  : bia bekan
18:49 kasra007  : na az noja
18:50 kasra007  : in paine
18:50 MR_grass  : manmiramfarmkonampoldrbyarm
18:51 MR_grass  : miram farm
18:51 SEPEHRAM11: salam
18:51 kasra007  : hale
18:51 kasra007  : salam
18:51 SEPEHRAM11: nmishe be server voice add konin?
18:51 kasra007  : hatman
18:51 kasra007  : farda add mishe
18:52 SEPEHRAM11: bashe
18:53 MR_grass  : lavapolnadidi
18:53 kasra007  : jon?
18:54 MR_grass  : lavapol
18:54 kasra007  : khob
18:54 kasra007  : to server hast
18:57 MR_grass  : inkhonepayinbraman
18:57 kasra007  : ghbol kon
18:58 MR_grass  : kojayi
18:58 kasra007  : ./tpaccept
18:58 kasra007  : bezan
18:58 kasra007  : biam pishet
18:58 SEPEHRAM11: yezare gheymate inchanta balanist??
18:58 MR_grass  : onkhonebraman
18:59 kasra007  : motenasbe
18:59 kasra007  : bazam cheak midam
18:59 kasra007  : kodom?
18:59 kasra007  : on clime
18:59 kasra007  : bra man nist
18:59 kasra007  : bara yeki be name mmad hast
18:59 MR_grass  : maltonist
19:00 kasra007  : chi chi?
19:00 kasra007  : fasale bede bine kalame ha
19:00 kasra007  : \
19:01 kasra007  : jonam?
19:01 MR_grass  : chjoriaytmbforsham
19:02 kasra007  : bia to stream bego
19:02 kasra007  : nemifhamam
19:05 SEPEHRAM11: mano mindaze biron mige tp packet
19:06 SEPEHRAM11: man hey mindaze biron mige to many packet
19:06 Mester_Arya: are
19:06 Mester_Arya: moghe mine kardan
19:06 kasra007   : pingte balas
19:06 MR_grass   : byadarbazkn
19:07 kasra007   : to stream bego
19:07 SEPEHRAM11 : pingam zade 0
19:07 SEPEHRAM11 : pingam 32 e
19:07 kasra007   : packet loss dari
19:08 MR_grass   : mankatdarmbayy
19:09 kasra007   : jon?
19:15 SEPEHRAM11 : dadsh mishe behem fortune 3 bedi loftan??
19:15 kasra007   : ndarm kodam
19:15 kasra007   : visa
19:16 SEPEHRAM11 : baba man bekhoda fibrenoriam baz mioftam biron hey
19:17 SEPEHRAM11 : baba bekhoda fibre noriam hey mioftam biron
19:17 kasra007   : check mikonam
19:17 SEPEHRAM11 : merci dadsh babat fortune
19:20 RestInPeace: huh
19:20 RestInPeace: kasra007 ,_, ehsas nemikoni yekam player kame ?
19:20 kasra007   : are
19:21 kasra007   : server 2 rooze run shode
19:21 kasra007   : entezar chi dari?
19:21 RestInPeace: bayad to anonc 2 week ghabl run migofti ke arad bade gharn ha mikhad run she o hezar dastan ta playera bargardan :/
19:21 RestInPeace: darja anonc run shodd:
19:21 SEPEHRAM11 : dadash mishe ino halesh koni hey mioftam biron
19:21 kasra007   : bar migrdan
19:22 kasra007   : arom arom
19:22 RestInPeace: sf ro ye update nemikonin ?
19:22 SEPEHRAM11 : dadsh mishe dorostesh koni hey mioftam biron
19:22 RestInPeace: network / supreme / dynatech / fluffy
19:22 kasra007   : bezar check bedam
19:23 kasra007   : farde har kodom update bashen
19:23 kasra007   : add midam
19:23 RestInPeace: ok
19:23 kasra007   : fluffy updatesh nyomade vase 1.20.6
19:24 kasra007   : khob
19:24 kasra007   : fek konam moshkelo peyda kardam
19:25 SEPEHRAM11 : khob?
19:34 kasraILOLI: okay nashod?
19:34 SEPEHRAM11: chera fekr konam
19:35 kasraILOLI: hale
19:56 SEPEHRAM11 placed suspicious WATER_BUCKET @ wild: x-497, z1457
20:21 SEPEHRAM11: kasra dadsh yekam behem book shelf midi?
20:21 SEPEHRAM11: merxi
22:26 kasraILOLI: ./vulcan violations kasraILOLI
23:24 kasraILOLI: ./vulcan
23:25 kasraILOLI: ./vulcan ban Texr
23:53 Texr      : ./tpaccept
