00:00 coolhossein: home
11:53 kasra007  : allo?
11:53 shadow_miner_: fgi
11:53 shadow_miner_: بله
11:54 kasra007     : chetori shoma
11:54 shadow_miner_: چاکریم
11:54 kasra007     : nokartam
11:54 shadow_miner_: من از تو استریم ای پی رو برداشتم اومدم
11:54 kasra007     : ayval
11:54 shadow_miner_: مرسی
11:55 kasra007     : nokretam
11:55 shadow_miner_: صدا تو از استریم دارم
11:55 shadow_miner_: چون استریم دیلی داره دیر جواب می دم
11:55 shadow_miner_: اره
12:01 mamad123MM   : kasra007
12:01 mamad123MM   : to owneri
12:01 kasra007     : na dagigan
12:01 mamad123MM   : to ak digat
12:02 kasra007     : chi?
12:02 mamad123MM   : owner kie inja ??
12:02 kasra007     : mahdi
12:02 mamad123MM   : ok
12:07 mamad123MM   : kasra007 trust midi ??
12:07 kasra007     : dadam
12:07 mamad123MM   : e
12:07 mamad123MM   : tnx
12:09 shadow_miner_: خونم تموم شد
12:10 kasra007     : chi karkonamesh?
12:10 mamad123MM   : kasra007 mal khodet
12:10 kasra007     : khobe
12:11 kasra007     : climesh kon
12:11 shadow_miner_: باشه
12:13 mamad123MM   : shishe dari
12:14 mamad123MM   : shishe dari kasra007
12:17 mamad123MM   : kasra007 torch bezar
12:17 mamad123MM   : kasra007 torch bezar nor dashte baseh
12:17 kasra007     : hale
12:19 mamad123MM   :  placed a sign @ wild: x186, z339
  chest room
12:19 mamad123MM   :  placed a sign @ wild: x191, z338
  chill
12:19 mamad123MM   :  placed a sign @ wild: x189, z346
  Exit
12:19 mamad123MM   :  placed a sign @ wild: x184, z338
  Hall
12:19 mamad123MM   : fagat mano toiim kasra007 l:
12:19 kasra007     : are :)
12:19 mamad123MM   : 2ta ahan dari
12:20 mamad123MM   : 2ta uhan midi
12:20 kasra007     : chi manzoretre?
12:20 mamad123MM   : اهن
12:21 kasra007     : nadarm :)
12:21 mamad123MM   : sang mishe bardaram
12:21 kasra007     : are
12:21 mamad123MM   : tnx
12:22 mamad123MM   : are okeye
12:25 mamad123MM   : manam beram stearim
12:25 kasra007     : hale mard
12:25 mamad123MM   : ok obs run konam
12:27 mamad123MM   : base man tamome
12:27 kasra007     : bro mine
12:27 mamad123MM   : ok vasa
12:28 kasra007     : manam farm darm mizanm
12:28 mamad123MM   : chob dari yekam
12:28 kasra007     : bro chestamo bbin
12:29 kasra007     : nemidonam
12:30 mamad123MM   : vasa baham berim
12:30 mamad123MM   : bia base man
12:30 mamad123MM   : bebin khobe
12:32 kasra007     : ts dari?
12:32 mamad123MM   : team speak
12:32 kasra007     : are
12:32 mamad123MM   : dashtam alan na
12:32 mamad123MM   : alan dis ba meet
12:33 mamad123MM   : yekam chob bezan niaz mishe
12:36 mamad123MM   : kojaii
12:38 kasra007     : asd
12:39 mamad123MM   : midoni chera
12:39 kasra007     : chera?
12:39 mamad123MM   : nashin
12:39 kasra007     : hale
12:39 mamad123MM   : age ba auto click spam snow ball bedi hamino mige
12:40 mamad123MM   : wtfff
12:40 mamad123MM   : chunkam max bod
12:40 kasra007     : chie?
12:40 kasra007     : :)
12:40 mamad123MM   : yeeeee
12:40 mamad123MM   : cave jore
12:41 mamad123MM   : water bicket
12:41 mamad123MM   : water bucket
12:41 kasra007     : ndarm
12:41 mamad123MM   : inja
12:42 mamad123MM   : bara pixace
12:43 mamad123MM   : vasa
12:43 mamad123MM   : chera simple voice chat nemirizin to server ??
12:44 kasra007     : rikhtim
12:44 mamad123MM   : e mitoni berizi manam berizam
12:44 kasra007     : bad stream okay mikonim
12:44 mamad123MM   : ok stearim ta keye chon man 2bargamon mire
12:45 kasra007     : bbin emroz to saat 6 okay mishe
12:45 mamad123MM   : bia berim
12:51 mamad123MM   : 1m afk
12:52 mamad123MM   : im back
12:52 mamad123MM   : pol dari bedi yekam
12:53 kasra007     : na
12:54 mamad123MM   : fernace
12:54 mamad123MM   : zogal
12:55 kasra007     : ./tpaccept
12:55 mamad123MM   : man vahshiam kill midamesh (:
12:56 kasra007     : chi?
12:56 mamad123MM   : وحشیم
12:56 kasra007     : dadash pvp khamoshe :)
12:56 mamad123MM   : bruhhhhhhhhhhhhhhhhh
12:56 kasra007     : ./pvp mishe pvp khamosh roshan kard
12:57 mamad123MM   : bia bala
12:58 mamad123MM   : mishe kit coppero dorost koni ??a
12:58 kasra007     : freesh konam?
12:58 mamad123MM   : are
12:59 kasra007     : sbr
12:59 mamad123MM   : ok ak digat to lobbye
12:59 mamad123MM   : ok ak digat to lobbye??
12:59 kasra007     : agha
12:59 kasra007     : kit copper freee
12:59 mamad123MM   : yea
13:00 kasra007     : fghat havaset bashe har 6 rooz mishe graft
13:01 mamad123MM   : bah bah
13:01 mamad123MM   : shadow_miner_
13:02 mamad123MM   : shadow_miner_ بزن /kit بعد کیت کاپر
13:03 mamad123MM   : naaaaaaaaaaaaaaaaaaaaaaaaaaaaaaaaaaaaaaaaaaaaaaaa
13:03 mamad123MM   : kit copper thorns dare komakkkkkkkkkkkkkkkk
13:03 kasra007     : chi shode?
13:03 kasra007     : ee
13:04 kasra007     : chi kar mikoni?
13:04 mamad123MM   : pvp disable kon
13:04 mamad123MM   : bia pvp
13:04 mamad123MM   : haminjori
13:04 kasra007     : pvp to khamoshe
13:05 kasra007     : b
13:05 kasra007     : visa
13:05 kasra007     : shild mikham
13:05 mamad123MM   : man nemizaram
13:05 mamad123MM   : 3
13:05 mamad123MM   : 2
13:06 mamad123MM   : 1m
13:06 mamad123MM   : come here
13:07 kasra007     : sab kon
13:08 kasra007     : oh
13:08 kasra007     : tp bede
13:08 aermin456 placed suspicious WATER_BUCKET @ wild: x557, z801
13:09 mamad123MM   : berim base
13:11 ironstar3    : tll
13:12 mamad123MM   : inja slime fun bashe
13:12 kasra007     : na flan farme
13:12 mamad123MM   : ok base man ye ja bara slime fun ok
13:12 kasra007     : server discord ro dari?
13:12 mamad123MM   : 1m afk
13:12 mamad123MM   : alan m iam
13:13 mamad123MM   : /msg kasra007 man bachama 
13:13 kasra007     : /msg mamad123MM chetor? 
13:14 mamad123MM   : /msg kasra007 age mikhay biam voice 
13:14 kasra007     : /msg mamad123MM dadash farghi nadare 
13:15 mamad123MM   : dis servero midi
13:15 kasra007     : bro lobby server dis ro neveshte
13:18 ironstar3 placed suspicious WATER_BUCKET @ wild: x-398, z254
13:18 ironstar3    : site nadare?
13:18 SEPEHRAM11   : salam
13:18 kasra007     : na
13:18 SEPEHRAM11   : mahdi dadash voice add nmikonin?
13:19 kasra007     : site dar hale sakhte
13:19 mamad123MM   : bia SEPEHRAM11
13:19 mamad123MM   : bia
13:19 SEPEHRAM11   : fol enchanty
13:20 mamad123MM   : bia man ba tabar ahani
13:20 SEPEHRAM11   : khste nabashi cd
13:20 mamad123MM   : noob bruh
13:21 RestInPeace  : Uwu
13:22 coolhossein  : RestInPeace ?
13:22 Amir_Dunya   : mahdimzl hi
13:23 mamad123MM   : noob sagggggg
13:23 SEPEHRAM11   : xd
13:23 ironstar3    : nobbbb
13:23 mamad123MM   : 1m afk
13:23 SEPEHRAM11   : bache sal ba fol enchanty
13:23 SEPEHRAM11   : xd
13:23 kasra007     : DOSTAN KIT COPPER FREE HSAT TO 1 HAFTE
13:23 mamad123MM   : /msg SEPEHRAM11 koskhol full enchant nist 
13:23 kasra007     : ./kit
13:24 kasra007     : to bakhsh copper
13:24 mamad123MM   : /msg kasra007 bia inaro bezanim 
13:24 SEPEHRAM11   : /msg mamad123MM akhe bache sal mage gharar nabod ba tabar bazi koni nobb?? 
13:24 kasra007     : /msg mamad123MM nababa vlesh kon 
13:24 mamad123MM   : kit copper free shode SEPEHRAM11
13:25 coolhossein  : pashmam
13:25 Amir_Dunya   : ele
13:25 Amir_Dunya   : elev
13:25 mamad123MM placed suspicious LAVA_BUCKET @ wild: x188, z356
13:25 SEPEHRAM11   : radt migi
13:25 mamad123MM   : SEPEHRAM11 alan tp bede
13:26 SEPEHRAM11   : vali heal nakonim ok?
13:26 SEPEHRAM11   : mamad heal nmikonim ok?
13:26 mamad123MM   : ok
13:26 SEPEHRAM11   : 1 2 3 bego
13:26 coolhossein  : kasra007 minion bara suvival add bde jedi
13:27 SEPEHRAM11   : haha
13:27 kasra007     : nkon
13:28 coolhossein  : :|
13:28 kasra007     : dadash solh konid tamom she
13:29 mamad123MM   : runner
13:29 SEPEHRAM11   : xd
13:29 coolhossein  : mahdimzl abbas
13:29 Amir_Dunya   : mahdimzl developer mikhay ?
13:29 SEPEHRAM11   : heal mikoni mamad vagarna adady nisti
13:30 SEPEHRAM11   : bad cheghadr oskoly masalan mikhasty trap koni???
13:30 mamad123MM   : Allllllllll /pwarp Gods Shop
13:30 mamad123MM   : . Allllllllllllllllll/pw warp Gods
13:30 mamad123MM   : /msg kasra007 nazani 
13:31 kasra007     : hale
13:31 mamad123MM   : /msg kasra007 nazani /pwarp warp gods 
13:31 mamad123MM   : . Allllllllllllllllll/pw warp Gods
13:31 mamad123MM   : . Allllllllllllllllll/pw warp Gods shop item
13:31 coolhossein  : bashe dadash
13:31 mamad123MM   : coolhossein diamond 100ta offer /pw warp gods
13:31 coolhossein  : bash
13:32 mamad123MM   : bezanid /pw warp Gods
13:32 mahdimzl     : trape ?
13:32 mamad123MM   : /msg mahdimzl eshkal dare 
13:32 mamad123MM   : /msg mahdimzl eshkal dare trap 
13:32 mahdimzl     : felan na ?
13:32 mamad123MM   : ok
13:32 mahdimzl     : felan na
13:32 mahdimzl     : vali nmitine biad
13:32 mamad123MM   : Alllllllllllllllll /pw warp Gods Shop best
13:33 Amir_Dunya   : /msg mahdimzl developer mikhay ? 
13:33 mamad123MM   : parham1393k /pw warp Gods
13:33 mahdimzl     : /msg Amir_Dunya discord ticket bede 
13:33 mamad123MM   : Amir_Dunya /pw warp Gods
13:34 mamad123MM placed suspicious WATER_BUCKET @ wild: x189, z357
13:34 Amir_Dunya   : /msg mahdimzl ticet panel nadarid 
13:34 coolhossein  : /msg mahdimzl mahdi 
13:34 mamad123MM   : /msg steve40529 بزن /pw warp Gods بهت ارمور بدم 
13:34 mahdimzl     : /msg coolhossein ? 
13:35 coolhossein  : /msg mahdimzl discord developer mikhay ? 
13:35 mahdimzl     : na
13:35 Amir_Dunya   : /msg mahdimzl man mitonam baraton mine ro develop konam cool ham mitone discord config kone 
13:35 Amir_Dunya   : /msg mahdimzl mikhay berim voice ? 
13:37 Amir_Dunya   : /msg mahdimzl biam move me ?> 
13:37 mahdimzl     : na livim
13:37 mamad123MM   : /msg kasra007 testi bezan /pw warp Gods 
13:38 kasra007     : /msg mamad123MM dadash midoam trape 
13:38 mamad123MM   : /msg kasra007 bezan havasam behet hast 
13:38 mamad123MM   : /msg kasra007 bezan chizit nemishe 
13:38 mamad123MM   : /msg kasra007 ofesh mikonam 
13:38 kasra007     : /msg mamad123MM dadash nemishe omad :) 
13:38 mamad123MM   : e
13:39 mamad123MM   : dobar posht sar ham bezan
13:39 mamad123MM   : dobar posht sar ham bezan kasra007
13:39 Amir_Dunya   : /msg mahdimzl agar khasti mitonam pl ham benevisam 
13:39 kasra007     : ajab
13:39 mahdimzl     : neveshtam
13:39 mamad123MM   : bezan bekhoda karet nemishe
13:39 coolhossein  : /msg mahdimzl lashi 
13:39 mamad123MM   : etemad kon
13:40 coolhossein  : /msg mahdimzl gheymat claim block ro biar payin 
13:40 mamad123MM placed suspicious WATER_BUCKET @ wild: x188, z356
13:40 steve40529 placed suspicious WATER_BUCKET @ wild: x614, z364
13:40 steve40529 placed suspicious WATER_BUCKET @ wild: x614, z364
13:40 mamad123MM placed suspicious WATER_BUCKET @ wild: x188, z356
13:40 kasra007     : dadash ban dare
13:40 coolhossein  : /msg mahdimzl che khabare 50 $ 
13:40 mamad123MM   : na mahdi goft na
13:40 kasra007     : farda gavanino update mikonam
13:40 aermin456 placed suspicious WATER_BUCKET @ wild: x581, z807
13:40 aermin456 placed suspicious WATER_BUCKET @ wild: x583, z807
13:40 aermin456 placed suspicious WATER_BUCKET @ wild: x584, z808
13:40 coolhossein  : kasra007 abbas
13:41 aermin456    : کسی تیپی قبول میکنه
13:41 coolhossein  : /msg kasra007 gheymat claim block ro biar payin 50 $ khilye 
13:41 coolhossein  : na
13:41 steve40529   : are
13:41 kasra007     : hale
13:41 Amir_Dunya   : /msg kasra007 developer mikhay ? 
13:41 kasra007     : farda nerf mishe
13:41 kasra007     : /msg Amir_Dunya na solton 
13:42 aermin456    : میشه با من دوست باشی
13:42 mamad123MM   : netammmmmm
13:42 kasra007     : are soton
13:42 mamad123MM   : zadamet behet golden apple bedam netam disi shod
13:42 mamad123MM   : zadamet behet golden apple bedam netam disi shod mahdimzl
13:43 mamad123MM   : naaa vasaylam
13:43 kasra007     : playera var dashtan
13:44 aermin456    : میشه من اینجا ها خونه بسازم
13:44 mamad123MM   : mahdimzl
13:44 kasra007     : are
13:44 mamad123MM   : mahdimzl behet trust dadam
13:44 mamad123MM   : bia base mano bebin
13:45 mamad123MM   : on base mane
13:45 mamad123MM   : trusty
13:49 mamad123MM   : mahdimzl slime fun inja mikham bezanam
13:49 mahdimzl     : khobe
13:49 kasra007     : manam bbinm
13:50 kasra007     : dadash climto be ham bechsbon
13:50 mamad123MM   : gaza
13:50 mamad123MM   : bargamon alan mire
13:51 kasra007     : iran core:
13:51 SEPEHRAM11   : mahdimzil
13:53 mamad123MM   : /msg mahdimzl pol midi yekam 
13:53 coolhossein  : t
13:53 SEPEHRAM11   : kasra
13:54 mamad123MM   : are kasra007 seda dostet mia
13:54 mamad123MM   : are kasra007 seda dostet miad
13:54 kasra007     : okay
13:54 SEPEHRAM11   : kasrailoli
13:58 kasra007     : 3 dagige barget mire na?
13:58 atashadowkiller: تی پی بدین
13:58 kasra007       : ./tpaccept
13:58 kasra007       : bezan
13:58 kasra007       : /msg aermin456 dadash khonato clime komn 
13:58 kasra007       : /msg aermin456 dadash khonato clime kon 
13:59 aermin456      : چجوری کنم
13:59 kasra007       : ./claim
13:59 mamad123MM     : kasra007 mikhad hamaro ban kone [ayande kasra] mahdimzl
13:59 kasra007       : bad ba shovel clime bozorg koshek kon
14:01 atashadowkiller: حال ندارم اروم بکنم چیت زدم با تشکر
14:02 aermin456      : میزنم ولی نمیشه
14:02 kasra007       : ajab
14:02 atashadowkiller: خخخخخخخ
14:02 kasra007       : dare logosh miyofte
14:02 aermin456      : داداش کلیم میزنم نمیشه
14:03 mahdimzl       : bil tala dari ?
14:03 aermin456      : اره
14:03 mahdimzl       : ko ?
14:03 aermin456      : اینجا
14:03 mahdimzl       : cheat nazan dadash
14:03 mahdimzl       : bil tala begir
14:03 aermin456      : میشه برام کنی
14:04 atashadowkiller: کاش ویس چت میاوردید
14:04 mahdimzl       : begir dasted
14:04 aermin456      : کلیم نمیشه
14:04 atashadowkiller: نه نیس
14:04 mahdimzl       : بیل طلا
14:05 aermin456      : چکارش کنم
14:05 mahdimzl       : طلاااااااااااااااااااا
14:05 atashadowkiller: من فابریک دارم
14:05 mahdimzl       : بگیر دستت
14:05 mahdimzl       : راست کلیک کن این راست
14:05 mahdimzl       : راست کلیک کن این راست
14:05 aermin456      : کردم
14:06 mahdimzl       : راست
14:06 aermin456      : زدم
14:06 mahdimzl       : یکی اینجا یکی اون ور
14:06 mahdimzl       : یه مربع
14:06 aermin456      : میزنم نمیاره
14:06 mahdimzl       : ارورش چیه ؟
14:06 mahdimzl       : یکی اینجا یکی اون ور
14:06 aermin456      : قرمیز رنگ
14:07 aermin456      : نمیشه
14:07 mahdimzl       : راست کلیک
14:07 kasra007 placed suspicious WATER_BUCKET @ wild: x417, z1334
14:07 aermin456      : یکی دیگه بده
14:07 mahdimzl       : چی ؟
14:07 aermin456      : نمیشه ارورش قرمزه
14:08 mahdimzl       : چقدر کلبم بلاک داری ؟
14:08 aermin456      : نمیدونم
14:08 kasra007 placed suspicious WATER_BUCKET @ wild: x534, z1400
14:08 mahdimzl       : کردم برات
14:08 aermin456      : شد
14:08 aermin456      : الان ی بلاک بکن
14:09 mahdimzl       : ستیک بگیر
14:09 atashadowkiller: اگه برقا نره برج میلاد میسازم
14:09 aermin456      : مرسی
14:09 mahdimzl       : oke
14:10 SEPEHRAM11 placed suspicious WATER_BUCKET @ wild: x-497, z1450
14:10 aermin456      : اینجا برا توعه که
14:10 atashadowkiller: سرور همیشه رانه؟
14:10 kasra007       : are
14:10 atashadowkiller: میخوام صدمو بزارم
14:11 mahdimzl       : ?
14:11 aermin456      : تو ی بلاک بکن
14:11 aermin456      : نمیشه
14:11 mahdimzl       : نمیشه
14:11 mahdimzl       : فقط تو مکیتونی
14:11 aermin456      : اوکی برو
14:13 aermin456 placed suspicious WATER_BUCKET @ wild: x229, z427
14:14 atashadowkiller: معدن دارم کسی میخواد
14:14 atashadowkiller: معدن ساختن
14:14 SEPEHRAM11 placed suspicious WATER_BUCKET @ wild: x-501, z1451
14:14 SEPEHRAM11 placed suspicious WATER_BUCKET @ wild: x-499, z1451
14:14 kasra007       : /msg atashadowkiller dadasg 
14:14 Foroughi       : coolhossein بچه سال
14:14 kasra007       : /msg atashadowkiller dadash 
14:15 atashadowkiller: ها
14:15 kasra007       : /msg atashadowkiller bara ek hafte badi kit copper free shode 
14:15 kasra007       : /msg atashadowkiller begir 
14:15 atashadowkiller: باش
14:15 aermin456      : ```````````````````
14:16 aermin456 placed suspicious WATER_BUCKET @ wild: x241, z424
14:18 aermin456      : چجوری شاپ بزنم
14:18 Foroughi       : با وزارت نفت صحبت کن
14:18 Foroughi       : باید اینماد داشته باشی
14:23 aermin456      : میشه به من سنگ بدید
14:23 aermin456      : شما کریتیو هستید
14:25 kasra007       : dadash logsh dare miad
14:26 kasra007       : boro
14:26 aermin456      : میشه چوبب بدید
14:26 kasra007       : dadash ndarm
14:26 kasra007       : boro bekan
14:26 Foroughi       : به 3 تا برده سیاه پوست برای کار کردن یک ارباب سفید پوست نیازمندیم
14:27 Foroughi       : رامین
14:27 aermin456      : چقدر پول میدی
14:27 Killo_oMaster  : noobed
14:27 Killo_oMaster  : mahdimzl noob
14:27 Foroughi       : به 3 تا برده سیاه پوست برای کار کردن یک ارباب سفید پوست نیازمندیم
14:27 aermin456      : وسایلم رو بدید
14:27 kasra007       : dadash item hat pak
14:27 kasra007       : shod
14:27 kasra007       : bia
14:28 kasra007       : dadash
14:28 kasra007       : aval ./pvp bezan
14:28 kasra007       : kasi nkoshtet
14:28 Killo_oMaster  : Foroughi salam barnameh chand ?
14:28 aermin456      : کشته منو
14:28 kasra007       : are
14:28 Foroughi       : به 3 تا برده سیاه پوست برای کار کردن یک ارباب سفید پوست نیازمندیم
14:28 kasra007       : ./pvp bezan
14:28 kasra007       : ./pvp بزن
14:28 aermin456      : یکی منو زد
14:28 kasra007       : ./pvp کشت ایتم هاتو برد
14:28 aermin456      : cnl
14:28 kasra007       : خب
14:28 Foroughi       : رامین بیا اینجا میخوام یه جنده خونه بسازم
14:29 aermin456      : زدم
14:29 kasra007       : الان دیگه کسی نمی تونه بکشتت
14:29 kasra007       : بیاپ
14:29 aermin456      : وسایلم روبده جون مادرت
14:29 kasra007       : dast man nist
14:29 kasra007       : sbr kon
14:29 kasra007       : bia behet item bedam
14:30 aermin456      : جانمادرت وسایلم رو بده
14:31 kasra007       : bia behtaresh
14:31 aermin456      : چوب و سنگ
14:31 kasra007       : nadarm dige
14:31 RichPlant      : suger can ziad mikani error packet mide
14:32 aermin456      : من کارگرم
14:32 aermin456      : کسی نمیخواد براش کار کنم
14:33 aermin456      : چوب رو بده
14:33 mahdimzl       : becan
14:34 aermin456      : میشه تخت بدی
14:34 kasra007       : dadash nemitoni bekhabi
14:35 RichPlant      : man?
14:37 aermin456      : ]di
14:37 aermin456      : چیه
14:37 parham1393k    : میای بریم ندر
14:37 aermin456      : اره
14:37 aermin456      : تو ندر گمنشیم
14:38 parham1393k    : من مپ دارم
14:38 aermin456      : بزن
14:38 kasra007       : ./back bezan
14:40 aermin456      : داداش به من ابسیدین میدی
14:40 aermin456      : کمه
14:40 parham1393k    : برای چی میخوای
14:40 aermin456      : کار دارم
14:41 parham1393k    : من دیگه ندارم بزار مپ ببینم
14:41 aermin456      : داری بده
14:41 parham1393k    : میرم از اونجا لاوا میاریم ابسدین کنیم ندارم
14:42 aermin456      : چیه
14:42 parham1393k    : طلا کفش طلا
14:43 aermin456      : گم نشیم
14:43 parham1393k    : سیو کردم
14:43 mahdimzl       : shadowkiller chear nazan
14:43 mahdimzl       : shadowkiller cheat nazan
14:44 parham1393k    : ک
14:44 shadowkiller   : دستم خورد ببخشید
14:44 parham1393k    : گلد میدی
14:44 RichPlant      : /msg mahdimzl CoreProtect 
14:46 aermin456      : داداش چطوری سیو میکنی
14:47 parham1393k    : مپ ریختم مود مپ
14:47 aermin456      : ریسورسپک داری
14:47 parham1393k    : اره
14:47 aermin456      : غذا داری
14:47 parham1393k    : 30
14:47 parham1393k    : بیا دنبال
14:47 aermin456      : یزره بده
14:48 parham1393k    : ایجا کجاست
14:48 parham1393k    : بیا بریم فرت رس
14:52 parham1393k    : رسیدم
14:54 parham1393k    : بیا
14:55 RichPlant      : test
14:55 aermin456      : کجایی
14:56 Killo_oMaster placed suspicious WATER_BUCKET @ wild: x151, z448
14:57 RichPlant      : test
14:58 Killo_oMaster  : home
15:02 Killo_oMaster placed suspicious WATER_BUCKET @ wild: x151, z448
15:03 aermin456      : کجایی دادا
15:03 parham1393k    : بالا
15:07 Killo_oMaster placed suspicious WATER_BUCKET @ wild: x159, z456
15:13 parham1393k    : کجا
15:18 aermin456      : بیا بریم فرترس
15:18 parham1393k    : خود دمبالش
15:22 parham1393k    : بیت
15:22 parham1393k    : فورترس
15:23 aermin456      : کو
15:24 parham1393k    : بالا یا پایین
15:25 parham1393k    : پایین
15:27 aermin456      : قذا بده
15:27 parham1393k    : KI
15:28 parham1393k    : بزار بیا خواهش میکنم
15:28 parham1393k    : ایمر
15:28 aermin456      : کجایی
15:28 parham1393k    : تی پی بده مردم
15:29 parham1393k    : بده بیام
15:29 aermin456      : تو باید تیپی بدی
15:29 parham1393k    : دادم
15:29 parham1393k    : قبول کن
15:30 parham1393k    : پوشن سازی بلدی
15:31 aermin456      : ن
15:31 parham1393k    : این گیاه برات پوشن میزازم
15:31 parham1393k    : استرنج
15:31 parham1393k    : هیل
15:31 parham1393k    : از اینا
15:32 parham1393k    : شنیدی
15:32 aermin456      : چیو
15:32 parham1393k    : از گیاه بده
15:32 parham1393k    : پوشن بسازم برات
15:33 aermin456      : بیا بلیز جمع کنیم
15:33 parham1393k    : بلیز تو شاپ بزن
15:34 parham1393k    : دلار مکبعی
15:34 aermin456      : چی
15:34 parham1393k    : دلار مکعب بزن
15:34 aermin456      : چجوری بزنم
15:34 parham1393k    : بعد استخون
15:35 parham1393k    : چپ کلیک برای من
15:35 parham1393k    : دیدی
15:35 aermin456      : k
15:35 aermin456      : ن
15:36 parham1393k    : برات چنتا بلیز بخرم
15:36 aermin456      : اره بریم بازی رو تموم کنیم
15:36 parham1393k    : چنتا بلیز
15:36 parham1393k    : بخرم
15:36 aermin456      : 19
15:36 parham1393k    : زیاد داش
15:36 parham1393k    : 10 خوبه
15:37 aermin456      : نمیدونم
15:37 aermin456      : اره بگیر
15:37 parham1393k    : 10 گرفتم
15:37 aermin456      : چشم اندر من
15:37 parham1393k    : یکم پول میزنی
15:37 parham1393k    : ندارم بخرم
15:38 aermin456      : ][,vd \,g fckl
15:38 aermin456      : چجوری پول بزنم
15:38 parham1393k    : نداره شرور
15:39 aermin456      : چی
15:39 parham1393k    : خرید
15:39 parham1393k    : از اینا بده
15:39 aermin456      : کی خریدی
15:40 parham1393k    : بزن اسپان
15:41 parham1393k    : زدی
15:41 aermin456      : اره
15:41 parham1393k    : تی پی بده
15:41 aermin456      : تیپی کن
15:41 parham1393k    : دادم
15:42 aermin456      : من باید برم
15:42 aermin456      : بای
15:44 Killo_oMaster  : man kiram to in zindgi
15:51 parham1393k    : ادمین باگ خوردم
15:51 parham1393k    : یک دقیقه میای روم
15:51 parham1393k    : ادیمن جان
15:54 aermin456      : داداش کجایی
15:54 parham1393k    : بیا روم
15:54 aermin456      : تیپی بدم
15:54 parham1393k    : اره
15:55 aermin456      : تیپی دادم
15:55 parham1393k    : کلیم کجاست
15:56 aermin456      : چی
15:56 parham1393k    : جای خونه ساختی
15:56 aermin456      : اره
15:56 parham1393k    : برو اونجا
15:57 aermin456      : رفتم
15:57 parham1393k    : بزار بیام
16:09 parham1393k    : ادیمن جان چطوری کلیم از یک جا دیگه ببرم یک جا دیگه
16:09 parham1393k    : چه / میخواد
16:29 SEPEHRAM11 placed suspicious WATER_BUCKET @ wild: x-500, z1458
16:34 SEPEHRAM11     : agha voice add nmikonin be server????
16:38 SEPEHRAM11     : hasti"???
16:55 ItzHajPrime    : kasra007
16:55 mahdimzl       : ؟
16:55 mahdimzl       : جانم
16:55 ItzHajPrime    : onwer
16:55 ItzHajPrime    : dadash onwer
16:55 mahdimzl       : jan?
16:57 mahdimzl       : jan? ItzHajPrime
16:58 mahdimzl       : jan? ItzHajPrime
16:59 ItzHajPrime    : mishe man media sham har short vidio man 1k ta 10 k bazdid dare baraton yek vidio besazan server shoma marof bede hale
16:59 ItzHajPrime    : mishe man media sham har short vidio man 1k ta 10 k bazdid dare baraton yek vidio besazan server shoma marof bede hale
16:59 mahdimzl       : esm discord va youtub chee?
17:00 ItzHajPrime    : dadash youtube kar mikonam alan link ro midam
17:00 ItzHajPrime    : https://www.youtube.com/@KouroshStrix این لینک کانال منه اگر دوست داشتی منو ساب کن حله بوش به کلت
17:00 mahdimzl       : esm kanal ham beghi hale
17:02 mahdimzl       : Korosh-Kng ?
17:29 mahdimzl  : superme
17:30 mahdimzl  : superme
17:30 mahdimzl  : supreme
17:48 mahdimzl  : sim
17:56 mahdimzl  : test
18:32 SEPEHRAM11: salam
18:32 shadowkiller: سلام
18:32 SEPEHRAM11  : ghabol mikoni lotfan?
18:33 shadowkiller: چی
18:33 SEPEHRAM11  : tp
18:33 shadowkiller: تی پی بده بیا اینجا
18:34 SEPEHRAM11  : dadam ghabol kon
18:41 shadowkiller: ارمین کجایی
18:41 shadowkiller: ارمین
18:41 aermin456   : چیه
18:41 shadowkiller: کجایی هدیه بدم
18:42 aermin456   : چه هدییده
18:42 shadowkiller: کجایی
18:42 aermin456   : چکار داری
18:42 shadowkiller: هدیه
18:42 aermin456   : چه هدییه ای
18:42 shadowkiller: بیا ببین
18:42 shadowkiller: من وسط جزیرم
18:42 aermin456   : تیپی ک
18:44 aermin456   : تیپی کن
18:44 shadowkiller: من تراست کن بیست
18:44 aermin456   : چی درست بگو
18:44 shadowkiller: نترس کار به بیست ندارم
18:44 aermin456   : چکار داری
18:44 shadowkiller: بزنم اسلاشtrast
18:45 shadowkiller: fck
18:45 shadowkiller: بزن
18:45 aermin456   : نمیفهمم چمیگی
18:45 shadowkiller: بزن/trast shadowkiller
18:45 aermin456   : نمیزنم
18:45 shadowkiller: چرا
18:46 aermin456   : فکر کردی خرم
18:46 shadowkiller: درک بیا
18:54 shadowkiller: من بخشندم
18:54 aermin456   : برا چی
18:55 shadowkiller: عشقی دادم
19:00 shadowkiller: ارمی تو سرو چرا نمیشه اسپانر خرید
19:02 shadowkiller: f
19:02 shadowkiller: ffff
19:02 aermin456   : داداش گمشدم
19:02 aermin456   : کمک
19:03 shadowkiller: تی پی بده
19:03 aermin456   : دادم
19:10 aermin456   : کسی دونه داره
19:10 shadowkiller: بخر
19:13 aermin456   : ی نفر بیاد پیشم
19:14 aermin456   : کارش دارم
19:14 shadowkiller: واسه چی
19:14 aermin456   : بیا
19:15 aermin456   : اینجارو بکن
19:15 aermin456   : چکار کنم کسی نتونه بکنه
19:15 shadowkiller: کلیمتو بزرگتر کن
19:16 aermin456   : چطوری
19:16 shadowkiller: با بیل
19:16 shadowkiller: طلایی
19:16 aermin456   : بیل طلایی باید بسازم
19:16 shadowkiller: کیت کلیم
19:17 shadowkiller: اسلش کیت بزن
19:17 aermin456   : خب من الان بیل طلایی دارم
19:17 aermin456   : بعد چکارکنم
19:17 shadowkiller: چپ کلیکک کن اونجایی که میخوای
19:18 aermin456   : بیا پیشم میگم
19:19 aermin456   : بکن
19:21 shadowkiller: این قرمزه توش نمیتونه کسی بکنه حله
19:26 shadowkiller placed suspicious WATER_BUCKET @ wild: x144, z415
19:26 shadowkiller placed suspicious WATER_BUCKET @ wild: x144, z415
19:26 shadowkiller placed suspicious WATER_BUCKET @ wild: x144, z415
19:26 shadowkiller placed suspicious WATER_BUCKET @ wild: x144, z415
19:26 shadowkiller placed suspicious WATER_BUCKET @ wild: x144, z415
19:28 shadowkiller placed suspicious WATER_BUCKET @ wild: x144, z416
19:28 shadowkiller placed suspicious WATER_BUCKET @ wild: x144, z416
19:28 shadowkiller placed suspicious WATER_BUCKET @ wild: x144, z416
19:28 shadowkiller placed suspicious WATER_BUCKET @ wild: x144, z416
19:28 shadowkiller placed suspicious WATER_BUCKET @ wild: x144, z416
19:28 shadowkiller placed suspicious WATER_BUCKET @ wild: x144, z416
19:28 shadowkiller placed suspicious WATER_BUCKET @ wild: x144, z416
19:28 shadowkiller placed suspicious WATER_BUCKET @ wild: x144, z416
19:28 shadowkiller placed suspicious WATER_BUCKET @ wild: x144, z416
19:28 shadowkiller placed suspicious WATER_BUCKET @ wild: x144, z416
19:29 shadowkiller placed suspicious WATER_BUCKET @ wild: x145, z423
19:30 shadowkiller placed suspicious WATER_BUCKET @ wild: x152, z422
19:31 SmogPro1    : salam
19:32 iBuyPower_Xx: -winlocker008 dfmgksdmfkgMSKDfmskdmkvmsdkfvmsdo92304ir293r
20:01 aermin456 placed suspicious WATER_BUCKET @ wild: x214, z420
20:02 aermin456 placed suspicious WATER_BUCKET @ wild: x228, z436
20:02 aermin456 placed suspicious WATER_BUCKET @ wild: x216, z436
20:03 aermin456   : پرهام
20:03 parham1393k : سلام
20:03 aermin456   : بیا پیشم
20:03 shadowkiller: سلام
20:03 parham1393k : الان
20:04 aermin456   : شمارتو میدی
20:05 parham1393k : بیا لابی بدم
20:05 aermin456   : چند سالته
20:05 parham1393k : 13
20:05 shadowkiller: من 14
20:06 aermin456   : چه شهری هستی
20:06 parham1393k : البرز
20:06 shadowkiller: تهران ورامین
20:06 parham1393k : ورامین شهر گرون
20:06 aermin456   : من تهران
20:06 shadowkiller: خخخخخخخخ
20:06 parham1393k : عادی اونجا نمیر
20:06 parham1393k : دایمند چنتا داری
20:07 parham1393k : برای ابگرید نداریت میگم
20:07 aermin456   : ندرایت داری
20:07 parham1393k : 1 دونه میخوایش
20:08 aermin456   : اره
20:08 aermin456   : چجوری خونه رو تو هم داشته باشی
20:08 parham1393k : تراسک میدی من باگ خونه
20:09 aermin456   : چی بلد نیستم
20:09 parham1393k : ./tr 3 بزن رو اسم من
20:09 aermin456   : ی بار دیگه بگو
20:10 parham1393k : نمیزاره
20:10 aermin456   : چجوری کنم
20:11 parham1393k : بزن /tr سه
20:11 parham1393k : رو اسم من
20:11 aermin456   : س جیه
20:12 aermin456   : س چیه
20:12 parham1393k : ./trusa
20:12 parham1393k : t
20:12 parham1393k : نه ش
20:12 parham1393k : a
20:13 aermin456   : زدم
20:13 parham1393k : شد
20:13 aermin456   : وسایلاتو بزار
20:14 parham1393k : خوبه
20:14 aermin456   : شمارتو بگو
20:14 parham1393k : بیا لابی
20:14 aermin456   : اسم ریسورس پک و برام بفرست
20:14 shadowkiller: کاش ویس چت بیارن
20:17 aermin456   : کجایی
20:17 shadowkiller: من
20:18 shadowkiller: معدن ساختم تو ماینم
20:18 aermin456   : اره
20:19 aermin456 placed suspicious WATER_BUCKET @ wild: x137, z430
20:19 aermin456 placed suspicious WATER_BUCKET @ wild: x137, z430
20:23 aermin456   : شمارتو بده
20:23 parham1393k : نیومدی لابی
20:26 parham1393k : دست نزن
20:26 aermin456   : نترس شمارتو بده
20:26 parham1393k : خو بیا لابی
20:26 aermin456   : نمیشه بده دیگه
20:27 parham1393k : 09338158875 بزن روبیکا تو اسکواد داریم
20:27 parham1393k : جان
20:27 aermin456   : به منم بده
20:29 parham1393k : استرنج گرفتم حاجی بلخره
20:29 aermin456   : ب منم بده
20:30 parham1393k : میسازم خیلی زیاد
20:30 parham1393k : نخور
20:30 parham1393k : برای فیت بود
20:30 aermin456   : چی کار میکنه
20:30 parham1393k : استرنج میبره بالا
20:30 parham1393k : میشه شاب نس
20:31 parham1393k : روی وارن دراگون ماب نه من
20:31 aermin456   : بریم ندر
20:31 parham1393k : برای چی
20:31 aermin456   : دراگونو شکست بدیم
20:31 parham1393k : اون اند
20:31 aermin456   : ببخشید
20:32 aermin456   : بریم
20:32 parham1393k : واسا نگفتی چنتا دایمند داری
20:32 aermin456   : چطور
20:32 parham1393k : برای ابگرید نداریت
20:32 shadowkiller: من 1استک دارم
20:32 parham1393k : بیشتر بسازم ازش
20:32 shadowkiller: یه ابگریدر میدی
20:32 shadowkiller: میخرم با 30 دایمند
20:33 shadowkiller: میدی
20:33 aermin456   : بیا خونه
20:33 parham1393k : بکن
20:34 parham1393k : برو خونت بیام
20:34 shadowkiller: ارمین خونتم
20:35 aermin456   : قبول کن
20:35 parham1393k : برای چی
20:35 shadowkiller: ابگریدر
20:36 parham1393k : باش چنتا
20:36 shadowkiller: iv ]d ;vlj
20:36 aermin456   : برو بیرون
20:36 shadowkiller: هر چی کرمت
20:36 aermin456   : چی
20:36 parham1393k : نمیتونه کار
20:36 parham1393k : چنتا
20:36 shadowkiller: 2تا خوبه
20:37 aermin456   : چیکارمیکنی
20:37 shadowkiller: ماین
20:38 shadowkiller: پرهام پولمو خورد
20:38 aermin456   : برا چی
20:38 shadowkiller: 30تا دایمند دادم
20:38 aermin456   : براچی پول دادی
20:39 shadowkiller: برکت
20:39 parham1393k : چنتا میخوا
20:39 shadowkiller: بسه
20:39 parham1393k : با اشون
20:39 aermin456   : 15
20:39 parham1393k : ابگرید نداریت
20:39 aermin456   : 15 nhdl,kn fvh lki
20:40 aermin456   : 15 دایمند برا منه
20:40 parham1393k : باش چنتا ابگرید نداریت میخوای
20:40 aermin456   : هیچی
20:40 parham1393k : میدم
20:40 aermin456   : 15 دایمند بده
20:40 shadowkiller: miner
20:41 aermin456   : بیا بریم ندر
20:41 parham1393k : اند
20:41 aermin456   : ندر
20:41 parham1393k : ندر برای چی
20:41 aermin456   : اندرمن بکشیم
20:42 aermin456   : بلیز بکشیم
20:42 parham1393k : بده 2 تا
20:42 parham1393k : اون یکی پوشن میخوای
20:42 shadowkiller placed suspicious WATER_BUCKET @ wild: x152, z415
20:43 shadowkiller placed suspicious WATER_BUCKET @ wild: x152, z415
20:43 shadowkiller placed suspicious WATER_BUCKET @ wild: x152, z415
20:44 aermin456   : بریم
20:44 parham1393k : بقیه بلیز
20:44 aermin456   : بلیز ندارم
20:45 parham1393k : از اینا نداری
20:45 aermin456   : ن
20:47 aermin456   : پرهام کجایی
20:47 aermin456   : بریم اند
20:47 parham1393k : نزن
20:47 aermin456   : خونه رو سیو کن
20:48 parham1393k : نزن دیگه
20:48 shadowkiller: چی یو
20:49 aermin456   : بیا دیگه
20:49 parham1393k : چشم اند من هعی میزنه میشکن
20:49 parham1393k : قایق
20:49 aermin456   : بیا دیگه
20:52 aermin456   : قزا بده
20:55 parham1393k : بده
21:01 parham1393k : داش استرنج خواستی بگو
21:02 parham1393k : داش پوشن خواستی بگو
21:03 shadowkiller: نه مرسی ادم ارمور و سورد خوب داشته باشه پوشن بدرد نمیخوره
21:03 parham1393k : استرنج منزو
21:03 shadowkiller: بهترین پوشن فایر رز
21:03 parham1393k : اون دارم
21:03 shadowkiller: میدی 8دقیقه ها
21:03 parham1393k : اسم به اسنگلیسی بگو
21:03 shadowkiller: fir restans
