[07-18 00:20:01]: [WARN] Error during SQLite initialization: [SQLiteException]: [SQLITE_ERROR] SQL error or missing database (no such column: ۱۷۵۲۷۸۱۸۰۱۴۹۹)
[07-18 00:20:01]: org.sqlite.SQLiteException: [SQLITE_ERROR] SQL error or missing database (no such column: ۱۷۵۲۷۸۱۸۰۱۴۹۹)
	at org.sqlite.core.DB.newSQLException(DB.java:909)
	at org.sqlite.core.DB.newSQLException(DB.java:921)
	at org.sqlite.core.DB.throwex(DB.java:886)
	at org.sqlite.core.NativeDB._exec_utf8(Native Method)
	at org.sqlite.core.NativeDB._exec(NativeDB.java:87)
	at org.sqlite.jdbc3.JDBC3Statement.executeUpdate(JDBC3Statement.java:116)
	at fr.xephi.authme.datasource.SQLite.addRegistrationDateColumn(SQLite.java:403)
	at fr.xephi.authme.datasource.SQLite.setup(SQLite.java:143)
	at fr.xephi.authme.datasource.SQLite.<init>(SQLite.java:60)
	at fr.xephi.authme.initialization.DataSourceProvider.createDataSource(DataSourceProvider.java:81)
	at fr.xephi.authme.initialization.DataSourceProvider.get(DataSourceProvider.java:54)
	at fr.xephi.authme.initialization.DataSourceProvider.get(DataSourceProvider.java:30)
	at fr.xephi.authme.libs.ch.jalu.injector.handlers.instantiation.ProviderHandler$InstantiationByProviderClass.instantiateWith(ProviderHandler.java:129)
	at fr.xephi.authme.libs.ch.jalu.injector.InjectorImpl.resolveContext(InjectorImpl.java:164)
	at fr.xephi.authme.libs.ch.jalu.injector.InjectorImpl.resolve(InjectorImpl.java:133)
	at fr.xephi.authme.libs.ch.jalu.injector.InjectorImpl.getSingleton(InjectorImpl.java:72)
	at fr.xephi.authme.AuthMe.instantiateServices(AuthMe.java:297)
	at fr.xephi.authme.AuthMe.initialize(AuthMe.java:273)
	at fr.xephi.authme.AuthMe.onEnable(AuthMe.java:182)
	at org.bukkit.plugin.java.JavaPlugin.setEnabled(JavaPlugin.java:264)
	at org.bukkit.plugin.java.JavaPluginLoader.enablePlugin(JavaPluginLoader.java:316)
	at org.bukkit.plugin.SimplePluginManager.enablePlugin(SimplePluginManager.java:405)
	at org.bukkit.craftbukkit.v1_12_R1.CraftServer.enablePlugin(CraftServer.java:395)
	at org.bukkit.craftbukkit.v1_12_R1.CraftServer.enablePlugins(CraftServer.java:344)
	at net.minecraft.server.v1_12_R1.MinecraftServer.t(MinecraftServer.java:442)
	at net.minecraft.server.v1_12_R1.MinecraftServer.l(MinecraftServer.java:403)
	at net.minecraft.server.v1_12_R1.MinecraftServer.a(MinecraftServer.java:341)
	at net.minecraft.server.v1_12_R1.DedicatedServer.init(DedicatedServer.java:289)
	at net.minecraft.server.v1_12_R1.MinecraftServer.run(MinecraftServer.java:616)
	at java.base/java.lang.Thread.run(Thread.java:834)

[07-18 00:20:01]: [WARN] Could not create data source: [SQLiteException]: [SQLITE_ERROR] SQL error or missing database (no such column: ۱۷۵۲۷۸۱۸۰۱۴۹۹)
[07-18 00:20:01]: org.sqlite.SQLiteException: [SQLITE_ERROR] SQL error or missing database (no such column: ۱۷۵۲۷۸۱۸۰۱۴۹۹)
	at org.sqlite.core.DB.newSQLException(DB.java:909)
	at org.sqlite.core.DB.newSQLException(DB.java:921)
	at org.sqlite.core.DB.throwex(DB.java:886)
	at org.sqlite.core.NativeDB._exec_utf8(Native Method)
	at org.sqlite.core.NativeDB._exec(NativeDB.java:87)
	at org.sqlite.jdbc3.JDBC3Statement.executeUpdate(JDBC3Statement.java:116)
	at fr.xephi.authme.datasource.SQLite.addRegistrationDateColumn(SQLite.java:403)
	at fr.xephi.authme.datasource.SQLite.setup(SQLite.java:143)
	at fr.xephi.authme.datasource.SQLite.<init>(SQLite.java:60)
	at fr.xephi.authme.initialization.DataSourceProvider.createDataSource(DataSourceProvider.java:81)
	at fr.xephi.authme.initialization.DataSourceProvider.get(DataSourceProvider.java:54)
	at fr.xephi.authme.initialization.DataSourceProvider.get(DataSourceProvider.java:30)
	at fr.xephi.authme.libs.ch.jalu.injector.handlers.instantiation.ProviderHandler$InstantiationByProviderClass.instantiateWith(ProviderHandler.java:129)
	at fr.xephi.authme.libs.ch.jalu.injector.InjectorImpl.resolveContext(InjectorImpl.java:164)
	at fr.xephi.authme.libs.ch.jalu.injector.InjectorImpl.resolve(InjectorImpl.java:133)
	at fr.xephi.authme.libs.ch.jalu.injector.InjectorImpl.getSingleton(InjectorImpl.java:72)
	at fr.xephi.authme.AuthMe.instantiateServices(AuthMe.java:297)
	at fr.xephi.authme.AuthMe.initialize(AuthMe.java:273)
	at fr.xephi.authme.AuthMe.onEnable(AuthMe.java:182)
	at org.bukkit.plugin.java.JavaPlugin.setEnabled(JavaPlugin.java:264)
	at org.bukkit.plugin.java.JavaPluginLoader.enablePlugin(JavaPluginLoader.java:316)
	at org.bukkit.plugin.SimplePluginManager.enablePlugin(SimplePluginManager.java:405)
	at org.bukkit.craftbukkit.v1_12_R1.CraftServer.enablePlugin(CraftServer.java:395)
	at org.bukkit.craftbukkit.v1_12_R1.CraftServer.enablePlugins(CraftServer.java:344)
	at net.minecraft.server.v1_12_R1.MinecraftServer.t(MinecraftServer.java:442)
	at net.minecraft.server.v1_12_R1.MinecraftServer.l(MinecraftServer.java:403)
	at net.minecraft.server.v1_12_R1.MinecraftServer.a(MinecraftServer.java:341)
	at net.minecraft.server.v1_12_R1.DedicatedServer.init(DedicatedServer.java:289)
	at net.minecraft.server.v1_12_R1.MinecraftServer.run(MinecraftServer.java:616)
	at java.base/java.lang.Thread.run(Thread.java:834)

[07-18 00:20:01]: [WARN] Aborting initialization of AuthMe: [IllegalStateException]: Error during initialization of data source
[07-18 00:20:01]: java.lang.IllegalStateException: Error during initialization of data source
	at fr.xephi.authme.initialization.DataSourceProvider.get(DataSourceProvider.java:57)
	at fr.xephi.authme.initialization.DataSourceProvider.get(DataSourceProvider.java:30)
	at fr.xephi.authme.libs.ch.jalu.injector.handlers.instantiation.ProviderHandler$InstantiationByProviderClass.instantiateWith(ProviderHandler.java:129)
	at fr.xephi.authme.libs.ch.jalu.injector.InjectorImpl.resolveContext(InjectorImpl.java:164)
	at fr.xephi.authme.libs.ch.jalu.injector.InjectorImpl.resolve(InjectorImpl.java:133)
	at fr.xephi.authme.libs.ch.jalu.injector.InjectorImpl.getSingleton(InjectorImpl.java:72)
	at fr.xephi.authme.AuthMe.instantiateServices(AuthMe.java:297)
	at fr.xephi.authme.AuthMe.initialize(AuthMe.java:273)
	at fr.xephi.authme.AuthMe.onEnable(AuthMe.java:182)
	at org.bukkit.plugin.java.JavaPlugin.setEnabled(JavaPlugin.java:264)
	at org.bukkit.plugin.java.JavaPluginLoader.enablePlugin(JavaPluginLoader.java:316)
	at org.bukkit.plugin.SimplePluginManager.enablePlugin(SimplePluginManager.java:405)
	at org.bukkit.craftbukkit.v1_12_R1.CraftServer.enablePlugin(CraftServer.java:395)
	at org.bukkit.craftbukkit.v1_12_R1.CraftServer.enablePlugins(CraftServer.java:344)
	at net.minecraft.server.v1_12_R1.MinecraftServer.t(MinecraftServer.java:442)
	at net.minecraft.server.v1_12_R1.MinecraftServer.l(MinecraftServer.java:403)
	at net.minecraft.server.v1_12_R1.MinecraftServer.a(MinecraftServer.java:341)
	at net.minecraft.server.v1_12_R1.DedicatedServer.init(DedicatedServer.java:289)
	at net.minecraft.server.v1_12_R1.MinecraftServer.run(MinecraftServer.java:616)
	at java.base/java.lang.Thread.run(Thread.java:834)
Caused by: org.sqlite.SQLiteException: [SQLITE_ERROR] SQL error or missing database (no such column: ۱۷۵۲۷۸۱۸۰۱۴۹۹)
	at org.sqlite.core.DB.newSQLException(DB.java:909)
	at org.sqlite.core.DB.newSQLException(DB.java:921)
	at org.sqlite.core.DB.throwex(DB.java:886)
	at org.sqlite.core.NativeDB._exec_utf8(Native Method)
	at org.sqlite.core.NativeDB._exec(NativeDB.java:87)
	at org.sqlite.jdbc3.JDBC3Statement.executeUpdate(JDBC3Statement.java:116)
	at fr.xephi.authme.datasource.SQLite.addRegistrationDateColumn(SQLite.java:403)
	at fr.xephi.authme.datasource.SQLite.setup(SQLite.java:143)
	at fr.xephi.authme.datasource.SQLite.<init>(SQLite.java:60)
	at fr.xephi.authme.initialization.DataSourceProvider.createDataSource(DataSourceProvider.java:81)
	at fr.xephi.authme.initialization.DataSourceProvider.get(DataSourceProvider.java:54)
	... 19 more

[07-18 00:20:01]: [INFO] AuthMe 5.7.0-FORK-b53 is unloaded successfully!
[07-18 00:27:55]: [INFO] SQLite Setup finished
[07-18 00:27:55]: [INFO] No supported permissions system found! Permissions are disabled!
[07-18 00:27:55]: [INFO] 
    ___         __  __    __  ___   
   /   | __  __/ /_/ /_  /  |/  /__ 
  / /| |/ / / / __/ __ \/ /|_/ / _ \
 / ___ / /_/ / /_/ / / / /  / /  __/
/_/  |_\__,_/\__/_/ /_/_/  /_/\___/ 
                                    
[07-18 00:27:55]: [INFO] AuthMeReReloaded is running on Paper
[07-18 00:27:55]: [INFO] AuthMeReReloaded is enabled successfully!
[07-18 00:27:55]: [INFO] GitHub: https://github.com/HaHaWTH/AuthMeReReloaded/
[07-18 00:27:55]: [INFO] Checking for updates...
[07-18 00:27:56]: [INFO] You are running the latest version.
[07-18 00:28:22]: [INFO:FINE] mahdimzl registered 127.0.0.1
[07-18 00:28:22]: [INFO:FINE] mahdimzl logged in 127.0.0.1
[07-18 00:30:40]: [INFO:FINE] mahdimzl logged in 127.0.0.1
[07-18 00:31:03]: [INFO] AuthMe 5.7.0-FORK-b53 is unloaded successfully!
[07-18 00:31:18]: [INFO] SQLite Setup finished
[07-18 00:31:18]: [INFO] No supported permissions system found! Permissions are disabled!
[07-18 00:31:19]: [INFO] 
    ___         __  __    __  ___   
   /   | __  __/ /_/ /_  /  |/  /__ 
  / /| |/ / / / __/ __ \/ /|_/ / _ \
 / ___ / /_/ / /_/ / / / /  / /  __/
/_/  |_\__,_/\__/_/ /_/_/  /_/\___/ 
                                    
[07-18 00:31:19]: [INFO] AuthMeReReloaded is running on Paper
[07-18 00:31:19]: [INFO] AuthMeReReloaded is enabled successfully!
[07-18 00:31:19]: [INFO] GitHub: https://github.com/HaHaWTH/AuthMeReReloaded/
[07-18 00:31:19]: [INFO] Checking for updates...
[07-18 00:31:20]: [INFO] You are running the latest version.
[07-18 00:31:25]: [INFO:FINE] mahdimzl logged in 127.0.0.1
[07-18 00:34:16]: [INFO:FINE] mahdimzl logged in 127.0.0.1
[07-18 00:34:29]: [INFO] AuthMe 5.7.0-FORK-b53 is unloaded successfully!
[07-18 00:40:48]: [INFO] SQLite Setup finished
[07-18 00:40:49]: [INFO] No supported permissions system found! Permissions are disabled!
[07-18 00:40:49]: [INFO] 
    ___         __  __    __  ___   
   /   | __  __/ /_/ /_  /  |/  /__ 
  / /| |/ / / / __/ __ \/ /|_/ / _ \
 / ___ / /_/ / /_/ / / / /  / /  __/
/_/  |_\__,_/\__/_/ /_/_/  /_/\___/ 
                                    
[07-18 00:40:49]: [INFO] AuthMeReReloaded is running on Paper
[07-18 00:40:49]: [INFO] AuthMeReReloaded is enabled successfully!
[07-18 00:40:49]: [INFO] GitHub: https://github.com/HaHaWTH/AuthMeReReloaded/
[07-18 00:40:49]: [INFO] Checking for updates...
[07-18 00:40:50]: [INFO] You are running the latest version.
[07-18 00:41:39]: [INFO:FINE] mahdimzl logged in 127.0.0.1
[07-18 00:45:52]: [INFO] AuthMe 5.7.0-FORK-b53 is unloaded successfully!
[07-18 00:46:16]: [INFO] SQLite Setup finished
[07-18 00:46:17]: [INFO] No supported permissions system found! Permissions are disabled!
[07-18 00:46:17]: [INFO] 
    ___         __  __    __  ___   
   /   | __  __/ /_/ /_  /  |/  /__ 
  / /| |/ / / / __/ __ \/ /|_/ / _ \
 / ___ / /_/ / /_/ / / / /  / /  __/
/_/  |_\__,_/\__/_/ /_/_/  /_/\___/ 
                                    
[07-18 00:46:17]: [INFO] AuthMeReReloaded is running on Paper
[07-18 00:46:17]: [INFO] AuthMeReReloaded is enabled successfully!
[07-18 00:46:17]: [INFO] GitHub: https://github.com/HaHaWTH/AuthMeReReloaded/
[07-18 00:46:17]: [INFO] Checking for updates...
[07-18 00:46:20]: [INFO] You are running the latest version.
[07-18 00:46:28]: [INFO:FINE] mahdimzl logged in 127.0.0.1
[07-18 00:47:15]: [INFO] AuthMe 5.7.0-FORK-b53 is unloaded successfully!
[07-18 00:47:31]: [INFO] SQLite Setup finished
[07-18 00:47:31]: [INFO] No supported permissions system found! Permissions are disabled!
[07-18 00:47:32]: [INFO] 
    ___         __  __    __  ___   
   /   | __  __/ /_/ /_  /  |/  /__ 
  / /| |/ / / / __/ __ \/ /|_/ / _ \
 / ___ / /_/ / /_/ / / / /  / /  __/
/_/  |_\__,_/\__/_/ /_/_/  /_/\___/ 
                                    
[07-18 00:47:32]: [INFO] AuthMeReReloaded is running on Paper
[07-18 00:47:32]: [INFO] AuthMeReReloaded is enabled successfully!
[07-18 00:47:32]: [INFO] GitHub: https://github.com/HaHaWTH/AuthMeReReloaded/
[07-18 00:47:32]: [INFO] Checking for updates...
[07-18 00:47:33]: [INFO] You are running the latest version.
[07-18 00:47:37]: [INFO:FINE] mahdimzl logged in 127.0.0.1
[07-18 00:49:33]: [INFO] AuthMe 5.7.0-FORK-b53 is unloaded successfully!
[07-18 00:49:50]: [INFO] SQLite Setup finished
[07-18 00:49:50]: [INFO] No supported permissions system found! Permissions are disabled!
[07-18 00:49:50]: [INFO] 
    ___         __  __    __  ___   
   /   | __  __/ /_/ /_  /  |/  /__ 
  / /| |/ / / / __/ __ \/ /|_/ / _ \
 / ___ / /_/ / /_/ / / / /  / /  __/
/_/  |_\__,_/\__/_/ /_/_/  /_/\___/ 
                                    
[07-18 00:49:50]: [INFO] AuthMeReReloaded is running on Paper
[07-18 00:49:50]: [INFO] AuthMeReReloaded is enabled successfully!
[07-18 00:49:50]: [INFO] GitHub: https://github.com/HaHaWTH/AuthMeReReloaded/
[07-18 00:49:50]: [INFO] Checking for updates...
[07-18 00:49:52]: [INFO] You are running the latest version.
[07-18 00:49:54]: [INFO:FINE] mahdimzl logged in 127.0.0.1
[07-18 00:59:23]: [INFO] AuthMe 5.7.0-FORK-b53 is unloaded successfully!
[07-18 00:59:47]: [INFO] SQLite Setup finished
[07-18 00:59:47]: [INFO] No supported permissions system found! Permissions are disabled!
[07-18 00:59:48]: [INFO] 
    ___         __  __    __  ___   
   /   | __  __/ /_/ /_  /  |/  /__ 
  / /| |/ / / / __/ __ \/ /|_/ / _ \
 / ___ / /_/ / /_/ / / / /  / /  __/
/_/  |_\__,_/\__/_/ /_/_/  /_/\___/ 
                                    
[07-18 00:59:48]: [INFO] AuthMeReReloaded is running on Paper
[07-18 00:59:48]: [INFO] AuthMeReReloaded is enabled successfully!
[07-18 00:59:48]: [INFO] GitHub: https://github.com/HaHaWTH/AuthMeReReloaded/
[07-18 00:59:48]: [INFO] Checking for updates...
[07-18 00:59:49]: [INFO] You are running the latest version.
[07-18 01:00:44]: [INFO:FINE] mahdimzl logged in 127.0.0.1
[07-18 01:02:50]: [INFO] AuthMe 5.7.0-FORK-b53 is unloaded successfully!
[07-18 01:03:07]: [INFO] SQLite Setup finished
[07-18 01:03:07]: [INFO] No supported permissions system found! Permissions are disabled!
[07-18 01:03:07]: [INFO] 
    ___         __  __    __  ___   
   /   | __  __/ /_/ /_  /  |/  /__ 
  / /| |/ / / / __/ __ \/ /|_/ / _ \
 / ___ / /_/ / /_/ / / / /  / /  __/
/_/  |_\__,_/\__/_/ /_/_/  /_/\___/ 
                                    
[07-18 01:03:07]: [INFO] AuthMeReReloaded is running on Paper
[07-18 01:03:07]: [INFO] AuthMeReReloaded is enabled successfully!
[07-18 01:03:07]: [INFO] GitHub: https://github.com/HaHaWTH/AuthMeReReloaded/
[07-18 01:03:07]: [INFO] Checking for updates...
[07-18 01:03:09]: [INFO] You are running the latest version.
[07-18 01:03:14]: [INFO:FINE] mahdimzl logged in 127.0.0.1
[07-18 01:16:51]: [INFO] AuthMe 5.7.0-FORK-b53 is unloaded successfully!
[07-18 01:20:15]: [INFO] SQLite Setup finished
[07-18 01:20:16]: [INFO] No supported permissions system found! Permissions are disabled!
[07-18 01:20:17]: [INFO] 
    ___         __  __    __  ___   
   /   | __  __/ /_/ /_  /  |/  /__ 
  / /| |/ / / / __/ __ \/ /|_/ / _ \
 / ___ / /_/ / /_/ / / / /  / /  __/
/_/  |_\__,_/\__/_/ /_/_/  /_/\___/ 
                                    
[07-18 01:20:17]: [INFO] AuthMeReReloaded is running on Paper
[07-18 01:20:17]: [INFO] AuthMeReReloaded is enabled successfully!
[07-18 01:20:17]: [INFO] GitHub: https://github.com/HaHaWTH/AuthMeReReloaded/
[07-18 01:20:17]: [INFO] Checking for updates...
[07-18 01:20:18]: [INFO] You are running the latest version.
[07-18 01:21:30]: [INFO:FINE] mahdimzl logged in 127.0.0.1
[07-18 01:22:21]: [INFO] AuthMe 5.7.0-FORK-b53 is unloaded successfully!
[07-18 01:22:24]: [INFO] SQLite Setup finished
[07-18 01:22:24]: [INFO] No supported permissions system found! Permissions are disabled!
[07-18 01:22:24]: [INFO] 
    ___         __  __    __  ___   
   /   | __  __/ /_/ /_  /  |/  /__ 
  / /| |/ / / / __/ __ \/ /|_/ / _ \
 / ___ / /_/ / /_/ / / / /  / /  __/
/_/  |_\__,_/\__/_/ /_/_/  /_/\___/ 
                                    
[07-18 01:22:24]: [INFO] AuthMeReReloaded is running on Paper
[07-18 01:22:24]: [INFO] AuthMeReReloaded is enabled successfully!
[07-18 01:22:24]: [INFO] GitHub: https://github.com/HaHaWTH/AuthMeReReloaded/
[07-18 01:22:24]: [INFO] Checking for updates...
[07-18 01:22:26]: [INFO] You are running the latest version.
[07-18 01:22:28]: [INFO] AuthMe 5.7.0-FORK-b53 is unloaded successfully!
[07-18 01:22:47]: [INFO] SQLite Setup finished
[07-18 01:22:47]: [INFO] No supported permissions system found! Permissions are disabled!
[07-18 01:22:48]: [INFO] 
    ___         __  __    __  ___   
   /   | __  __/ /_/ /_  /  |/  /__ 
  / /| |/ / / / __/ __ \/ /|_/ / _ \
 / ___ / /_/ / /_/ / / / /  / /  __/
/_/  |_\__,_/\__/_/ /_/_/  /_/\___/ 
                                    
[07-18 01:22:48]: [INFO] AuthMeReReloaded is running on Paper
[07-18 01:22:48]: [INFO] AuthMeReReloaded is enabled successfully!
[07-18 01:22:48]: [INFO] GitHub: https://github.com/HaHaWTH/AuthMeReReloaded/
[07-18 01:22:48]: [INFO] Checking for updates...
[07-18 01:22:49]: [INFO] You are running the latest version.
[07-18 01:23:14]: [INFO:FINE] mahdimzl logged in 127.0.0.1
[07-18 01:24:36]: [INFO] AuthMe 5.7.0-FORK-b53 is unloaded successfully!
[07-18 01:29:13]: [INFO] SQLite Setup finished
[07-18 01:29:13]: [INFO] No supported permissions system found! Permissions are disabled!
[07-18 01:29:14]: [INFO] 
    ___         __  __    __  ___   
   /   | __  __/ /_/ /_  /  |/  /__ 
  / /| |/ / / / __/ __ \/ /|_/ / _ \
 / ___ / /_/ / /_/ / / / /  / /  __/
/_/  |_\__,_/\__/_/ /_/_/  /_/\___/ 
                                    
[07-18 01:29:14]: [INFO] AuthMeReReloaded is running on Paper
[07-18 01:29:14]: [INFO] AuthMeReReloaded is enabled successfully!
[07-18 01:29:14]: [INFO] GitHub: https://github.com/HaHaWTH/AuthMeReReloaded/
[07-18 01:29:14]: [INFO] Checking for updates...
[07-18 01:29:15]: [INFO] You are running the latest version.
[07-18 01:29:30]: [INFO:FINE] mahdimzl logged in 127.0.0.1
[07-18 01:38:10]: [INFO:FINE] mahdimzl logged in 127.0.0.1
[07-18 01:49:57]: [INFO:FINE] mahdimzl logged in 127.0.0.1
[07-18 01:49:57]: [INFO] The user mahdimzl has been automatically logged in, as requested via plugin messaging.
[07-18 01:56:09]: [INFO:FINE] mahdimzl logged in 127.0.0.1
[07-18 01:59:07]: [INFO] The user mahdimzl has been automatically logged in, as requested via plugin messaging.
[07-18 01:59:07]: [INFO:FINE] mahdimzl logged in 127.0.0.1
[07-18 01:59:13]: [INFO] AuthMe 5.7.0-FORK-b53 is unloaded successfully!
[07-18 16:57:53]: [INFO] SQLite Setup finished
[07-18 16:57:54]: [INFO] No supported permissions system found! Permissions are disabled!
[07-18 16:57:54]: [INFO] 
    ___         __  __    __  ___   
   /   | __  __/ /_/ /_  /  |/  /__ 
  / /| |/ / / / __/ __ \/ /|_/ / _ \
 / ___ / /_/ / /_/ / / / /  / /  __/
/_/  |_\__,_/\__/_/ /_/_/  /_/\___/ 
                                    
[07-18 16:57:54]: [INFO] AuthMeReReloaded is running on Paper
[07-18 16:57:54]: [INFO] AuthMeReReloaded is enabled successfully!
[07-18 16:57:54]: [INFO] GitHub: https://github.com/HaHaWTH/AuthMeReReloaded/
[07-18 16:57:54]: [INFO] Checking for updates...
[07-18 16:57:55]: [INFO] You are running the latest version.
[07-18 17:02:45]: [INFO:FINE] mahdimzl logged in 127.0.0.1
[07-18 17:10:59]: [INFO] AuthMe 5.7.0-FORK-b53 is unloaded successfully!
[07-18 17:11:14]: [INFO] SQLite Setup finished
[07-18 17:11:14]: [INFO] No supported permissions system found! Permissions are disabled!
[07-18 17:11:15]: [INFO] 
    ___         __  __    __  ___   
   /   | __  __/ /_/ /_  /  |/  /__ 
  / /| |/ / / / __/ __ \/ /|_/ / _ \
 / ___ / /_/ / /_/ / / / /  / /  __/
/_/  |_\__,_/\__/_/ /_/_/  /_/\___/ 
                                    
[07-18 17:11:15]: [INFO] AuthMeReReloaded is running on Paper
[07-18 17:11:15]: [INFO] AuthMeReReloaded is enabled successfully!
[07-18 17:11:15]: [INFO] GitHub: https://github.com/HaHaWTH/AuthMeReReloaded/
[07-18 17:11:15]: [INFO] Checking for updates...
[07-18 17:11:16]: [INFO] You are running the latest version.
[07-18 17:11:27]: [INFO:FINE] mahdimzl logged in 127.0.0.1
[07-18 17:12:55]: [INFO:FINE] mahdimzl logged in 127.0.0.1
[07-18 17:13:32]: [INFO:FINE] mahdimzl logged in 127.0.0.1
[07-18 17:13:36]: [INFO] The user mahdimzl has been automatically logged in, as requested via plugin messaging.
[07-18 17:13:36]: [INFO:FINE] mahdimzl logged in 127.0.0.1
[07-18 17:18:17]: [INFO] The user mahdimzl has been automatically logged in, as requested via plugin messaging.
[07-18 17:18:17]: [INFO:FINE] mahdimzl logged in 127.0.0.1
[07-18 17:21:30]: [INFO] The user mahdimzl has been automatically logged in, as requested via plugin messaging.
[07-18 17:21:30]: [INFO:FINE] mahdimzl logged in 127.0.0.1
[07-18 17:21:59]: [INFO] The user mahdimzl has been automatically logged in, as requested via plugin messaging.
[07-18 17:21:59]: [INFO:FINE] mahdimzl logged in 127.0.0.1
[07-18 17:25:36]: [INFO] The user mahdimzl has been automatically logged in, as requested via plugin messaging.
[07-18 17:25:36]: [INFO:FINE] mahdimzl logged in 127.0.0.1
[07-18 17:31:35]: [INFO] The user mahdimzl has been automatically logged in, as requested via plugin messaging.
[07-18 17:31:35]: [INFO:FINE] mahdimzl logged in 127.0.0.1
[07-18 17:36:25]: [INFO] The user mahdimzl has been automatically logged in, as requested via plugin messaging.
[07-18 17:36:25]: [INFO:FINE] mahdimzl logged in 127.0.0.1
[07-18 17:42:02]: [INFO] The user mahdimzl has been automatically logged in, as requested via plugin messaging.
[07-18 17:42:03]: [INFO:FINE] mahdimzl logged in 127.0.0.1
[07-18 17:44:25]: [INFO:FINE] mahdimzl logged in 127.0.0.1
[07-18 17:45:10]: [INFO:FINE] mahdimzl logged in 127.0.0.1
[07-18 17:50:26]: [INFO] The user mahdimzl has been automatically logged in, as requested via plugin messaging.
[07-18 17:50:26]: [INFO:FINE] mahdimzl logged in 127.0.0.1
[07-18 17:54:25]: [INFO] The user mahdimzl has been automatically logged in, as requested via plugin messaging.
[07-18 17:54:25]: [INFO:FINE] mahdimzl logged in 127.0.0.1
[07-19 23:00:30]: [INFO] SQLite Setup finished
[07-19 23:00:30]: [INFO] No supported permissions system found! Permissions are disabled!
[07-19 23:00:31]: [INFO] 
    ___         __  __    __  ___   
   /   | __  __/ /_/ /_  /  |/  /__ 
  / /| |/ / / / __/ __ \/ /|_/ / _ \
 / ___ / /_/ / /_/ / / / /  / /  __/
/_/  |_\__,_/\__/_/ /_/_/  /_/\___/ 
                                    
[07-19 23:00:31]: [INFO] AuthMeReReloaded is running on Paper
[07-19 23:00:31]: [INFO] AuthMeReReloaded is enabled successfully!
[07-19 23:00:31]: [INFO] GitHub: https://github.com/HaHaWTH/AuthMeReReloaded/
[07-19 23:00:31]: [INFO] Checking for updates...
[07-19 23:00:31]: [INFO] You are running the latest version.
[07-19 23:05:43]: [INFO:FINE] mahdimzl used the wrong password
[07-19 23:05:46]: [INFO:FINE] mahdimzl logged in 127.0.0.1
[07-19 23:08:57]: [INFO:FINE] mahdimzl logged in 127.0.0.1
[07-19 23:17:22]: [INFO] The user mahdimzl has been automatically logged in, as requested via plugin messaging.
[07-19 23:17:22]: [INFO:FINE] mahdimzl logged in 127.0.0.1
[07-19 23:27:22]: [INFO:FINE] mahdimzl logged in 127.0.0.1
[07-19 23:36:42]: [INFO] The user mahdimzl has been automatically logged in, as requested via plugin messaging.
[07-19 23:36:42]: [INFO:FINE] mahdimzl logged in 127.0.0.1
[07-19 23:37:12]: [INFO] The user mahdimzl has been automatically logged in, as requested via plugin messaging.
[07-19 23:37:12]: [INFO:FINE] mahdimzl logged in 127.0.0.1
[07-20 00:12:00]: [INFO] The user mahdimzl has been automatically logged in, as requested via plugin messaging.
[07-20 00:12:00]: [INFO:FINE] mahdimzl logged in 127.0.0.1
[07-20 00:46:00]: [INFO] AuthMe 5.7.0-FORK-b53 is unloaded successfully!
[07-22 19:52:34]: [INFO] SQLite Setup finished
[07-22 19:52:34]: [INFO] No supported permissions system found! Permissions are disabled!
[07-22 19:52:37]: [INFO] 
    ___         __  __    __  ___   
   /   | __  __/ /_/ /_  /  |/  /__ 
  / /| |/ / / / __/ __ \/ /|_/ / _ \
 / ___ / /_/ / /_/ / / / /  / /  __/
/_/  |_\__,_/\__/_/ /_/_/  /_/\___/ 
                                    
[07-22 19:52:37]: [INFO] AuthMeReReloaded is running on Paper
[07-22 19:52:37]: [INFO] AuthMeReReloaded is enabled successfully!
[07-22 19:52:37]: [INFO] GitHub: https://github.com/HaHaWTH/AuthMeReReloaded/
[07-22 19:52:37]: [INFO] Checking for updates...
[07-22 19:52:38]: [INFO] You are running the latest version.
[07-22 19:53:59]: [INFO:FINE] mahdimzl logged in 127.0.0.1
[07-22 20:12:02]: [INFO:FINE] mahdimzl logged in 127.0.0.1
[07-22 20:19:31]: [INFO] The user mahdimzl has been automatically logged in, as requested via plugin messaging.
[07-22 20:19:31]: [INFO:FINE] mahdimzl logged in 127.0.0.1
[07-22 20:19:53]: [INFO] The user mahdimzl has been automatically logged in, as requested via plugin messaging.
[07-22 20:19:54]: [INFO:FINE] mahdimzl logged in 127.0.0.1
[07-22 20:41:07]: [INFO:FINE] mahdimzl logged in 127.0.0.1
[07-22 21:02:08]: [INFO:FINE] mahdimzl logged in 127.0.0.1
[07-22 21:15:21]: [INFO] The user mahdimzl has been automatically logged in, as requested via plugin messaging.
[07-22 21:15:22]: [INFO:FINE] mahdimzl logged in 127.0.0.1
[07-22 22:11:11]: [INFO] The user mahdimzl has been automatically logged in, as requested via plugin messaging.
[07-22 22:11:11]: [INFO:FINE] mahdimzl logged in 127.0.0.1
[07-22 22:23:39]: [INFO] The user mahdimzl has been automatically logged in, as requested via plugin messaging.
[07-22 22:23:39]: [INFO:FINE] mahdimzl logged in 127.0.0.1
[07-22 22:30:46]: [INFO:FINE] mahdimzl logged in 127.0.0.1
[07-22 22:43:01]: [INFO:FINE] mahdimzl logged in 127.0.0.1
[07-22 23:32:04]: [INFO:FINE] mahdimzl logged in 127.0.0.1
[07-22 23:40:29]: [INFO:FINE] mahdimzl logged in 127.0.0.1
[07-22 23:59:03]: [INFO:FINE] mahdimzl logged in 127.0.0.1
[07-22 23:59:43]: [INFO:FINE] mahdimzl logged in 127.0.0.1
[07-23 00:01:03]: [INFO:FINE] mahdimzl logged in 127.0.0.1
[07-23 00:03:00]: [INFO:FINE] mahdimzl logged in 127.0.0.1
[07-23 00:04:58]: [INFO:FINE] mahdimzl logged in 127.0.0.1
[07-23 00:15:26]: [INFO] The user mahdimzl has been automatically logged in, as requested via plugin messaging.
[07-23 00:15:26]: [INFO:FINE] mahdimzl logged in 127.0.0.1
[07-23 00:19:35]: [INFO] The user mahdimzl has been automatically logged in, as requested via plugin messaging.
[07-23 00:19:35]: [INFO:FINE] mahdimzl logged in 127.0.0.1
[07-23 00:21:31]: [INFO:FINE] mahdimzl logged in 127.0.0.1
[07-23 00:23:14]: [INFO] The user mahdimzl has been automatically logged in, as requested via plugin messaging.
[07-23 00:23:14]: [INFO:FINE] mahdimzl logged in 127.0.0.1
[07-23 00:23:34]: [INFO] The user mahdimzl has been automatically logged in, as requested via plugin messaging.
[07-23 00:23:35]: [INFO:FINE] mahdimzl logged in 127.0.0.1
[07-23 00:27:18]: [INFO] The user mahdimzl has been automatically logged in, as requested via plugin messaging.
[07-23 00:27:18]: [INFO:FINE] mahdimzl logged in 127.0.0.1
[07-23 00:28:39]: [INFO] The user mahdimzl has been automatically logged in, as requested via plugin messaging.
[07-23 00:28:39]: [INFO:FINE] mahdimzl logged in 127.0.0.1
[07-23 00:31:01]: [INFO] The user mahdimzl has been automatically logged in, as requested via plugin messaging.
[07-23 00:31:01]: [INFO:FINE] mahdimzl logged in 127.0.0.1
[07-23 00:32:06]: [INFO] The user mahdimzl has been automatically logged in, as requested via plugin messaging.
[07-23 00:32:06]: [INFO:FINE] mahdimzl logged in 127.0.0.1
[07-23 00:47:39]: [INFO] AuthMe 5.7.0-FORK-b53 is unloaded successfully!
[07-23 00:47:56]: [INFO] SQLite Setup finished
[07-23 00:47:56]: [INFO] No supported permissions system found! Permissions are disabled!
[07-23 00:47:57]: [INFO] 
    ___         __  __    __  ___   
   /   | __  __/ /_/ /_  /  |/  /__ 
  / /| |/ / / / __/ __ \/ /|_/ / _ \
 / ___ / /_/ / /_/ / / / /  / /  __/
/_/  |_\__,_/\__/_/ /_/_/  /_/\___/ 
                                    
[07-23 00:47:57]: [INFO] AuthMeReReloaded is running on Paper
[07-23 00:47:57]: [INFO] AuthMeReReloaded is enabled successfully!
[07-23 00:47:57]: [INFO] GitHub: https://github.com/HaHaWTH/AuthMeReReloaded/
[07-23 00:47:57]: [INFO] Checking for updates...
[07-23 00:47:58]: [INFO] You are running the latest version.
[07-23 00:48:59]: [INFO] The user mahdimzl has been automatically logged in, as requested via plugin messaging.
[07-23 00:48:59]: [INFO:FINE] mahdimzl logged in 127.0.0.1
[07-23 00:49:42]: [INFO] AuthMe 5.7.0-FORK-b53 is unloaded successfully!
[07-23 00:49:43]: [INFO] SQLite Setup finished
[07-23 00:49:43]: [INFO] No supported permissions system found! Permissions are disabled!
[07-23 00:49:43]: [INFO] 
    ___         __  __    __  ___   
   /   | __  __/ /_/ /_  /  |/  /__ 
  / /| |/ / / / __/ __ \/ /|_/ / _ \
 / ___ / /_/ / /_/ / / / /  / /  __/
/_/  |_\__,_/\__/_/ /_/_/  /_/\___/ 
                                    
[07-23 00:49:43]: [INFO] AuthMeReReloaded is running on Paper
[07-23 00:49:43]: [INFO] AuthMeReReloaded is enabled successfully!
[07-23 00:49:43]: [INFO] GitHub: https://github.com/HaHaWTH/AuthMeReReloaded/
[07-23 00:49:43]: [INFO] Checking for updates...
[07-23 00:49:44]: [INFO] You are running the latest version.
[07-23 00:49:56]: [INFO] The user mahdimzl has been automatically logged in, as requested via plugin messaging.
[07-23 00:49:56]: [INFO:FINE] mahdimzl logged in 127.0.0.1
[07-23 00:50:41]: [INFO] AuthMe 5.7.0-FORK-b53 is unloaded successfully!
[07-23 00:50:42]: [INFO] SQLite Setup finished
[07-23 00:50:42]: [INFO] No supported permissions system found! Permissions are disabled!
[07-23 00:50:42]: [INFO] 
    ___         __  __    __  ___   
   /   | __  __/ /_/ /_  /  |/  /__ 
  / /| |/ / / / __/ __ \/ /|_/ / _ \
 / ___ / /_/ / /_/ / / / /  / /  __/
/_/  |_\__,_/\__/_/ /_/_/  /_/\___/ 
                                    
[07-23 00:50:42]: [INFO] AuthMeReReloaded is running on Paper
[07-23 00:50:42]: [INFO] AuthMeReReloaded is enabled successfully!
[07-23 00:50:42]: [INFO] GitHub: https://github.com/HaHaWTH/AuthMeReReloaded/
[07-23 00:50:42]: [INFO] Checking for updates...
[07-23 00:50:43]: [INFO] You are running the latest version.
[07-23 00:50:59]: [INFO] The user mahdimzl has been automatically logged in, as requested via plugin messaging.
[07-23 00:51:00]: [INFO:FINE] mahdimzl logged in 127.0.0.1
[07-23 00:51:13]: [INFO] AuthMe 5.7.0-FORK-b53 is unloaded successfully!
[07-23 00:51:14]: [INFO] SQLite Setup finished
[07-23 00:51:14]: [INFO] No supported permissions system found! Permissions are disabled!
[07-23 00:51:14]: [INFO] 
    ___         __  __    __  ___   
   /   | __  __/ /_/ /_  /  |/  /__ 
  / /| |/ / / / __/ __ \/ /|_/ / _ \
 / ___ / /_/ / /_/ / / / /  / /  __/
/_/  |_\__,_/\__/_/ /_/_/  /_/\___/ 
                                    
[07-23 00:51:14]: [INFO] AuthMeReReloaded is running on Paper
[07-23 00:51:14]: [INFO] AuthMeReReloaded is enabled successfully!
[07-23 00:51:14]: [INFO] GitHub: https://github.com/HaHaWTH/AuthMeReReloaded/
[07-23 00:51:14]: [INFO] Checking for updates...
[07-23 00:51:15]: [INFO] You are running the latest version.
[07-23 00:53:07]: [INFO] AuthMe 5.7.0-FORK-b53 is unloaded successfully!
[07-23 00:53:08]: [INFO] SQLite Setup finished
[07-23 00:53:08]: [INFO] No supported permissions system found! Permissions are disabled!
[07-23 00:53:08]: [INFO] 
    ___         __  __    __  ___   
   /   | __  __/ /_/ /_  /  |/  /__ 
  / /| |/ / / / __/ __ \/ /|_/ / _ \
 / ___ / /_/ / /_/ / / / /  / /  __/
/_/  |_\__,_/\__/_/ /_/_/  /_/\___/ 
                                    
[07-23 00:53:08]: [INFO] AuthMeReReloaded is running on Paper
[07-23 00:53:08]: [INFO] AuthMeReReloaded is enabled successfully!
[07-23 00:53:08]: [INFO] GitHub: https://github.com/HaHaWTH/AuthMeReReloaded/
[07-23 00:53:08]: [INFO] Checking for updates...
[07-23 00:53:08]: [INFO] You are running the latest version.
[07-23 00:53:25]: [INFO:FINE] mahdimzl logged in 127.0.0.1
[07-23 00:53:35]: [INFO] The user mahdimzl has been automatically logged in, as requested via plugin messaging.
[07-23 00:53:35]: [INFO:FINE] mahdimzl logged in 127.0.0.1
[07-23 00:54:00]: [INFO] AuthMe 5.7.0-FORK-b53 is unloaded successfully!
[07-23 00:54:01]: [INFO] SQLite Setup finished
[07-23 00:54:01]: [INFO] No supported permissions system found! Permissions are disabled!
[07-23 00:54:01]: [INFO] 
    ___         __  __    __  ___   
   /   | __  __/ /_/ /_  /  |/  /__ 
  / /| |/ / / / __/ __ \/ /|_/ / _ \
 / ___ / /_/ / /_/ / / / /  / /  __/
/_/  |_\__,_/\__/_/ /_/_/  /_/\___/ 
                                    
[07-23 00:54:01]: [INFO] AuthMeReReloaded is running on Paper
[07-23 00:54:01]: [INFO] AuthMeReReloaded is enabled successfully!
[07-23 00:54:01]: [INFO] GitHub: https://github.com/HaHaWTH/AuthMeReReloaded/
[07-23 00:54:01]: [INFO] Checking for updates...
[07-23 00:54:02]: [INFO] You are running the latest version.
[07-23 00:54:11]: [INFO] The user mahdimzl has been automatically logged in, as requested via plugin messaging.
[07-23 00:54:11]: [INFO:FINE] mahdimzl logged in 127.0.0.1
[07-23 00:54:47]: [INFO] The user mahdimzl has been automatically logged in, as requested via plugin messaging.
[07-23 00:54:47]: [INFO:FINE] mahdimzl logged in 127.0.0.1
[07-23 00:55:36]: [INFO] AuthMe 5.7.0-FORK-b53 is unloaded successfully!
[07-24 00:14:39]: [INFO] SQLite Setup finished
[07-24 00:14:40]: [INFO] No supported permissions system found! Permissions are disabled!
[07-24 00:14:41]: [INFO] 
    ___         __  __    __  ___   
   /   | __  __/ /_/ /_  /  |/  /__ 
  / /| |/ / / / __/ __ \/ /|_/ / _ \
 / ___ / /_/ / /_/ / / / /  / /  __/
/_/  |_\__,_/\__/_/ /_/_/  /_/\___/ 
                                    
[07-24 00:14:41]: [INFO] AuthMeReReloaded is running on Paper
[07-24 00:14:41]: [INFO] AuthMeReReloaded is enabled successfully!
[07-24 00:14:41]: [INFO] GitHub: https://github.com/HaHaWTH/AuthMeReReloaded/
[07-24 00:14:41]: [INFO] Checking for updates...
[07-24 00:14:42]: [INFO] You are running the latest version.
[07-24 00:16:51]: [INFO:FINE] mahdimzl logged in 127.0.0.1
[07-24 01:02:13]: [INFO] AuthMe 5.7.0-FORK-b53 is unloaded successfully!
[07-24 18:57:43]: [INFO] SQLite Setup finished
[07-24 18:57:43]: [INFO] No supported permissions system found! Permissions are disabled!
[07-24 18:57:44]: [INFO] 
    ___         __  __    __  ___   
   /   | __  __/ /_/ /_  /  |/  /__ 
  / /| |/ / / / __/ __ \/ /|_/ / _ \
 / ___ / /_/ / /_/ / / / /  / /  __/
/_/  |_\__,_/\__/_/ /_/_/  /_/\___/ 
                                    
[07-24 18:57:44]: [INFO] AuthMeReReloaded is running on Paper
[07-24 18:57:44]: [INFO] AuthMeReReloaded is enabled successfully!
[07-24 18:57:44]: [INFO] GitHub: https://github.com/HaHaWTH/AuthMeReReloaded/
[07-24 18:57:44]: [INFO] Checking for updates...
[07-24 18:57:45]: [INFO] You are running the latest version.
[07-24 18:58:02]: [INFO:FINE] mahdimzl logged in 127.0.0.1
[07-24 19:03:42]: [INFO:FINE] mahdimzl logged in 127.0.0.1
[07-24 19:04:38]: [INFO] The user mahdimzl has been automatically logged in, as requested via plugin messaging.
[07-24 19:04:38]: [INFO:FINE] mahdimzl logged in 127.0.0.1
[07-24 19:44:08]: [INFO:FINE] mahdimzl logged in 127.0.0.1
[07-24 20:01:48]: [INFO] The user mahdimzl has been automatically logged in, as requested via plugin messaging.
[07-24 20:01:48]: [INFO:FINE] mahdimzl logged in 127.0.0.1
[07-24 22:53:53]: [INFO] AuthMe 5.7.0-FORK-b53 is unloaded successfully!
[08-04 12:01:36]: [INFO] SQLite Setup finished
[08-04 12:01:36]: [INFO] No supported permissions system found! Permissions are disabled!
[08-04 12:01:37]: [INFO] 
    ___         __  __    __  ___   
   /   | __  __/ /_/ /_  /  |/  /__ 
  / /| |/ / / / __/ __ \/ /|_/ / _ \
 / ___ / /_/ / /_/ / / / /  / /  __/
/_/  |_\__,_/\__/_/ /_/_/  /_/\___/ 
                                    
[08-04 12:01:37]: [INFO] AuthMeReReloaded is running on Paper
[08-04 12:01:37]: [INFO] AuthMeReReloaded is enabled successfully!
[08-04 12:01:37]: [INFO] GitHub: https://github.com/HaHaWTH/AuthMeReReloaded/
[08-04 12:01:37]: [INFO] Checking for updates...
[08-04 12:01:38]: [INFO] You are running the latest version.
[08-04 12:01:55]: [INFO] AuthMe 5.7.0-FORK-b53 is unloaded successfully!
[08-04 12:27:50]: [INFO] SQLite Setup finished
[08-04 12:27:50]: [INFO] No supported permissions system found! Permissions are disabled!
[08-04 12:27:51]: [INFO] 
    ___         __  __    __  ___   
   /   | __  __/ /_/ /_  /  |/  /__ 
  / /| |/ / / / __/ __ \/ /|_/ / _ \
 / ___ / /_/ / /_/ / / / /  / /  __/
/_/  |_\__,_/\__/_/ /_/_/  /_/\___/ 
                                    
[08-04 12:27:51]: [INFO] AuthMeReReloaded is running on Paper
[08-04 12:27:51]: [INFO] AuthMeReReloaded is enabled successfully!
[08-04 12:27:51]: [INFO] GitHub: https://github.com/HaHaWTH/AuthMeReReloaded/
[08-04 12:27:51]: [INFO] Checking for updates...
[08-04 12:27:52]: [INFO] You are running the latest version.
[08-04 12:34:21]: [INFO] AuthMe 5.7.0-FORK-b53 is unloaded successfully!
[08-04 12:37:31]: [INFO] SQLite Setup finished
[08-04 12:37:31]: [INFO] No supported permissions system found! Permissions are disabled!
[08-04 12:37:32]: [INFO] 
    ___         __  __    __  ___   
   /   | __  __/ /_/ /_  /  |/  /__ 
  / /| |/ / / / __/ __ \/ /|_/ / _ \
 / ___ / /_/ / /_/ / / / /  / /  __/
/_/  |_\__,_/\__/_/ /_/_/  /_/\___/ 
                                    
[08-04 12:37:32]: [INFO] AuthMeReReloaded is running on Paper
[08-04 12:37:32]: [INFO] AuthMeReReloaded is enabled successfully!
[08-04 12:37:32]: [INFO] GitHub: https://github.com/HaHaWTH/AuthMeReReloaded/
[08-04 12:37:32]: [INFO] Checking for updates...
[08-04 12:37:33]: [INFO] You are running the latest version.
[08-04 12:38:57]: [INFO:FINE] mahdimzl logged in 127.0.0.1
[08-04 12:40:58]: [INFO:FINE] mahdimzl logged in 127.0.0.1
[08-04 13:08:04]: [INFO:FINE] kasraILOLI registered 127.0.0.1
[08-04 13:08:04]: [INFO:FINE] kasraILOLI logged in 127.0.0.1
[08-04 13:14:05]: [INFO:FINE] kasraILOLI logged in 127.0.0.1
[08-04 13:18:38]: [INFO] AuthMe 5.7.0-FORK-b53 is unloaded successfully!
[08-05 10:21:01]: [INFO] SQLite Setup finished
[08-05 10:21:01]: [INFO] No supported permissions system found! Permissions are disabled!
[08-05 10:21:02]: [INFO] 
    ___         __  __    __  ___   
   /   | __  __/ /_/ /_  /  |/  /__ 
  / /| |/ / / / __/ __ \/ /|_/ / _ \
 / ___ / /_/ / /_/ / / / /  / /  __/
/_/  |_\__,_/\__/_/ /_/_/  /_/\___/ 
                                    
[08-05 10:21:02]: [INFO] AuthMeReReloaded is running on Paper
[08-05 10:21:02]: [INFO] AuthMeReReloaded is enabled successfully!
[08-05 10:21:02]: [INFO] GitHub: https://github.com/HaHaWTH/AuthMeReReloaded/
[08-05 10:21:02]: [INFO] Checking for updates...
[08-05 10:21:03]: [INFO] You are running the latest version.
[08-05 10:28:33]: [INFO:FINE] mahdimzl logged in 127.0.0.1
[08-06 05:54:25]: [INFO] AuthMe 5.7.0-FORK-b53 is unloaded successfully!
